[github.com/flipped-aurora/gin-vue-admin/server]2026-05-07 06:55:58.334	[34minfo[0m	/mnt/d/game/hlddz/ddz/admin/server/service/ddz/game_log.go:411	使用驼峰命名字段	{"matchTimeRanges": "[{\"end\":\"23:59\",\"start\":\"00:00\"}]"}
[github.com/flipped-aurora/gin-vue-admin/server]2026-05-07 06:55:58.348	[34minfo[0m	/mnt/d/game/hlddz/ddz/admin/server/service/ddz/game_log.go:422	设置match_time_ranges	{"value": "[{\"end\":\"23:59\",\"start\":\"00:00\"}]"}
[github.com/flipped-aurora/gin-vue-admin/server]2026-05-07 06:55:58.412	[34minfo[0m	/mnt/d/game/hlddz/ddz/admin/server/service/ddz/game_log.go:488	从数据库读取到房间配置	{"count": 4}
[github.com/flipped-aurora/gin-vue-admin/server]2026-05-07 06:55:58.414	[34minfo[0m	/mnt/d/game/hlddz/ddz/admin/server/service/ddz/game_log.go:524	房间配置详情	{"ID": 1, "room_name": "新手场", "room_category": 2, "matchTimeRanges": "[{\"end\": \"23:59\", \"start\": \"00:00\"}]", "matchDuration": 5}
[github.com/flipped-aurora/gin-vue-admin/server]2026-05-07 06:55:58.417	[34minfo[0m	/mnt/d/game/hlddz/ddz/admin/server/service/ddz/game_log.go:524	房间配置详情	{"ID": 2, "room_name": "普通场", "room_category": 2, "matchTimeRanges": "[{\"end\": \"23:59\", \"start\": \"17:00\"}]", "matchDuration": 10}
[github.com/flipped-aurora/gin-vue-admin/server]2026-05-07 06:55:58.419	[34minfo[0m	/mnt/d/game/hlddz/ddz/admin/server/service/ddz/game_log.go:524	房间配置详情	{"ID": 3, "room_name": "高级场", "room_category": 2, "matchTimeRanges": "[{\"end\": \"21:00\", \"start\": \"17:00\"}]", "matchDuration": 30}
[github.com/flipped-aurora/gin-vue-admin/server]2026-05-07 06:55:58.422	[34minfo[0m	/mnt/d/game/hlddz/ddz/admin/server/service/ddz/game_log.go:524	房间配置详情	{"ID": 4, "room_name": "富豪场", "room_category": 1, "matchTimeRanges": "", "matchDuration": 5}
[github.com/flipped-aurora/gin-vue-admin/server]2026-05-07 06:55:58.425	[34minfo[0m	/mnt/d/game/hlddz/ddz/admin/server/service/ddz/game_log.go:568	准备写入Redis的数据	{"data": "[{\"id\":1,\"room_name\":\"新手场\",\"room_type\":2,\"room_category\":2,\"base_score\":1,\"multiplier\":1,\"min_gold\":1000,\"max_gold\":50000,\"min_arena_coin\":100,\"max_arena_coin\":0,\"entry_gold\":1000,\"bg_image_num\":2,\"description\":\"适合新手玩家,底分1,最低1000金币入场\",\"status\":1,\"sort_order\":1,\"matchTimeRanges\":\"[{\\\"end\\\": \\\"23:59\\\", \\\"start\\\": \\\"00:00\\\"}]\",\"matchDuration\":5,\"matchRoundCount\":3,\"maxPlayers\":90,\"minPlayers\":30,\"championRewardId\":0},{\"id\":2,\"room_name\":\"普通场\",\"room_type\":3,\"r..."}
[github.com/flipped-aurora/gin-vue-admin/server]2026-05-07 06:55:58.442	[34minfo[0m	/mnt/d/game/hlddz/ddz/admin/server/service/ddz/game_log.go:584	验证Redis写入成功	{"cached_data": "[{\"id\":1,\"room_name\":\"新手场\",\"room_type\":2,\"room_category\":2,\"base_score\":1,\"multiplier\":1,\"min_gold\":1000,\"max_gold\":50000,\"min_arena_coin\":100,\"max_arena_coin\":0,\"entry_gold\":1000,\"bg_image_num\":2,\"description\":\"适合新手玩家,底分1,最低1000金币入场\",\"status\":1,\"sort_order\":1,\"matchTimeRanges\":\"[{\\\"end\\\": \\\"23:59\\\", \\\"start\\\": \\\"00:00\\\"}]\",\"matchDuration\":5,\"matchRoundCount\":3,\"maxPlayers\":90,\"minPlayers\":30,\"championRewardId\":0},{\"id\":2,\"room_name\":\"普通场\",\"room_type\":3,\"r..."}
[github.com/flipped-aurora/gin-vue-admin/server]2026-05-07 06:55:58.445	[34minfo[0m	/mnt/d/game/hlddz/ddz/admin/server/service/ddz/game_log.go:587	房间配置已同步到Redis	{"count": 4}
[github.com/flipped-aurora/gin-vue-admin/server]2026-05-07 06:55:58.448	[34minfo[0m	/mnt/d/game/hlddz/ddz/admin/server/service/ddz/game_log.go:469	更新房间配置后成功同步到Redis	{"configID": 1}
[github.com/flipped-aurora/gin-vue-admin/server]2026-05-07 08:23:32.191	[34minfo[0m	/mnt/d/game/hlddz/ddz/admin/server/core/server_run.go:48	关闭WEB服务...
[github.com/flipped-aurora/gin-vue-admin/server]2026-05-07 08:23:32.209	[34minfo[0m	/mnt/d/game/hlddz/ddz/admin/server/core/server_run.go:59	WEB服务已关闭
[github.com/flipped-aurora/gin-vue-admin/server]2026-05-07 08:23:42.591	[34minfo[0m	/mnt/d/game/hlddz/ddz/admin/server/initialize/gorm.go:87	register table success
[github.com/flipped-aurora/gin-vue-admin/server]2026-05-07 08:23:42.601	[34minfo[0m	/mnt/d/game/hlddz/ddz/admin/server/initialize/redis.go:35	redis connect ping response:	{"name": "", "pong": "PONG"}
[github.com/flipped-aurora/gin-vue-admin/server]2026-05-07 08:23:42.608	[34minfo[0m	/mnt/d/game/hlddz/ddz/admin/server/initialize/router.go:62	register swagger handler
[github.com/flipped-aurora/gin-vue-admin/server]2026-05-07 08:23:42.637	[34minfo[0m	/mnt/d/game/hlddz/ddz/admin/server/initialize/router.go:116	router register success
[github.com/flipped-aurora/gin-vue-admin/server]2026-05-07 08:26:33.075	[34minfo[0m	/mnt/d/game/hlddz/ddz/admin/server/service/ddz/config.go:407	广告配置已同步到Redis	{"key": "ddz:ad_config"}
[github.com/flipped-aurora/gin-vue-admin/server]2026-05-07 08:26:35.453	[34minfo[0m	/mnt/d/game/hlddz/ddz/admin/server/initialize/reload.go:10	正在重新加载系统配置...
[github.com/flipped-aurora/gin-vue-admin/server]2026-05-07 08:26:36.238	[34minfo[0m	/mnt/d/game/hlddz/ddz/admin/server/initialize/gorm.go:87	register table success
[github.com/flipped-aurora/gin-vue-admin/server]2026-05-07 08:26:36.240	[34minfo[0m	/mnt/d/game/hlddz/ddz/admin/server/initialize/reload.go:43	系统配置重新加载完成
[github.com/flipped-aurora/gin-vue-admin/server]2026-05-07 08:41:05.287	[34minfo[0m	/mnt/d/game/hlddz/ddz/admin/server/core/server_run.go:48	关闭WEB服务...
[github.com/flipped-aurora/gin-vue-admin/server]2026-05-07 08:41:05.291	[34minfo[0m	/mnt/d/game/hlddz/ddz/admin/server/core/server_run.go:59	WEB服务已关闭
[github.com/flipped-aurora/gin-vue-admin/server]2026-05-07 08:41:13.620	[34minfo[0m	/mnt/d/game/hlddz/ddz/admin/server/initialize/gorm.go:87	register table success
[github.com/flipped-aurora/gin-vue-admin/server]2026-05-07 08:41:13.625	[34minfo[0m	/mnt/d/game/hlddz/ddz/admin/server/initialize/redis.go:35	redis connect ping response:	{"name": "", "pong": "PONG"}
[github.com/flipped-aurora/gin-vue-admin/server]2026-05-07 08:41:13.629	[34minfo[0m	/mnt/d/game/hlddz/ddz/admin/server/initialize/router.go:62	register swagger handler
[github.com/flipped-aurora/gin-vue-admin/server]2026-05-07 08:41:13.654	[34minfo[0m	/mnt/d/game/hlddz/ddz/admin/server/initialize/router.go:116	router register success
[github.com/flipped-aurora/gin-vue-admin/server]2026-05-07 08:43:44.546	[34minfo[0m	/mnt/d/game/hlddz/ddz/admin/server/core/server_run.go:48	关闭WEB服务...
[github.com/flipped-aurora/gin-vue-admin/server]2026-05-07 08:43:44.549	[34minfo[0m	/mnt/d/game/hlddz/ddz/admin/server/core/server_run.go:59	WEB服务已关闭
[github.com/flipped-aurora/gin-vue-admin/server]2026-05-07 08:43:47.135	[34minfo[0m	/mnt/d/game/hlddz/ddz/admin/server/initialize/gorm.go:87	register table success
[github.com/flipped-aurora/gin-vue-admin/server]2026-05-07 08:43:47.141	[34minfo[0m	/mnt/d/game/hlddz/ddz/admin/server/initialize/redis.go:35	redis connect ping response:	{"name": "", "pong": "PONG"}
[github.com/flipped-aurora/gin-vue-admin/server]2026-05-07 08:43:47.145	[34minfo[0m	/mnt/d/game/hlddz/ddz/admin/server/initialize/router.go:62	register swagger handler
[github.com/flipped-aurora/gin-vue-admin/server]2026-05-07 08:43:47.168	[34minfo[0m	/mnt/d/game/hlddz/ddz/admin/server/initialize/router.go:116	router register success
[github.com/flipped-aurora/gin-vue-admin/server]2026-05-07 08:54:59.246	[34minfo[0m	/mnt/d/game/hlddz/ddz/admin/server/core/server_run.go:48	关闭WEB服务...
[github.com/flipped-aurora/gin-vue-admin/server]2026-05-07 08:54:59.250	[34minfo[0m	/mnt/d/game/hlddz/ddz/admin/server/core/server_run.go:59	WEB服务已关闭
[github.com/flipped-aurora/gin-vue-admin/server]2026-05-07 08:55:09.457	[34minfo[0m	/mnt/d/game/hlddz/ddz/admin/server/initialize/gorm.go:87	register table success
[github.com/flipped-aurora/gin-vue-admin/server]2026-05-07 08:55:09.469	[34minfo[0m	/mnt/d/game/hlddz/ddz/admin/server/initialize/redis.go:35	redis connect ping response:	{"name": "", "pong": "PONG"}
[github.com/flipped-aurora/gin-vue-admin/server]2026-05-07 08:55:09.474	[34minfo[0m	/mnt/d/game/hlddz/ddz/admin/server/initialize/router.go:62	register swagger handler
[github.com/flipped-aurora/gin-vue-admin/server]2026-05-07 08:55:09.503	[34minfo[0m	/mnt/d/game/hlddz/ddz/admin/server/initialize/router.go:116	router register success
[github.com/flipped-aurora/gin-vue-admin/server]2026-05-07 09:24:23.798	[34minfo[0m	/mnt/d/game/hlddz/ddz/admin/server/service/ddz/player.go:862	头像文件列表	{"数量": 37}
[github.com/flipped-aurora/gin-vue-admin/server]2026-05-07 09:24:23.827	[34minfo[0m	/mnt/d/game/hlddz/ddz/admin/server/service/ddz/player.go:969	机器人创建成功	{"playerID": 9, "username": "robot_1778117063805_6545", "nickname": "活泼松鼠", "avatar": "/uploads/file/avatar/avatar_28.jpg", "token": "WdpuL6OjkfSrC501"}
[github.com/flipped-aurora/gin-vue-admin/server]2026-05-07 09:24:23.837	[34minfo[0m	/mnt/d/game/hlddz/ddz/admin/server/service/ddz/player.go:969	机器人创建成功	{"playerID": 10, "username": "robot_1778117063831_7654", "nickname": "优雅天鹅", "avatar": "/uploads/file/avatar/avatar_13.jpeg", "token": "ifxCUyRuTRIce9nv"}
[github.com/flipped-aurora/gin-vue-admin/server]2026-05-07 09:24:23.849	[34minfo[0m	/mnt/d/game/hlddz/ddz/admin/server/service/ddz/player.go:969	机器人创建成功	{"playerID": 11, "username": "robot_1778117063843_2733", "nickname": "天选之人", "avatar": "/uploads/file/avatar/avatar_26.jpeg", "token": "eD0xIsWlOHhTa6b9"}
[github.com/flipped-aurora/gin-vue-admin/server]2026-05-07 09:24:23.862	[34minfo[0m	/mnt/d/game/hlddz/ddz/admin/server/service/ddz/player.go:969	机器人创建成功	{"playerID": 12, "username": "robot_1778117063853_9778", "nickname": "快乐小兔", "avatar": "/uploads/file/avatar/avatar_28.jpg", "token": "JrbcoeQinkDOn6CX"}
[github.com/flipped-aurora/gin-vue-admin/server]2026-05-07 09:24:23.879	[34minfo[0m	/mnt/d/game/hlddz/ddz/admin/server/service/ddz/player.go:969	机器人创建成功	{"playerID": 13, "username": "robot_1778117063866_8617", "nickname": "岁月无忧", "avatar": "/uploads/file/avatar/avatar_13.jpeg", "token": "IaCR9crUMm9fWkLJ"}
[github.com/flipped-aurora/gin-vue-admin/server]2026-05-07 09:24:23.895	[34minfo[0m	/mnt/d/game/hlddz/ddz/admin/server/service/ddz/player.go:969	机器人创建成功	{"playerID": 14, "username": "robot_1778117063885_3842", "nickname": "文人墨客", "avatar": "/uploads/file/avatar/avatar_2.png", "token": "4NEcwIpPBYQdjjPN"}
[github.com/flipped-aurora/gin-vue-admin/server]2026-05-07 09:24:23.911	[34minfo[0m	/mnt/d/game/hlddz/ddz/admin/server/service/ddz/player.go:969	机器人创建成功	{"playerID": 15, "username": "robot_1778117063901_50", "nickname": "新手村民", "avatar": "/uploads/file/avatar/avatar_4.jpeg", "token": "ctcsyxxHZ3eVwE3w"}
[github.com/flipped-aurora/gin-vue-admin/server]2026-05-07 09:24:23.928	[34minfo[0m	/mnt/d/game/hlddz/ddz/admin/server/service/ddz/player.go:969	机器人创建成功	{"playerID": 16, "username": "robot_1778117063917_4663", "nickname": "诗词歌赋", "avatar": "/uploads/file/avatar/avatar_25.jpeg", "token": "w6owm4zfS8xXhlG2"}
[github.com/flipped-aurora/gin-vue-admin/server]2026-05-07 09:24:23.945	[34minfo[0m	/mnt/d/game/hlddz/ddz/admin/server/service/ddz/player.go:969	机器人创建成功	{"playerID": 17, "username": "robot_1778117063934_8418", "nickname": "清风明月", "avatar": "/uploads/file/avatar/avatar_3.jpeg", "token": "pb6osqPQA51kKZf9"}
[github.com/flipped-aurora/gin-vue-admin/server]2026-05-07 09:24:23.963	[34minfo[0m	/mnt/d/game/hlddz/ddz/admin/server/service/ddz/player.go:969	机器人创建成功	{"playerID": 18, "username": "robot_1778117063951_8297", "nickname": "奶茶爱好者", "avatar": "/uploads/file/avatar/avatar_14.jpg", "token": "mjPaEK6DGSbzRQXl"}
[github.com/flipped-aurora/gin-vue-admin/server]2026-05-07 09:24:23.969	[34minfo[0m	/mnt/d/game/hlddz/ddz/admin/server/api/v1/ddz/player.go:473	机器人批量生成完成	{"successCount": 10, "failedCount": 0}
[github.com/flipped-aurora/gin-vue-admin/server]2026-05-07 13:36:38.828	[34minfo[0m	/mnt/d/game/hlddz/ddz/admin/server/core/server_run.go:48	关闭WEB服务...
[github.com/flipped-aurora/gin-vue-admin/server]2026-05-07 13:36:38.847	[34minfo[0m	/mnt/d/game/hlddz/ddz/admin/server/core/server_run.go:59	WEB服务已关闭
[github.com/flipped-aurora/gin-vue-admin/server]2026-05-07 13:56:06.297	[34minfo[0m	/mnt/d/game/hlddz/ddz/admin/server/initialize/gorm.go:87	register table success
[github.com/flipped-aurora/gin-vue-admin/server]2026-05-07 13:56:06.304	[34minfo[0m	/mnt/d/game/hlddz/ddz/admin/server/initialize/redis.go:35	redis connect ping response:	{"name": "", "pong": "PONG"}
[github.com/flipped-aurora/gin-vue-admin/server]2026-05-07 13:56:06.308	[34minfo[0m	/mnt/d/game/hlddz/ddz/admin/server/initialize/router.go:62	register swagger handler
[github.com/flipped-aurora/gin-vue-admin/server]2026-05-07 13:56:06.338	[34minfo[0m	/mnt/d/game/hlddz/ddz/admin/server/initialize/router.go:116	router register success
[github.com/flipped-aurora/gin-vue-admin/server]2026-05-07 17:17:11.912	[34minfo[0m	/mnt/d/game/hlddz/ddz/admin/server/core/server_run.go:48	关闭WEB服务...
[github.com/flipped-aurora/gin-vue-admin/server]2026-05-07 17:17:11.918	[34minfo[0m	/mnt/d/game/hlddz/ddz/admin/server/core/server_run.go:59	WEB服务已关闭
[github.com/flipped-aurora/gin-vue-admin/server]2026-05-07 17:47:22.549	[34minfo[0m	/mnt/d/game/hlddz/ddz/admin/server/initialize/gorm.go:87	register table success
[github.com/flipped-aurora/gin-vue-admin/server]2026-05-07 17:47:22.553	[34minfo[0m	/mnt/d/game/hlddz/ddz/admin/server/initialize/redis.go:35	redis connect ping response:	{"name": "", "pong": "PONG"}
[github.com/flipped-aurora/gin-vue-admin/server]2026-05-07 17:47:22.559	[34minfo[0m	/mnt/d/game/hlddz/ddz/admin/server/initialize/router.go:62	register swagger handler
[github.com/flipped-aurora/gin-vue-admin/server]2026-05-07 17:47:22.586	[34minfo[0m	/mnt/d/game/hlddz/ddz/admin/server/initialize/router.go:116	router register success
