[github.com/flipped-aurora/gin-vue-admin/server]2026-05-08 14:55:41.868	[31merror[0m	/mnt/d/game/hlddz/ddz/admin/server/service/ddz/player.go:961	创建机器人失败	{"error": "Error 1062 (23000): Duplicate entry '诗词歌赋' for key 'ddz_players.idx_ddz_players_nickname'", "robotID": "robot_1778223341857_8633"}
github.com/flipped-aurora/gin-vue-admin/server/service/ddz.(*DDZPlayerService).GenerateRobots
	/mnt/d/game/hlddz/ddz/admin/server/service/ddz/player.go:961
github.com/flipped-aurora/gin-vue-admin/server/api/v1/ddz.(*DDZPlayerApi).GenerateRobots
	/mnt/d/game/hlddz/ddz/admin/server/api/v1/ddz/player.go:466
github.com/gin-gonic/gin.(*Context).Next
	/home/adminis/go/pkg/mod/github.com/gin-gonic/gin@v1.10.0/context.go:185
github.com/flipped-aurora/gin-vue-admin/server/router/ddz.(*DDZPlayerRouter).InitDDZPlayerRouter.OperationRecord.func1
	/mnt/d/game/hlddz/ddz/admin/server/middleware/operation.go:93
github.com/gin-gonic/gin.(*Context).Next
	/home/adminis/go/pkg/mod/github.com/gin-gonic/gin@v1.10.0/context.go:185
github.com/flipped-aurora/gin-vue-admin/server/initialize.Routers.CasbinHandler.func4
	/mnt/d/game/hlddz/ddz/admin/server/middleware/casbin_rbac.go:82
github.com/gin-gonic/gin.(*Context).Next
	/home/adminis/go/pkg/mod/github.com/gin-gonic/gin@v1.10.0/context.go:185
github.com/flipped-aurora/gin-vue-admin/server/initialize.Routers.JWTAuth.func3
	/mnt/d/game/hlddz/ddz/admin/server/middleware/jwt.go:69
github.com/gin-gonic/gin.(*Context).Next
	/home/adminis/go/pkg/mod/github.com/gin-gonic/gin@v1.10.0/context.go:185
github.com/gin-gonic/gin.LoggerWithConfig.func1
	/home/adminis/go/pkg/mod/github.com/gin-gonic/gin@v1.10.0/logger.go:249
github.com/gin-gonic/gin.(*Context).Next
	/home/adminis/go/pkg/mod/github.com/gin-gonic/gin@v1.10.0/context.go:185
github.com/flipped-aurora/gin-vue-admin/server/initialize.Routers.GinRecovery.func2
	/mnt/d/game/hlddz/ddz/admin/server/middleware/error.go:78
github.com/gin-gonic/gin.(*Context).Next
	/home/adminis/go/pkg/mod/github.com/gin-gonic/gin@v1.10.0/context.go:185
github.com/gin-gonic/gin.(*Engine).handleHTTPRequest
	/home/adminis/go/pkg/mod/github.com/gin-gonic/gin@v1.10.0/gin.go:633
github.com/gin-gonic/gin.(*Engine).ServeHTTP
	/home/adminis/go/pkg/mod/github.com/gin-gonic/gin@v1.10.0/gin.go:589
net/http.serverHandler.ServeHTTP
	/home/adminis/go/pkg/mod/golang.org/toolchain@v0.0.1-go1.24.2.linux-amd64/src/net/http/server.go:3301
net/http.(*conn).serve
	/home/adminis/go/pkg/mod/golang.org/toolchain@v0.0.1-go1.24.2.linux-amd64/src/net/http/server.go:2102
[github.com/flipped-aurora/gin-vue-admin/server]2026-05-08 20:11:57.536	[31merror[0m	/mnt/d/game/hlddz/ddz/admin/server/api/v1/ddz/game_log.go:171	获取发牌日志列表失败!	{"error": "Error 1054 (42S22): Unknown column 'ddz_deal_logs_202605.deleted_at' in 'where clause'"}
github.com/flipped-aurora/gin-vue-admin/server/api/v1/ddz.(*DDZGameLogApi).GetDealLogList
	/mnt/d/game/hlddz/ddz/admin/server/api/v1/ddz/game_log.go:171
github.com/gin-gonic/gin.(*Context).Next
	/home/adminis/go/pkg/mod/github.com/gin-gonic/gin@v1.10.0/context.go:185
github.com/flipped-aurora/gin-vue-admin/server/initialize.Routers.CasbinHandler.func4
	/mnt/d/game/hlddz/ddz/admin/server/middleware/casbin_rbac.go:82
github.com/gin-gonic/gin.(*Context).Next
	/home/adminis/go/pkg/mod/github.com/gin-gonic/gin@v1.10.0/context.go:185
github.com/flipped-aurora/gin-vue-admin/server/initialize.Routers.JWTAuth.func3
	/mnt/d/game/hlddz/ddz/admin/server/middleware/jwt.go:69
github.com/gin-gonic/gin.(*Context).Next
	/home/adminis/go/pkg/mod/github.com/gin-gonic/gin@v1.10.0/context.go:185
github.com/gin-gonic/gin.LoggerWithConfig.func1
	/home/adminis/go/pkg/mod/github.com/gin-gonic/gin@v1.10.0/logger.go:249
github.com/gin-gonic/gin.(*Context).Next
	/home/adminis/go/pkg/mod/github.com/gin-gonic/gin@v1.10.0/context.go:185
github.com/flipped-aurora/gin-vue-admin/server/initialize.Routers.GinRecovery.func2
	/mnt/d/game/hlddz/ddz/admin/server/middleware/error.go:78
github.com/gin-gonic/gin.(*Context).Next
	/home/adminis/go/pkg/mod/github.com/gin-gonic/gin@v1.10.0/context.go:185
github.com/gin-gonic/gin.(*Engine).handleHTTPRequest
	/home/adminis/go/pkg/mod/github.com/gin-gonic/gin@v1.10.0/gin.go:633
github.com/gin-gonic/gin.(*Engine).ServeHTTP
	/home/adminis/go/pkg/mod/github.com/gin-gonic/gin@v1.10.0/gin.go:589
net/http.serverHandler.ServeHTTP
	/home/adminis/go/pkg/mod/golang.org/toolchain@v0.0.1-go1.24.2.linux-amd64/src/net/http/server.go:3301
net/http.(*conn).serve
	/home/adminis/go/pkg/mod/golang.org/toolchain@v0.0.1-go1.24.2.linux-amd64/src/net/http/server.go:2102
[github.com/flipped-aurora/gin-vue-admin/server]2026-05-08 20:12:04.974	[31merror[0m	/mnt/d/game/hlddz/ddz/admin/server/api/v1/ddz/game_log.go:171	获取发牌日志列表失败!	{"error": "Error 1054 (42S22): Unknown column 'ddz_deal_logs_202605.deleted_at' in 'where clause'"}
github.com/flipped-aurora/gin-vue-admin/server/api/v1/ddz.(*DDZGameLogApi).GetDealLogList
	/mnt/d/game/hlddz/ddz/admin/server/api/v1/ddz/game_log.go:171
github.com/gin-gonic/gin.(*Context).Next
	/home/adminis/go/pkg/mod/github.com/gin-gonic/gin@v1.10.0/context.go:185
github.com/flipped-aurora/gin-vue-admin/server/initialize.Routers.CasbinHandler.func4
	/mnt/d/game/hlddz/ddz/admin/server/middleware/casbin_rbac.go:82
github.com/gin-gonic/gin.(*Context).Next
	/home/adminis/go/pkg/mod/github.com/gin-gonic/gin@v1.10.0/context.go:185
github.com/flipped-aurora/gin-vue-admin/server/initialize.Routers.JWTAuth.func3
	/mnt/d/game/hlddz/ddz/admin/server/middleware/jwt.go:69
github.com/gin-gonic/gin.(*Context).Next
	/home/adminis/go/pkg/mod/github.com/gin-gonic/gin@v1.10.0/context.go:185
github.com/gin-gonic/gin.LoggerWithConfig.func1
	/home/adminis/go/pkg/mod/github.com/gin-gonic/gin@v1.10.0/logger.go:249
github.com/gin-gonic/gin.(*Context).Next
	/home/adminis/go/pkg/mod/github.com/gin-gonic/gin@v1.10.0/context.go:185
github.com/flipped-aurora/gin-vue-admin/server/initialize.Routers.GinRecovery.func2
	/mnt/d/game/hlddz/ddz/admin/server/middleware/error.go:78
github.com/gin-gonic/gin.(*Context).Next
	/home/adminis/go/pkg/mod/github.com/gin-gonic/gin@v1.10.0/context.go:185
github.com/gin-gonic/gin.(*Engine).handleHTTPRequest
	/home/adminis/go/pkg/mod/github.com/gin-gonic/gin@v1.10.0/gin.go:633
github.com/gin-gonic/gin.(*Engine).ServeHTTP
	/home/adminis/go/pkg/mod/github.com/gin-gonic/gin@v1.10.0/gin.go:589
net/http.serverHandler.ServeHTTP
	/home/adminis/go/pkg/mod/golang.org/toolchain@v0.0.1-go1.24.2.linux-amd64/src/net/http/server.go:3301
net/http.(*conn).serve
	/home/adminis/go/pkg/mod/golang.org/toolchain@v0.0.1-go1.24.2.linux-amd64/src/net/http/server.go:2102
