[github.com/flipped-aurora/gin-vue-admin/server]2026-05-08 10:21:20.073	[34minfo[0m	/mnt/d/game/hlddz/ddz/admin/server/service/ddz/player.go:558	竞技币更新成功	{"playerID": 4, "changeAmount": 10000, "newBalance": 10000, "remark": "增加竞技币"}
[github.com/flipped-aurora/gin-vue-admin/server]2026-05-08 14:55:41.628	[34minfo[0m	/mnt/d/game/hlddz/ddz/admin/server/service/ddz/player.go:862	头像文件列表	{"数量": 37}
[github.com/flipped-aurora/gin-vue-admin/server]2026-05-08 14:55:41.653	[34minfo[0m	/mnt/d/game/hlddz/ddz/admin/server/service/ddz/player.go:969	机器人创建成功	{"playerID": 19, "username": "robot_1778223341635_5587", "nickname": "山水诗意", "avatar": "/uploads/file/avatar/avatar_28.jpg", "token": "MPV6cpAaJeqgIX24"}
[github.com/flipped-aurora/gin-vue-admin/server]2026-05-08 14:55:41.665	[34minfo[0m	/mnt/d/game/hlddz/ddz/admin/server/service/ddz/player.go:969	机器人创建成功	{"playerID": 20, "username": "robot_1778223341658_9110", "nickname": "牌技精湛", "avatar": "/uploads/file/avatar/avatar_1.webp", "token": "wOTPaHPDk3wCCXC7"}
[github.com/flipped-aurora/gin-vue-admin/server]2026-05-08 14:55:41.676	[34minfo[0m	/mnt/d/game/hlddz/ddz/admin/server/service/ddz/player.go:969	机器人创建成功	{"playerID": 21, "username": "robot_1778223341670_1498", "nickname": "浅笑安然", "avatar": "/uploads/file/avatar/avatar_8.png", "token": "7raw8LTPfebkq7P2"}
[github.com/flipped-aurora/gin-vue-admin/server]2026-05-08 14:55:41.692	[34minfo[0m	/mnt/d/game/hlddz/ddz/admin/server/service/ddz/player.go:969	机器人创建成功	{"playerID": 22, "username": "robot_1778223341680_2077", "nickname": "阳光灿烂", "avatar": "/uploads/file/avatar/avatar_19.jpeg", "token": "heYnE2dm4lvANAeG"}
[github.com/flipped-aurora/gin-vue-admin/server]2026-05-08 14:55:41.705	[34minfo[0m	/mnt/d/game/hlddz/ddz/admin/server/service/ddz/player.go:969	机器人创建成功	{"playerID": 23, "username": "robot_1778223341696_9071", "nickname": "活力满满", "avatar": "/uploads/file/avatar/avatar_22.png", "token": "J96dmxGJOVMnj76e"}
[github.com/flipped-aurora/gin-vue-admin/server]2026-05-08 14:55:41.715	[34minfo[0m	/mnt/d/game/hlddz/ddz/admin/server/service/ddz/player.go:969	机器人创建成功	{"playerID": 24, "username": "robot_1778223341709_7927", "nickname": "躺赢专家", "avatar": "/uploads/file/avatar/avatar_20.jpg", "token": "GKIBWQCvicZm5bP9"}
[github.com/flipped-aurora/gin-vue-admin/server]2026-05-08 14:55:41.727	[34minfo[0m	/mnt/d/game/hlddz/ddz/admin/server/service/ddz/player.go:969	机器人创建成功	{"playerID": 25, "username": "robot_1778223341721_7888", "nickname": "认真生活", "avatar": "/uploads/file/avatar/avatar_7.jpeg", "token": "OnNrBKKffB1mDP9w"}
[github.com/flipped-aurora/gin-vue-admin/server]2026-05-08 14:55:41.738	[34minfo[0m	/mnt/d/game/hlddz/ddz/admin/server/service/ddz/player.go:969	机器人创建成功	{"playerID": 26, "username": "robot_1778223341731_3761", "nickname": "独孤求败", "avatar": "/uploads/file/avatar/avatar_1.webp", "token": "jOzCmkyriSYN1XPz"}
[github.com/flipped-aurora/gin-vue-admin/server]2026-05-08 14:55:41.751	[34minfo[0m	/mnt/d/game/hlddz/ddz/admin/server/service/ddz/player.go:969	机器人创建成功	{"playerID": 27, "username": "robot_1778223341743_272", "nickname": "运气爆棚", "avatar": "/uploads/file/avatar/avatar_4.png", "token": "v0K46hvjHrjYlJM3"}
[github.com/flipped-aurora/gin-vue-admin/server]2026-05-08 14:55:41.762	[34minfo[0m	/mnt/d/game/hlddz/ddz/admin/server/service/ddz/player.go:969	机器人创建成功	{"playerID": 28, "username": "robot_1778223341757_940", "nickname": "王者段位", "avatar": "/uploads/file/avatar/avatar_27.jpg", "token": "qPrBRUfMkyMGCmjb"}
[github.com/flipped-aurora/gin-vue-admin/server]2026-05-08 14:55:41.774	[34minfo[0m	/mnt/d/game/hlddz/ddz/admin/server/service/ddz/player.go:969	机器人创建成功	{"playerID": 29, "username": "robot_1778223341766_2071", "nickname": "青春无敌", "avatar": "/uploads/file/avatar/avatar_14.jpg", "token": "9oHChd1EmoNoGNir"}
[github.com/flipped-aurora/gin-vue-admin/server]2026-05-08 14:55:41.783	[34minfo[0m	/mnt/d/game/hlddz/ddz/admin/server/service/ddz/player.go:969	机器人创建成功	{"playerID": 30, "username": "robot_1778223341778_4422", "nickname": "碧海蓝天", "avatar": "/uploads/file/avatar/avatar_19.jpeg", "token": "1bZDczS1zZFc4ktg"}
[github.com/flipped-aurora/gin-vue-admin/server]2026-05-08 14:55:41.794	[34minfo[0m	/mnt/d/game/hlddz/ddz/admin/server/service/ddz/player.go:969	机器人创建成功	{"playerID": 31, "username": "robot_1778223341788_7510", "nickname": "心安是归", "avatar": "/uploads/file/avatar/avatar_3.jpeg", "token": "bbOqfpBZPXH0kdQS"}
[github.com/flipped-aurora/gin-vue-admin/server]2026-05-08 14:55:41.804	[34minfo[0m	/mnt/d/game/hlddz/ddz/admin/server/service/ddz/player.go:969	机器人创建成功	{"playerID": 32, "username": "robot_1778223341799_7436", "nickname": "心向阳光", "avatar": "/uploads/file/avatar/avatar_10.jpeg", "token": "kovo0rs6wYnMqi5p"}
[github.com/flipped-aurora/gin-vue-admin/server]2026-05-08 14:55:41.815	[34minfo[0m	/mnt/d/game/hlddz/ddz/admin/server/service/ddz/player.go:969	机器人创建成功	{"playerID": 33, "username": "robot_1778223341809_880", "nickname": "美味蛋糕", "avatar": "/uploads/file/avatar/avatar_31.jpeg", "token": "wcHaxxdVO9oNPXL2"}
[github.com/flipped-aurora/gin-vue-admin/server]2026-05-08 14:55:41.825	[34minfo[0m	/mnt/d/game/hlddz/ddz/admin/server/service/ddz/player.go:969	机器人创建成功	{"playerID": 34, "username": "robot_1778223341819_9815", "nickname": "自在逍遥", "avatar": "/uploads/file/avatar/avatar_31.jpeg", "token": "aK3w8gUXvIXoVfHr"}
[github.com/flipped-aurora/gin-vue-admin/server]2026-05-08 14:55:41.836	[34minfo[0m	/mnt/d/game/hlddz/ddz/admin/server/service/ddz/player.go:969	机器人创建成功	{"playerID": 35, "username": "robot_1778223341830_9244", "nickname": "氪金大佬", "avatar": "/uploads/file/avatar/avatar_17.jpeg", "token": "yMRfX6wEbpsIfS33"}
[github.com/flipped-aurora/gin-vue-admin/server]2026-05-08 14:55:41.853	[34minfo[0m	/mnt/d/game/hlddz/ddz/admin/server/service/ddz/player.go:969	机器人创建成功	{"playerID": 36, "username": "robot_1778223341840_1580", "nickname": "静静守候", "avatar": "/uploads/file/avatar/avatar_4.png", "token": "wGmyls8ncoyKFIuj"}
[github.com/flipped-aurora/gin-vue-admin/server]2026-05-08 14:55:41.923	[34minfo[0m	/mnt/d/game/hlddz/ddz/admin/server/service/ddz/player.go:969	机器人创建成功	{"playerID": 38, "username": "robot_1778223341918_6438", "nickname": "活泼小狗", "avatar": "/uploads/file/avatar/avatar_31.jpeg", "token": "mgvTElzGajTU4T7E"}
[github.com/flipped-aurora/gin-vue-admin/server]2026-05-08 14:55:41.927	[34minfo[0m	/mnt/d/game/hlddz/ddz/admin/server/api/v1/ddz/player.go:473	机器人批量生成完成	{"successCount": 19, "failedCount": 1}
[github.com/flipped-aurora/gin-vue-admin/server]2026-05-08 20:08:54.038	[34minfo[0m	/mnt/d/game/hlddz/ddz/admin/server/core/server_run.go:48	关闭WEB服务...
[github.com/flipped-aurora/gin-vue-admin/server]2026-05-08 20:08:54.054	[34minfo[0m	/mnt/d/game/hlddz/ddz/admin/server/core/server_run.go:59	WEB服务已关闭
[github.com/flipped-aurora/gin-vue-admin/server]2026-05-08 20:11:46.260	[34minfo[0m	/mnt/d/game/hlddz/ddz/admin/server/initialize/gorm.go:87	register table success
[github.com/flipped-aurora/gin-vue-admin/server]2026-05-08 20:11:46.264	[34minfo[0m	/mnt/d/game/hlddz/ddz/admin/server/initialize/redis.go:35	redis connect ping response:	{"name": "", "pong": "PONG"}
[github.com/flipped-aurora/gin-vue-admin/server]2026-05-08 20:11:46.269	[34minfo[0m	/mnt/d/game/hlddz/ddz/admin/server/initialize/router.go:62	register swagger handler
[github.com/flipped-aurora/gin-vue-admin/server]2026-05-08 20:11:46.291	[34minfo[0m	/mnt/d/game/hlddz/ddz/admin/server/initialize/router.go:116	router register success
[github.com/flipped-aurora/gin-vue-admin/server]2026-05-08 20:18:27.152	[34minfo[0m	/mnt/d/game/hlddz/ddz/admin/server/core/server_run.go:48	关闭WEB服务...
[github.com/flipped-aurora/gin-vue-admin/server]2026-05-08 20:18:27.155	[34minfo[0m	/mnt/d/game/hlddz/ddz/admin/server/core/server_run.go:59	WEB服务已关闭
[github.com/flipped-aurora/gin-vue-admin/server]2026-05-08 20:18:38.166	[34minfo[0m	/mnt/d/game/hlddz/ddz/admin/server/initialize/gorm.go:87	register table success
[github.com/flipped-aurora/gin-vue-admin/server]2026-05-08 20:18:38.170	[34minfo[0m	/mnt/d/game/hlddz/ddz/admin/server/initialize/redis.go:35	redis connect ping response:	{"name": "", "pong": "PONG"}
[github.com/flipped-aurora/gin-vue-admin/server]2026-05-08 20:18:38.173	[34minfo[0m	/mnt/d/game/hlddz/ddz/admin/server/initialize/router.go:62	register swagger handler
[github.com/flipped-aurora/gin-vue-admin/server]2026-05-08 20:18:38.193	[34minfo[0m	/mnt/d/game/hlddz/ddz/admin/server/initialize/router.go:116	router register success
