[github.com/flipped-aurora/gin-vue-admin/server]2026-04-22 08:35:39.448	[34minfo[0m	/mnt/d/game/hlddz/ddz/admin/server/initialize/router.go:62	register swagger handler
[github.com/flipped-aurora/gin-vue-admin/server]2026-04-22 08:35:39.459	[34minfo[0m	/mnt/d/game/hlddz/ddz/admin/server/initialize/plugin.go:10	项目暂未初始化，无法安装插件，初始化后重启项目即可完成插件安装
[github.com/flipped-aurora/gin-vue-admin/server]2026-04-22 08:35:39.463	[34minfo[0m	/mnt/d/game/hlddz/ddz/admin/server/initialize/router.go:115	router register success
[github.com/flipped-aurora/gin-vue-admin/server]2026-04-22 08:57:00.805	[34minfo[0m	/mnt/d/game/hlddz/ddz/admin/server/core/server_run.go:48	关闭WEB服务...
[github.com/flipped-aurora/gin-vue-admin/server]2026-04-22 08:57:00.813	[34minfo[0m	/mnt/d/game/hlddz/ddz/admin/server/core/server_run.go:59	WEB服务已关闭
[github.com/flipped-aurora/gin-vue-admin/server]2026-04-22 08:57:05.527	[34minfo[0m	/mnt/d/game/hlddz/ddz/admin/server/initialize/router.go:62	register swagger handler
[github.com/flipped-aurora/gin-vue-admin/server]2026-04-22 08:57:05.535	[34minfo[0m	/mnt/d/game/hlddz/ddz/admin/server/initialize/plugin.go:10	项目暂未初始化，无法安装插件，初始化后重启项目即可完成插件安装
[github.com/flipped-aurora/gin-vue-admin/server]2026-04-22 08:57:05.541	[34minfo[0m	/mnt/d/game/hlddz/ddz/admin/server/initialize/router.go:115	router register success
[github.com/flipped-aurora/gin-vue-admin/server]2026-04-22 09:09:04.295	[34minfo[0m	/mnt/d/game/hlddz/ddz/admin/server/core/server_run.go:48	关闭WEB服务...
[github.com/flipped-aurora/gin-vue-admin/server]2026-04-22 09:09:04.300	[34minfo[0m	/mnt/d/game/hlddz/ddz/admin/server/core/server_run.go:59	WEB服务已关闭
[github.com/flipped-aurora/gin-vue-admin/server]2026-04-22 09:09:08.467	[34minfo[0m	/mnt/d/game/hlddz/ddz/admin/server/initialize/router.go:62	register swagger handler
[github.com/flipped-aurora/gin-vue-admin/server]2026-04-22 09:09:08.474	[34minfo[0m	/mnt/d/game/hlddz/ddz/admin/server/initialize/plugin.go:10	项目暂未初始化，无法安装插件，初始化后重启项目即可完成插件安装
[github.com/flipped-aurora/gin-vue-admin/server]2026-04-22 09:09:08.478	[34minfo[0m	/mnt/d/game/hlddz/ddz/admin/server/initialize/router.go:115	router register success
[github.com/flipped-aurora/gin-vue-admin/server]2026-04-22 09:23:08.888	[34minfo[0m	/mnt/d/game/hlddz/ddz/admin/server/core/server_run.go:48	关闭WEB服务...
[github.com/flipped-aurora/gin-vue-admin/server]2026-04-22 09:23:08.900	[34minfo[0m	/mnt/d/game/hlddz/ddz/admin/server/core/server_run.go:59	WEB服务已关闭
[github.com/flipped-aurora/gin-vue-admin/server]2026-04-22 09:23:26.282	[34minfo[0m	/mnt/d/game/hlddz/ddz/admin/server/initialize/router.go:62	register swagger handler
[github.com/flipped-aurora/gin-vue-admin/server]2026-04-22 09:23:26.289	[34minfo[0m	/mnt/d/game/hlddz/ddz/admin/server/initialize/plugin.go:10	项目暂未初始化，无法安装插件，初始化后重启项目即可完成插件安装
[github.com/flipped-aurora/gin-vue-admin/server]2026-04-22 09:23:26.294	[34minfo[0m	/mnt/d/game/hlddz/ddz/admin/server/initialize/router.go:115	router register success
[github.com/flipped-aurora/gin-vue-admin/server]2026-04-22 09:24:14.447	[34minfo[0m	/mnt/d/game/hlddz/ddz/admin/server/initialize/router.go:62	register swagger handler
[github.com/flipped-aurora/gin-vue-admin/server]2026-04-22 09:24:14.453	[34minfo[0m	/mnt/d/game/hlddz/ddz/admin/server/initialize/plugin.go:10	项目暂未初始化，无法安装插件，初始化后重启项目即可完成插件安装
[github.com/flipped-aurora/gin-vue-admin/server]2026-04-22 09:24:14.456	[34minfo[0m	/mnt/d/game/hlddz/ddz/admin/server/initialize/router.go:115	router register success
[github.com/flipped-aurora/gin-vue-admin/server]2026-04-22 09:33:52.383	[34minfo[0m	/mnt/d/game/hlddz/ddz/admin/server/initialize/router.go:62	register swagger handler
[github.com/flipped-aurora/gin-vue-admin/server]2026-04-22 09:33:52.388	[34minfo[0m	/mnt/d/game/hlddz/ddz/admin/server/initialize/plugin.go:10	项目暂未初始化，无法安装插件，初始化后重启项目即可完成插件安装
[github.com/flipped-aurora/gin-vue-admin/server]2026-04-22 09:33:52.390	[34minfo[0m	/mnt/d/game/hlddz/ddz/admin/server/initialize/router.go:115	router register success
[github.com/flipped-aurora/gin-vue-admin/server]2026-04-22 09:34:52.617	[34minfo[0m	/mnt/d/game/hlddz/ddz/admin/server/core/server_run.go:48	关闭WEB服务...
[github.com/flipped-aurora/gin-vue-admin/server]2026-04-22 09:34:52.621	[34minfo[0m	/mnt/d/game/hlddz/ddz/admin/server/core/server_run.go:59	WEB服务已关闭
[github.com/flipped-aurora/gin-vue-admin/server]2026-04-22 09:34:56.104	[34minfo[0m	/mnt/d/game/hlddz/ddz/admin/server/initialize/router.go:62	register swagger handler
[github.com/flipped-aurora/gin-vue-admin/server]2026-04-22 09:34:56.109	[34minfo[0m	/mnt/d/game/hlddz/ddz/admin/server/initialize/plugin.go:10	项目暂未初始化，无法安装插件，初始化后重启项目即可完成插件安装
[github.com/flipped-aurora/gin-vue-admin/server]2026-04-22 09:34:56.112	[34minfo[0m	/mnt/d/game/hlddz/ddz/admin/server/initialize/router.go:115	router register success
[github.com/flipped-aurora/gin-vue-admin/server]2026-04-22 09:39:25.153	[34minfo[0m	/mnt/d/game/hlddz/ddz/admin/server/core/server_run.go:48	关闭WEB服务...
[github.com/flipped-aurora/gin-vue-admin/server]2026-04-22 09:39:25.158	[34minfo[0m	/mnt/d/game/hlddz/ddz/admin/server/core/server_run.go:59	WEB服务已关闭
[github.com/flipped-aurora/gin-vue-admin/server]2026-04-22 09:39:26.943	[34minfo[0m	/mnt/d/game/hlddz/ddz/admin/server/initialize/router.go:62	register swagger handler
[github.com/flipped-aurora/gin-vue-admin/server]2026-04-22 09:39:26.948	[34minfo[0m	/mnt/d/game/hlddz/ddz/admin/server/initialize/plugin.go:10	项目暂未初始化，无法安装插件，初始化后重启项目即可完成插件安装
[github.com/flipped-aurora/gin-vue-admin/server]2026-04-22 09:39:26.950	[34minfo[0m	/mnt/d/game/hlddz/ddz/admin/server/initialize/router.go:115	router register success
[github.com/flipped-aurora/gin-vue-admin/server]2026-04-22 09:42:19.814	[34minfo[0m	/mnt/d/game/hlddz/ddz/admin/server/core/server_run.go:48	关闭WEB服务...
[github.com/flipped-aurora/gin-vue-admin/server]2026-04-22 09:42:19.818	[34minfo[0m	/mnt/d/game/hlddz/ddz/admin/server/core/server_run.go:59	WEB服务已关闭
[github.com/flipped-aurora/gin-vue-admin/server]2026-04-22 09:48:00.926	[34minfo[0m	/mnt/d/game/hlddz/ddz/admin/server/initialize/router.go:62	register swagger handler
[github.com/flipped-aurora/gin-vue-admin/server]2026-04-22 09:48:00.932	[34minfo[0m	/mnt/d/game/hlddz/ddz/admin/server/initialize/plugin.go:10	项目暂未初始化，无法安装插件，初始化后重启项目即可完成插件安装
[github.com/flipped-aurora/gin-vue-admin/server]2026-04-22 09:48:00.935	[34minfo[0m	/mnt/d/game/hlddz/ddz/admin/server/initialize/router.go:115	router register success
[github.com/flipped-aurora/gin-vue-admin/server]2026-04-22 10:14:58.056	[34minfo[0m	/mnt/d/game/hlddz/ddz/admin/server/api/v1/system/sys_initdb.go:57	前往初始化数据库
[github.com/flipped-aurora/gin-vue-admin/server]2026-04-22 10:48:37.188	[34minfo[0m	/mnt/d/game/hlddz/ddz/admin/server/core/server_run.go:48	关闭WEB服务...
[github.com/flipped-aurora/gin-vue-admin/server]2026-04-22 10:48:37.199	[34minfo[0m	/mnt/d/game/hlddz/ddz/admin/server/core/server_run.go:59	WEB服务已关闭
[github.com/flipped-aurora/gin-vue-admin/server]2026-04-22 11:01:19.690	[34minfo[0m	/mnt/d/game/hlddz/ddz/admin/server/initialize/gorm.go:87	register table success
[github.com/flipped-aurora/gin-vue-admin/server]2026-04-22 11:01:19.693	[34minfo[0m	/mnt/d/game/hlddz/ddz/admin/server/initialize/router.go:62	register swagger handler
[github.com/flipped-aurora/gin-vue-admin/server]2026-04-22 11:01:19.710	[34minfo[0m	/mnt/d/game/hlddz/ddz/admin/server/initialize/router.go:116	router register success
[github.com/flipped-aurora/gin-vue-admin/server]2026-04-22 11:15:56.899	[34minfo[0m	/mnt/d/game/hlddz/ddz/admin/server/core/server_run.go:48	关闭WEB服务...
[github.com/flipped-aurora/gin-vue-admin/server]2026-04-22 11:15:56.901	[34minfo[0m	/mnt/d/game/hlddz/ddz/admin/server/core/server_run.go:59	WEB服务已关闭
[github.com/flipped-aurora/gin-vue-admin/server]2026-04-22 11:30:27.979	[34minfo[0m	/mnt/d/game/hlddz/ddz/admin/server/initialize/gorm.go:87	register table success
[github.com/flipped-aurora/gin-vue-admin/server]2026-04-22 11:30:27.983	[34minfo[0m	/mnt/d/game/hlddz/ddz/admin/server/initialize/router.go:62	register swagger handler
[github.com/flipped-aurora/gin-vue-admin/server]2026-04-22 11:30:28.006	[34minfo[0m	/mnt/d/game/hlddz/ddz/admin/server/initialize/router.go:116	router register success
[github.com/flipped-aurora/gin-vue-admin/server]2026-04-22 15:29:23.273	[34minfo[0m	/mnt/d/game/hlddz/ddz/admin/server/initialize/gorm.go:87	register table success
[github.com/flipped-aurora/gin-vue-admin/server]2026-04-22 15:29:23.278	[34minfo[0m	/mnt/d/game/hlddz/ddz/admin/server/initialize/router.go:62	register swagger handler
[github.com/flipped-aurora/gin-vue-admin/server]2026-04-22 15:29:23.294	[34minfo[0m	/mnt/d/game/hlddz/ddz/admin/server/initialize/router.go:116	router register success
[github.com/flipped-aurora/gin-vue-admin/server]2026-04-22 20:04:48.026	[34minfo[0m	/mnt/d/game/hlddz/ddz/admin/server/initialize/gorm.go:87	register table success
[github.com/flipped-aurora/gin-vue-admin/server]2026-04-22 20:04:48.031	[34minfo[0m	/mnt/d/game/hlddz/ddz/admin/server/initialize/router.go:62	register swagger handler
[github.com/flipped-aurora/gin-vue-admin/server]2026-04-22 20:04:48.048	[34minfo[0m	/mnt/d/game/hlddz/ddz/admin/server/initialize/router.go:116	router register success
