[github.com/flipped-aurora/gin-vue-admin/server]2026-05-06 11:55:05.736	[31merror[0m	/mnt/d/game/hlddz/ddz/admin/server/api/v1/ddz/arena_period.go:41	获取期号列表失败!	{"error": "Error 1146 (42S02): Table 'ddz_game.ddz_room_configs' doesn't exist"}
github.com/flipped-aurora/gin-vue-admin/server/api/v1/ddz.(*DDZArenaPeriodApi).GetArenaPeriodList
	/mnt/d/game/hlddz/ddz/admin/server/api/v1/ddz/arena_period.go:41
github.com/gin-gonic/gin.(*Context).Next
	/home/adminis/go/pkg/mod/github.com/gin-gonic/gin@v1.10.0/context.go:185
github.com/flipped-aurora/gin-vue-admin/server/initialize.Routers.CasbinHandler.func4
	/mnt/d/game/hlddz/ddz/admin/server/middleware/casbin_rbac.go:82
github.com/gin-gonic/gin.(*Context).Next
	/home/adminis/go/pkg/mod/github.com/gin-gonic/gin@v1.10.0/context.go:185
github.com/flipped-aurora/gin-vue-admin/server/initialize.Routers.JWTAuth.func3
	/mnt/d/game/hlddz/ddz/admin/server/middleware/jwt.go:69
github.com/gin-gonic/gin.(*Context).Next
	/home/adminis/go/pkg/mod/github.com/gin-gonic/gin@v1.10.0/context.go:185
github.com/gin-gonic/gin.LoggerWithConfig.func1
	/home/adminis/go/pkg/mod/github.com/gin-gonic/gin@v1.10.0/logger.go:249
github.com/gin-gonic/gin.(*Context).Next
	/home/adminis/go/pkg/mod/github.com/gin-gonic/gin@v1.10.0/context.go:185
github.com/flipped-aurora/gin-vue-admin/server/initialize.Routers.GinRecovery.func2
	/mnt/d/game/hlddz/ddz/admin/server/middleware/error.go:78
github.com/gin-gonic/gin.(*Context).Next
	/home/adminis/go/pkg/mod/github.com/gin-gonic/gin@v1.10.0/context.go:185
github.com/gin-gonic/gin.(*Engine).handleHTTPRequest
	/home/adminis/go/pkg/mod/github.com/gin-gonic/gin@v1.10.0/gin.go:633
github.com/gin-gonic/gin.(*Engine).ServeHTTP
	/home/adminis/go/pkg/mod/github.com/gin-gonic/gin@v1.10.0/gin.go:589
net/http.serverHandler.ServeHTTP
	/home/adminis/go/pkg/mod/golang.org/toolchain@v0.0.1-go1.24.2.linux-amd64/src/net/http/server.go:3301
net/http.(*conn).serve
	/home/adminis/go/pkg/mod/golang.org/toolchain@v0.0.1-go1.24.2.linux-amd64/src/net/http/server.go:2102
[github.com/flipped-aurora/gin-vue-admin/server]2026-05-06 14:25:48.980	[31merror[0m	/mnt/d/game/hlddz/ddz/admin/server/api/v1/ddz/player.go:348	获取货币流水失败!	{"error": "Error 1146 (42S02): Table 'ddz_game.ddz_diamond_logs' doesn't exist"}
github.com/flipped-aurora/gin-vue-admin/server/api/v1/ddz.(*DDZPlayerApi).GetCoinLogList
	/mnt/d/game/hlddz/ddz/admin/server/api/v1/ddz/player.go:348
github.com/gin-gonic/gin.(*Context).Next
	/home/adminis/go/pkg/mod/github.com/gin-gonic/gin@v1.10.0/context.go:185
github.com/flipped-aurora/gin-vue-admin/server/initialize.Routers.CasbinHandler.func4
	/mnt/d/game/hlddz/ddz/admin/server/middleware/casbin_rbac.go:82
github.com/gin-gonic/gin.(*Context).Next
	/home/adminis/go/pkg/mod/github.com/gin-gonic/gin@v1.10.0/context.go:185
github.com/flipped-aurora/gin-vue-admin/server/initialize.Routers.JWTAuth.func3
	/mnt/d/game/hlddz/ddz/admin/server/middleware/jwt.go:69
github.com/gin-gonic/gin.(*Context).Next
	/home/adminis/go/pkg/mod/github.com/gin-gonic/gin@v1.10.0/context.go:185
github.com/gin-gonic/gin.LoggerWithConfig.func1
	/home/adminis/go/pkg/mod/github.com/gin-gonic/gin@v1.10.0/logger.go:249
github.com/gin-gonic/gin.(*Context).Next
	/home/adminis/go/pkg/mod/github.com/gin-gonic/gin@v1.10.0/context.go:185
github.com/flipped-aurora/gin-vue-admin/server/initialize.Routers.GinRecovery.func2
	/mnt/d/game/hlddz/ddz/admin/server/middleware/error.go:78
github.com/gin-gonic/gin.(*Context).Next
	/home/adminis/go/pkg/mod/github.com/gin-gonic/gin@v1.10.0/context.go:185
github.com/gin-gonic/gin.(*Engine).handleHTTPRequest
	/home/adminis/go/pkg/mod/github.com/gin-gonic/gin@v1.10.0/gin.go:633
github.com/gin-gonic/gin.(*Engine).ServeHTTP
	/home/adminis/go/pkg/mod/github.com/gin-gonic/gin@v1.10.0/gin.go:589
net/http.serverHandler.ServeHTTP
	/home/adminis/go/pkg/mod/golang.org/toolchain@v0.0.1-go1.24.2.linux-amd64/src/net/http/server.go:3301
net/http.(*conn).serve
	/home/adminis/go/pkg/mod/golang.org/toolchain@v0.0.1-go1.24.2.linux-amd64/src/net/http/server.go:2102
[github.com/flipped-aurora/gin-vue-admin/server]2026-05-06 14:25:51.413	[31merror[0m	/mnt/d/game/hlddz/ddz/admin/server/api/v1/ddz/player.go:348	获取货币流水失败!	{"error": "Error 1146 (42S02): Table 'ddz_game.ddz_diamond_logs' doesn't exist"}
github.com/flipped-aurora/gin-vue-admin/server/api/v1/ddz.(*DDZPlayerApi).GetCoinLogList
	/mnt/d/game/hlddz/ddz/admin/server/api/v1/ddz/player.go:348
github.com/gin-gonic/gin.(*Context).Next
	/home/adminis/go/pkg/mod/github.com/gin-gonic/gin@v1.10.0/context.go:185
github.com/flipped-aurora/gin-vue-admin/server/initialize.Routers.CasbinHandler.func4
	/mnt/d/game/hlddz/ddz/admin/server/middleware/casbin_rbac.go:82
github.com/gin-gonic/gin.(*Context).Next
	/home/adminis/go/pkg/mod/github.com/gin-gonic/gin@v1.10.0/context.go:185
github.com/flipped-aurora/gin-vue-admin/server/initialize.Routers.JWTAuth.func3
	/mnt/d/game/hlddz/ddz/admin/server/middleware/jwt.go:69
github.com/gin-gonic/gin.(*Context).Next
	/home/adminis/go/pkg/mod/github.com/gin-gonic/gin@v1.10.0/context.go:185
github.com/gin-gonic/gin.LoggerWithConfig.func1
	/home/adminis/go/pkg/mod/github.com/gin-gonic/gin@v1.10.0/logger.go:249
github.com/gin-gonic/gin.(*Context).Next
	/home/adminis/go/pkg/mod/github.com/gin-gonic/gin@v1.10.0/context.go:185
github.com/flipped-aurora/gin-vue-admin/server/initialize.Routers.GinRecovery.func2
	/mnt/d/game/hlddz/ddz/admin/server/middleware/error.go:78
github.com/gin-gonic/gin.(*Context).Next
	/home/adminis/go/pkg/mod/github.com/gin-gonic/gin@v1.10.0/context.go:185
github.com/gin-gonic/gin.(*Engine).handleHTTPRequest
	/home/adminis/go/pkg/mod/github.com/gin-gonic/gin@v1.10.0/gin.go:633
github.com/gin-gonic/gin.(*Engine).ServeHTTP
	/home/adminis/go/pkg/mod/github.com/gin-gonic/gin@v1.10.0/gin.go:589
net/http.serverHandler.ServeHTTP
	/home/adminis/go/pkg/mod/golang.org/toolchain@v0.0.1-go1.24.2.linux-amd64/src/net/http/server.go:3301
net/http.(*conn).serve
	/home/adminis/go/pkg/mod/golang.org/toolchain@v0.0.1-go1.24.2.linux-amd64/src/net/http/server.go:2102
[github.com/flipped-aurora/gin-vue-admin/server]2026-05-06 15:17:50.666	[31merror[0m	/mnt/d/game/hlddz/ddz/admin/server/api/v1/system/sys_auto_code.go:108	大模型生成失败!	{"error": "请先前往插件市场个人中心获取 AiPath 并填写到 config.yaml 中"}
github.com/flipped-aurora/gin-vue-admin/server/api/v1/system.(*AutoCodeApi).LLMAuto
	/mnt/d/game/hlddz/ddz/admin/server/api/v1/system/sys_auto_code.go:108
github.com/gin-gonic/gin.(*Context).Next
	/home/adminis/go/pkg/mod/github.com/gin-gonic/gin@v1.10.0/context.go:185
github.com/gin-gonic/gin.LoggerWithConfig.func1
	/home/adminis/go/pkg/mod/github.com/gin-gonic/gin@v1.10.0/logger.go:249
github.com/gin-gonic/gin.(*Context).Next
	/home/adminis/go/pkg/mod/github.com/gin-gonic/gin@v1.10.0/context.go:185
github.com/flipped-aurora/gin-vue-admin/server/initialize.Routers.GinRecovery.func2
	/mnt/d/game/hlddz/ddz/admin/server/middleware/error.go:78
github.com/gin-gonic/gin.(*Context).Next
	/home/adminis/go/pkg/mod/github.com/gin-gonic/gin@v1.10.0/context.go:185
github.com/gin-gonic/gin.(*Engine).handleHTTPRequest
	/home/adminis/go/pkg/mod/github.com/gin-gonic/gin@v1.10.0/gin.go:633
github.com/gin-gonic/gin.(*Engine).ServeHTTP
	/home/adminis/go/pkg/mod/github.com/gin-gonic/gin@v1.10.0/gin.go:589
net/http.serverHandler.ServeHTTP
	/home/adminis/go/pkg/mod/golang.org/toolchain@v0.0.1-go1.24.2.linux-amd64/src/net/http/server.go:3301
net/http.(*conn).serve
	/home/adminis/go/pkg/mod/golang.org/toolchain@v0.0.1-go1.24.2.linux-amd64/src/net/http/server.go:2102
[github.com/flipped-aurora/gin-vue-admin/server]2026-05-06 15:35:54.664	[31merror[0m	/mnt/d/game/hlddz/ddz/admin/server/api/v1/system/sys_casbin.go:39	更新失败!	{"error": "存在相同api,添加失败,请联系管理员"}
github.com/flipped-aurora/gin-vue-admin/server/api/v1/system.(*CasbinApi).UpdateCasbin
	/mnt/d/game/hlddz/ddz/admin/server/api/v1/system/sys_casbin.go:39
github.com/gin-gonic/gin.(*Context).Next
	/home/adminis/go/pkg/mod/github.com/gin-gonic/gin@v1.10.0/context.go:185
github.com/flipped-aurora/gin-vue-admin/server/router/system.(*CasbinRouter).InitCasbinRouter.OperationRecord.func1
	/mnt/d/game/hlddz/ddz/admin/server/middleware/operation.go:93
github.com/gin-gonic/gin.(*Context).Next
	/home/adminis/go/pkg/mod/github.com/gin-gonic/gin@v1.10.0/context.go:185
github.com/flipped-aurora/gin-vue-admin/server/initialize.Routers.CasbinHandler.func4
	/mnt/d/game/hlddz/ddz/admin/server/middleware/casbin_rbac.go:82
github.com/gin-gonic/gin.(*Context).Next
	/home/adminis/go/pkg/mod/github.com/gin-gonic/gin@v1.10.0/context.go:185
github.com/flipped-aurora/gin-vue-admin/server/initialize.Routers.JWTAuth.func3
	/mnt/d/game/hlddz/ddz/admin/server/middleware/jwt.go:69
github.com/gin-gonic/gin.(*Context).Next
	/home/adminis/go/pkg/mod/github.com/gin-gonic/gin@v1.10.0/context.go:185
github.com/gin-gonic/gin.LoggerWithConfig.func1
	/home/adminis/go/pkg/mod/github.com/gin-gonic/gin@v1.10.0/logger.go:249
github.com/gin-gonic/gin.(*Context).Next
	/home/adminis/go/pkg/mod/github.com/gin-gonic/gin@v1.10.0/context.go:185
github.com/flipped-aurora/gin-vue-admin/server/initialize.Routers.GinRecovery.func2
	/mnt/d/game/hlddz/ddz/admin/server/middleware/error.go:78
github.com/gin-gonic/gin.(*Context).Next
	/home/adminis/go/pkg/mod/github.com/gin-gonic/gin@v1.10.0/context.go:185
github.com/gin-gonic/gin.(*Engine).handleHTTPRequest
	/home/adminis/go/pkg/mod/github.com/gin-gonic/gin@v1.10.0/gin.go:633
github.com/gin-gonic/gin.(*Engine).ServeHTTP
	/home/adminis/go/pkg/mod/github.com/gin-gonic/gin@v1.10.0/gin.go:589
net/http.serverHandler.ServeHTTP
	/home/adminis/go/pkg/mod/golang.org/toolchain@v0.0.1-go1.24.2.linux-amd64/src/net/http/server.go:3301
net/http.(*conn).serve
	/home/adminis/go/pkg/mod/golang.org/toolchain@v0.0.1-go1.24.2.linux-amd64/src/net/http/server.go:2102
[github.com/flipped-aurora/gin-vue-admin/server]2026-05-06 15:35:56.244	[31merror[0m	/mnt/d/game/hlddz/ddz/admin/server/api/v1/system/sys_casbin.go:39	更新失败!	{"error": "存在相同api,添加失败,请联系管理员"}
github.com/flipped-aurora/gin-vue-admin/server/api/v1/system.(*CasbinApi).UpdateCasbin
	/mnt/d/game/hlddz/ddz/admin/server/api/v1/system/sys_casbin.go:39
github.com/gin-gonic/gin.(*Context).Next
	/home/adminis/go/pkg/mod/github.com/gin-gonic/gin@v1.10.0/context.go:185
github.com/flipped-aurora/gin-vue-admin/server/router/system.(*CasbinRouter).InitCasbinRouter.OperationRecord.func1
	/mnt/d/game/hlddz/ddz/admin/server/middleware/operation.go:93
github.com/gin-gonic/gin.(*Context).Next
	/home/adminis/go/pkg/mod/github.com/gin-gonic/gin@v1.10.0/context.go:185
github.com/flipped-aurora/gin-vue-admin/server/initialize.Routers.CasbinHandler.func4
	/mnt/d/game/hlddz/ddz/admin/server/middleware/casbin_rbac.go:82
github.com/gin-gonic/gin.(*Context).Next
	/home/adminis/go/pkg/mod/github.com/gin-gonic/gin@v1.10.0/context.go:185
github.com/flipped-aurora/gin-vue-admin/server/initialize.Routers.JWTAuth.func3
	/mnt/d/game/hlddz/ddz/admin/server/middleware/jwt.go:69
github.com/gin-gonic/gin.(*Context).Next
	/home/adminis/go/pkg/mod/github.com/gin-gonic/gin@v1.10.0/context.go:185
github.com/gin-gonic/gin.LoggerWithConfig.func1
	/home/adminis/go/pkg/mod/github.com/gin-gonic/gin@v1.10.0/logger.go:249
github.com/gin-gonic/gin.(*Context).Next
	/home/adminis/go/pkg/mod/github.com/gin-gonic/gin@v1.10.0/context.go:185
github.com/flipped-aurora/gin-vue-admin/server/initialize.Routers.GinRecovery.func2
	/mnt/d/game/hlddz/ddz/admin/server/middleware/error.go:78
github.com/gin-gonic/gin.(*Context).Next
	/home/adminis/go/pkg/mod/github.com/gin-gonic/gin@v1.10.0/context.go:185
github.com/gin-gonic/gin.(*Engine).handleHTTPRequest
	/home/adminis/go/pkg/mod/github.com/gin-gonic/gin@v1.10.0/gin.go:633
github.com/gin-gonic/gin.(*Engine).ServeHTTP
	/home/adminis/go/pkg/mod/github.com/gin-gonic/gin@v1.10.0/gin.go:589
net/http.serverHandler.ServeHTTP
	/home/adminis/go/pkg/mod/golang.org/toolchain@v0.0.1-go1.24.2.linux-amd64/src/net/http/server.go:3301
net/http.(*conn).serve
	/home/adminis/go/pkg/mod/golang.org/toolchain@v0.0.1-go1.24.2.linux-amd64/src/net/http/server.go:2102
[github.com/flipped-aurora/gin-vue-admin/server]2026-05-06 15:36:00.923	[31merror[0m	/mnt/d/game/hlddz/ddz/admin/server/api/v1/system/sys_casbin.go:39	更新失败!	{"error": "存在相同api,添加失败,请联系管理员"}
github.com/flipped-aurora/gin-vue-admin/server/api/v1/system.(*CasbinApi).UpdateCasbin
	/mnt/d/game/hlddz/ddz/admin/server/api/v1/system/sys_casbin.go:39
github.com/gin-gonic/gin.(*Context).Next
	/home/adminis/go/pkg/mod/github.com/gin-gonic/gin@v1.10.0/context.go:185
github.com/flipped-aurora/gin-vue-admin/server/router/system.(*CasbinRouter).InitCasbinRouter.OperationRecord.func1
	/mnt/d/game/hlddz/ddz/admin/server/middleware/operation.go:93
github.com/gin-gonic/gin.(*Context).Next
	/home/adminis/go/pkg/mod/github.com/gin-gonic/gin@v1.10.0/context.go:185
github.com/flipped-aurora/gin-vue-admin/server/initialize.Routers.CasbinHandler.func4
	/mnt/d/game/hlddz/ddz/admin/server/middleware/casbin_rbac.go:82
github.com/gin-gonic/gin.(*Context).Next
	/home/adminis/go/pkg/mod/github.com/gin-gonic/gin@v1.10.0/context.go:185
github.com/flipped-aurora/gin-vue-admin/server/initialize.Routers.JWTAuth.func3
	/mnt/d/game/hlddz/ddz/admin/server/middleware/jwt.go:69
github.com/gin-gonic/gin.(*Context).Next
	/home/adminis/go/pkg/mod/github.com/gin-gonic/gin@v1.10.0/context.go:185
github.com/gin-gonic/gin.LoggerWithConfig.func1
	/home/adminis/go/pkg/mod/github.com/gin-gonic/gin@v1.10.0/logger.go:249
github.com/gin-gonic/gin.(*Context).Next
	/home/adminis/go/pkg/mod/github.com/gin-gonic/gin@v1.10.0/context.go:185
github.com/flipped-aurora/gin-vue-admin/server/initialize.Routers.GinRecovery.func2
	/mnt/d/game/hlddz/ddz/admin/server/middleware/error.go:78
github.com/gin-gonic/gin.(*Context).Next
	/home/adminis/go/pkg/mod/github.com/gin-gonic/gin@v1.10.0/context.go:185
github.com/gin-gonic/gin.(*Engine).handleHTTPRequest
	/home/adminis/go/pkg/mod/github.com/gin-gonic/gin@v1.10.0/gin.go:633
github.com/gin-gonic/gin.(*Engine).ServeHTTP
	/home/adminis/go/pkg/mod/github.com/gin-gonic/gin@v1.10.0/gin.go:589
net/http.serverHandler.ServeHTTP
	/home/adminis/go/pkg/mod/golang.org/toolchain@v0.0.1-go1.24.2.linux-amd64/src/net/http/server.go:3301
net/http.(*conn).serve
	/home/adminis/go/pkg/mod/golang.org/toolchain@v0.0.1-go1.24.2.linux-amd64/src/net/http/server.go:2102
[github.com/flipped-aurora/gin-vue-admin/server]2026-05-06 15:56:15.159	[31merror[0m	/mnt/d/game/hlddz/ddz/admin/server/api/v1/system/sys_casbin.go:39	更新失败!	{"error": "存在相同api,添加失败,请联系管理员"}
github.com/flipped-aurora/gin-vue-admin/server/api/v1/system.(*CasbinApi).UpdateCasbin
	/mnt/d/game/hlddz/ddz/admin/server/api/v1/system/sys_casbin.go:39
github.com/gin-gonic/gin.(*Context).Next
	/home/adminis/go/pkg/mod/github.com/gin-gonic/gin@v1.10.0/context.go:185
github.com/flipped-aurora/gin-vue-admin/server/router/system.(*CasbinRouter).InitCasbinRouter.OperationRecord.func1
	/mnt/d/game/hlddz/ddz/admin/server/middleware/operation.go:93
github.com/gin-gonic/gin.(*Context).Next
	/home/adminis/go/pkg/mod/github.com/gin-gonic/gin@v1.10.0/context.go:185
github.com/flipped-aurora/gin-vue-admin/server/initialize.Routers.CasbinHandler.func4
	/mnt/d/game/hlddz/ddz/admin/server/middleware/casbin_rbac.go:82
github.com/gin-gonic/gin.(*Context).Next
	/home/adminis/go/pkg/mod/github.com/gin-gonic/gin@v1.10.0/context.go:185
github.com/flipped-aurora/gin-vue-admin/server/initialize.Routers.JWTAuth.func3
	/mnt/d/game/hlddz/ddz/admin/server/middleware/jwt.go:69
github.com/gin-gonic/gin.(*Context).Next
	/home/adminis/go/pkg/mod/github.com/gin-gonic/gin@v1.10.0/context.go:185
github.com/gin-gonic/gin.LoggerWithConfig.func1
	/home/adminis/go/pkg/mod/github.com/gin-gonic/gin@v1.10.0/logger.go:249
github.com/gin-gonic/gin.(*Context).Next
	/home/adminis/go/pkg/mod/github.com/gin-gonic/gin@v1.10.0/context.go:185
github.com/flipped-aurora/gin-vue-admin/server/initialize.Routers.GinRecovery.func2
	/mnt/d/game/hlddz/ddz/admin/server/middleware/error.go:78
github.com/gin-gonic/gin.(*Context).Next
	/home/adminis/go/pkg/mod/github.com/gin-gonic/gin@v1.10.0/context.go:185
github.com/gin-gonic/gin.(*Engine).handleHTTPRequest
	/home/adminis/go/pkg/mod/github.com/gin-gonic/gin@v1.10.0/gin.go:633
github.com/gin-gonic/gin.(*Engine).ServeHTTP
	/home/adminis/go/pkg/mod/github.com/gin-gonic/gin@v1.10.0/gin.go:589
net/http.serverHandler.ServeHTTP
	/home/adminis/go/pkg/mod/golang.org/toolchain@v0.0.1-go1.24.2.linux-amd64/src/net/http/server.go:3301
net/http.(*conn).serve
	/home/adminis/go/pkg/mod/golang.org/toolchain@v0.0.1-go1.24.2.linux-amd64/src/net/http/server.go:2102
[github.com/flipped-aurora/gin-vue-admin/server]2026-05-06 15:58:16.227	[31merror[0m	/mnt/d/game/hlddz/ddz/admin/server/api/v1/system/sys_casbin.go:39	更新失败!	{"error": "存在相同api,添加失败,请联系管理员"}
github.com/flipped-aurora/gin-vue-admin/server/api/v1/system.(*CasbinApi).UpdateCasbin
	/mnt/d/game/hlddz/ddz/admin/server/api/v1/system/sys_casbin.go:39
github.com/gin-gonic/gin.(*Context).Next
	/home/adminis/go/pkg/mod/github.com/gin-gonic/gin@v1.10.0/context.go:185
github.com/flipped-aurora/gin-vue-admin/server/router/system.(*CasbinRouter).InitCasbinRouter.OperationRecord.func1
	/mnt/d/game/hlddz/ddz/admin/server/middleware/operation.go:93
github.com/gin-gonic/gin.(*Context).Next
	/home/adminis/go/pkg/mod/github.com/gin-gonic/gin@v1.10.0/context.go:185
github.com/flipped-aurora/gin-vue-admin/server/initialize.Routers.CasbinHandler.func4
	/mnt/d/game/hlddz/ddz/admin/server/middleware/casbin_rbac.go:82
github.com/gin-gonic/gin.(*Context).Next
	/home/adminis/go/pkg/mod/github.com/gin-gonic/gin@v1.10.0/context.go:185
github.com/flipped-aurora/gin-vue-admin/server/initialize.Routers.JWTAuth.func3
	/mnt/d/game/hlddz/ddz/admin/server/middleware/jwt.go:69
github.com/gin-gonic/gin.(*Context).Next
	/home/adminis/go/pkg/mod/github.com/gin-gonic/gin@v1.10.0/context.go:185
github.com/gin-gonic/gin.LoggerWithConfig.func1
	/home/adminis/go/pkg/mod/github.com/gin-gonic/gin@v1.10.0/logger.go:249
github.com/gin-gonic/gin.(*Context).Next
	/home/adminis/go/pkg/mod/github.com/gin-gonic/gin@v1.10.0/context.go:185
github.com/flipped-aurora/gin-vue-admin/server/initialize.Routers.GinRecovery.func2
	/mnt/d/game/hlddz/ddz/admin/server/middleware/error.go:78
github.com/gin-gonic/gin.(*Context).Next
	/home/adminis/go/pkg/mod/github.com/gin-gonic/gin@v1.10.0/context.go:185
github.com/gin-gonic/gin.(*Engine).handleHTTPRequest
	/home/adminis/go/pkg/mod/github.com/gin-gonic/gin@v1.10.0/gin.go:633
github.com/gin-gonic/gin.(*Engine).ServeHTTP
	/home/adminis/go/pkg/mod/github.com/gin-gonic/gin@v1.10.0/gin.go:589
net/http.serverHandler.ServeHTTP
	/home/adminis/go/pkg/mod/golang.org/toolchain@v0.0.1-go1.24.2.linux-amd64/src/net/http/server.go:3301
net/http.(*conn).serve
	/home/adminis/go/pkg/mod/golang.org/toolchain@v0.0.1-go1.24.2.linux-amd64/src/net/http/server.go:2102
[github.com/flipped-aurora/gin-vue-admin/server]2026-05-06 16:03:23.696	[31merror[0m	/mnt/d/game/hlddz/ddz/admin/server/api/v1/system/sys_casbin.go:39	更新失败!	{"error": "存在相同api,添加失败,请联系管理员"}
github.com/flipped-aurora/gin-vue-admin/server/api/v1/system.(*CasbinApi).UpdateCasbin
	/mnt/d/game/hlddz/ddz/admin/server/api/v1/system/sys_casbin.go:39
github.com/gin-gonic/gin.(*Context).Next
	/home/adminis/go/pkg/mod/github.com/gin-gonic/gin@v1.10.0/context.go:185
github.com/flipped-aurora/gin-vue-admin/server/router/system.(*CasbinRouter).InitCasbinRouter.OperationRecord.func1
	/mnt/d/game/hlddz/ddz/admin/server/middleware/operation.go:93
github.com/gin-gonic/gin.(*Context).Next
	/home/adminis/go/pkg/mod/github.com/gin-gonic/gin@v1.10.0/context.go:185
github.com/flipped-aurora/gin-vue-admin/server/initialize.Routers.CasbinHandler.func4
	/mnt/d/game/hlddz/ddz/admin/server/middleware/casbin_rbac.go:82
github.com/gin-gonic/gin.(*Context).Next
	/home/adminis/go/pkg/mod/github.com/gin-gonic/gin@v1.10.0/context.go:185
github.com/flipped-aurora/gin-vue-admin/server/initialize.Routers.JWTAuth.func3
	/mnt/d/game/hlddz/ddz/admin/server/middleware/jwt.go:69
github.com/gin-gonic/gin.(*Context).Next
	/home/adminis/go/pkg/mod/github.com/gin-gonic/gin@v1.10.0/context.go:185
github.com/gin-gonic/gin.LoggerWithConfig.func1
	/home/adminis/go/pkg/mod/github.com/gin-gonic/gin@v1.10.0/logger.go:249
github.com/gin-gonic/gin.(*Context).Next
	/home/adminis/go/pkg/mod/github.com/gin-gonic/gin@v1.10.0/context.go:185
github.com/flipped-aurora/gin-vue-admin/server/initialize.Routers.GinRecovery.func2
	/mnt/d/game/hlddz/ddz/admin/server/middleware/error.go:78
github.com/gin-gonic/gin.(*Context).Next
	/home/adminis/go/pkg/mod/github.com/gin-gonic/gin@v1.10.0/context.go:185
github.com/gin-gonic/gin.(*Engine).handleHTTPRequest
	/home/adminis/go/pkg/mod/github.com/gin-gonic/gin@v1.10.0/gin.go:633
github.com/gin-gonic/gin.(*Engine).ServeHTTP
	/home/adminis/go/pkg/mod/github.com/gin-gonic/gin@v1.10.0/gin.go:589
net/http.serverHandler.ServeHTTP
	/home/adminis/go/pkg/mod/golang.org/toolchain@v0.0.1-go1.24.2.linux-amd64/src/net/http/server.go:3301
net/http.(*conn).serve
	/home/adminis/go/pkg/mod/golang.org/toolchain@v0.0.1-go1.24.2.linux-amd64/src/net/http/server.go:2102
