[github.com/flipped-aurora/gin-vue-admin/server]2026-05-06 08:14:27.642	[34minfo[0m	/mnt/d/game/hlddz/ddz/admin/server/core/server_run.go:48	关闭WEB服务...
[github.com/flipped-aurora/gin-vue-admin/server]2026-05-06 08:14:27.682	[34minfo[0m	/mnt/d/game/hlddz/ddz/admin/server/core/server_run.go:59	WEB服务已关闭
[github.com/flipped-aurora/gin-vue-admin/server]2026-05-06 08:14:35.117	[34minfo[0m	/mnt/d/game/hlddz/ddz/admin/server/initialize/gorm.go:87	register table success
[github.com/flipped-aurora/gin-vue-admin/server]2026-05-06 08:14:35.154	[34minfo[0m	/mnt/d/game/hlddz/ddz/admin/server/initialize/redis.go:35	redis connect ping response:	{"name": "", "pong": "PONG"}
[github.com/flipped-aurora/gin-vue-admin/server]2026-05-06 08:14:35.178	[34minfo[0m	/mnt/d/game/hlddz/ddz/admin/server/initialize/router.go:62	register swagger handler
[github.com/flipped-aurora/gin-vue-admin/server]2026-05-06 08:14:35.214	[34minfo[0m	/mnt/d/game/hlddz/ddz/admin/server/initialize/router.go:116	router register success
[github.com/flipped-aurora/gin-vue-admin/server]2026-05-06 08:32:32.028	[34minfo[0m	/mnt/d/game/hlddz/ddz/admin/server/core/server_run.go:48	关闭WEB服务...
[github.com/flipped-aurora/gin-vue-admin/server]2026-05-06 08:32:32.038	[34minfo[0m	/mnt/d/game/hlddz/ddz/admin/server/core/server_run.go:59	WEB服务已关闭
[github.com/flipped-aurora/gin-vue-admin/server]2026-05-06 08:38:56.432	[34minfo[0m	/mnt/d/game/hlddz/ddz/admin/server/initialize/gorm.go:87	register table success
[github.com/flipped-aurora/gin-vue-admin/server]2026-05-06 08:38:56.445	[34minfo[0m	/mnt/d/game/hlddz/ddz/admin/server/initialize/redis.go:35	redis connect ping response:	{"name": "", "pong": "PONG"}
[github.com/flipped-aurora/gin-vue-admin/server]2026-05-06 08:38:56.452	[34minfo[0m	/mnt/d/game/hlddz/ddz/admin/server/initialize/router.go:62	register swagger handler
[github.com/flipped-aurora/gin-vue-admin/server]2026-05-06 08:38:56.481	[34minfo[0m	/mnt/d/game/hlddz/ddz/admin/server/initialize/router.go:116	router register success
[github.com/flipped-aurora/gin-vue-admin/server]2026-05-06 08:45:32.678	[34minfo[0m	/mnt/d/game/hlddz/ddz/admin/server/core/server_run.go:48	关闭WEB服务...
[github.com/flipped-aurora/gin-vue-admin/server]2026-05-06 08:45:32.687	[34minfo[0m	/mnt/d/game/hlddz/ddz/admin/server/core/server_run.go:59	WEB服务已关闭
[github.com/flipped-aurora/gin-vue-admin/server]2026-05-06 08:45:38.323	[34minfo[0m	/mnt/d/game/hlddz/ddz/admin/server/initialize/gorm.go:87	register table success
[github.com/flipped-aurora/gin-vue-admin/server]2026-05-06 08:45:38.350	[34minfo[0m	/mnt/d/game/hlddz/ddz/admin/server/initialize/redis.go:35	redis connect ping response:	{"name": "", "pong": "PONG"}
[github.com/flipped-aurora/gin-vue-admin/server]2026-05-06 08:45:38.360	[34minfo[0m	/mnt/d/game/hlddz/ddz/admin/server/initialize/router.go:62	register swagger handler
[github.com/flipped-aurora/gin-vue-admin/server]2026-05-06 08:45:38.401	[34minfo[0m	/mnt/d/game/hlddz/ddz/admin/server/initialize/router.go:116	router register success
[github.com/flipped-aurora/gin-vue-admin/server]2026-05-06 09:20:47.828	[34minfo[0m	/mnt/d/game/hlddz/ddz/admin/server/core/server_run.go:48	关闭WEB服务...
[github.com/flipped-aurora/gin-vue-admin/server]2026-05-06 09:20:47.837	[34minfo[0m	/mnt/d/game/hlddz/ddz/admin/server/core/server_run.go:59	WEB服务已关闭
[github.com/flipped-aurora/gin-vue-admin/server]2026-05-06 09:21:00.666	[34minfo[0m	/mnt/d/game/hlddz/ddz/admin/server/initialize/gorm.go:87	register table success
[github.com/flipped-aurora/gin-vue-admin/server]2026-05-06 09:21:00.687	[34minfo[0m	/mnt/d/game/hlddz/ddz/admin/server/initialize/redis.go:35	redis connect ping response:	{"name": "", "pong": "PONG"}
[github.com/flipped-aurora/gin-vue-admin/server]2026-05-06 09:21:00.695	[34minfo[0m	/mnt/d/game/hlddz/ddz/admin/server/initialize/router.go:62	register swagger handler
[github.com/flipped-aurora/gin-vue-admin/server]2026-05-06 09:21:00.742	[34minfo[0m	/mnt/d/game/hlddz/ddz/admin/server/initialize/router.go:116	router register success
[github.com/flipped-aurora/gin-vue-admin/server]2026-05-06 09:43:20.823	[34minfo[0m	/mnt/d/game/hlddz/ddz/admin/server/service/ddz/player.go:268	金币更新成功	{"playerID": 4, "changeAmount": 1000, "newBalance": 10960, "remark": "增加金币"}
[github.com/flipped-aurora/gin-vue-admin/server]2026-05-06 09:43:54.377	[34minfo[0m	/mnt/d/game/hlddz/ddz/admin/server/service/ddz/player.go:309	竞技币更新成功	{"playerID": 4, "changeAmount": 1000, "newBalance": 1000, "remark": "增加竞技币"}
[github.com/flipped-aurora/gin-vue-admin/server]2026-05-06 09:44:53.900	[34minfo[0m	/mnt/d/game/hlddz/ddz/admin/server/service/ddz/game_log.go:411	使用驼峰命名字段	{"matchTimeRanges": "[{\"start\":\"10:00\",\"end\":\"12:59\"}]"}
[github.com/flipped-aurora/gin-vue-admin/server]2026-05-06 09:44:53.904	[34minfo[0m	/mnt/d/game/hlddz/ddz/admin/server/service/ddz/game_log.go:422	设置match_time_ranges	{"value": "[{\"start\":\"10:00\",\"end\":\"12:59\"}]"}
[github.com/flipped-aurora/gin-vue-admin/server]2026-05-06 09:44:53.924	[34minfo[0m	/mnt/d/game/hlddz/ddz/admin/server/service/ddz/game_log.go:488	从数据库读取到房间配置	{"count": 4}
[github.com/flipped-aurora/gin-vue-admin/server]2026-05-06 09:44:53.928	[34minfo[0m	/mnt/d/game/hlddz/ddz/admin/server/service/ddz/game_log.go:524	房间配置详情	{"ID": 1, "room_name": "新手场", "room_category": 2, "matchTimeRanges": "[{\"end\": \"23:59\", \"start\": \"11:00\"}]", "matchDuration": 5}
[github.com/flipped-aurora/gin-vue-admin/server]2026-05-06 09:44:53.933	[34minfo[0m	/mnt/d/game/hlddz/ddz/admin/server/service/ddz/game_log.go:524	房间配置详情	{"ID": 2, "room_name": "普通场", "room_category": 2, "matchTimeRanges": "[{\"end\": \"12:59\", \"start\": \"10:00\"}]", "matchDuration": 10}
[github.com/flipped-aurora/gin-vue-admin/server]2026-05-06 09:44:53.936	[34minfo[0m	/mnt/d/game/hlddz/ddz/admin/server/service/ddz/game_log.go:524	房间配置详情	{"ID": 3, "room_name": "高级场", "room_category": 2, "matchTimeRanges": "", "matchDuration": 5}
[github.com/flipped-aurora/gin-vue-admin/server]2026-05-06 09:44:53.940	[34minfo[0m	/mnt/d/game/hlddz/ddz/admin/server/service/ddz/game_log.go:524	房间配置详情	{"ID": 4, "room_name": "富豪场", "room_category": 1, "matchTimeRanges": "", "matchDuration": 5}
[github.com/flipped-aurora/gin-vue-admin/server]2026-05-06 09:44:53.944	[34minfo[0m	/mnt/d/game/hlddz/ddz/admin/server/service/ddz/game_log.go:568	准备写入Redis的数据	{"data": "[{\"id\":1,\"room_name\":\"新手场\",\"room_type\":2,\"room_category\":2,\"base_score\":1,\"multiplier\":1,\"min_gold\":1000,\"max_gold\":50000,\"min_arena_coin\":100,\"max_arena_coin\":0,\"entry_gold\":1000,\"bg_image_num\":2,\"description\":\"适合新手玩家,底分1,最低1000金币入场\",\"status\":1,\"sort_order\":1,\"matchTimeRanges\":\"[{\\\"end\\\": \\\"23:59\\\", \\\"start\\\": \\\"11:00\\\"}]\",\"matchDuration\":5,\"matchRoundCount\":3,\"maxPlayers\":90,\"minPlayers\":30,\"championRewardId\":0},{\"id\":2,\"room_name\":\"普通场\",\"room_type\":3,\"r..."}
[github.com/flipped-aurora/gin-vue-admin/server]2026-05-06 09:44:53.965	[34minfo[0m	/mnt/d/game/hlddz/ddz/admin/server/service/ddz/game_log.go:584	验证Redis写入成功	{"cached_data": "[{\"id\":1,\"room_name\":\"新手场\",\"room_type\":2,\"room_category\":2,\"base_score\":1,\"multiplier\":1,\"min_gold\":1000,\"max_gold\":50000,\"min_arena_coin\":100,\"max_arena_coin\":0,\"entry_gold\":1000,\"bg_image_num\":2,\"description\":\"适合新手玩家,底分1,最低1000金币入场\",\"status\":1,\"sort_order\":1,\"matchTimeRanges\":\"[{\\\"end\\\": \\\"23:59\\\", \\\"start\\\": \\\"11:00\\\"}]\",\"matchDuration\":5,\"matchRoundCount\":3,\"maxPlayers\":90,\"minPlayers\":30,\"championRewardId\":0},{\"id\":2,\"room_name\":\"普通场\",\"room_type\":3,\"r..."}
[github.com/flipped-aurora/gin-vue-admin/server]2026-05-06 09:44:53.968	[34minfo[0m	/mnt/d/game/hlddz/ddz/admin/server/service/ddz/game_log.go:587	房间配置已同步到Redis	{"count": 4}
[github.com/flipped-aurora/gin-vue-admin/server]2026-05-06 09:44:53.971	[34minfo[0m	/mnt/d/game/hlddz/ddz/admin/server/service/ddz/game_log.go:469	更新房间配置后成功同步到Redis	{"configID": 2}
[github.com/flipped-aurora/gin-vue-admin/server]2026-05-06 09:50:08.215	[34minfo[0m	/mnt/d/game/hlddz/ddz/admin/server/service/ddz/game_log.go:411	使用驼峰命名字段	{"matchTimeRanges": "[{\"end\":\"23:59\",\"start\":\"10:00\"}]"}
[github.com/flipped-aurora/gin-vue-admin/server]2026-05-06 09:50:08.219	[34minfo[0m	/mnt/d/game/hlddz/ddz/admin/server/service/ddz/game_log.go:422	设置match_time_ranges	{"value": "[{\"end\":\"23:59\",\"start\":\"10:00\"}]"}
[github.com/flipped-aurora/gin-vue-admin/server]2026-05-06 09:50:08.231	[34minfo[0m	/mnt/d/game/hlddz/ddz/admin/server/service/ddz/game_log.go:488	从数据库读取到房间配置	{"count": 4}
[github.com/flipped-aurora/gin-vue-admin/server]2026-05-06 09:50:08.236	[34minfo[0m	/mnt/d/game/hlddz/ddz/admin/server/service/ddz/game_log.go:524	房间配置详情	{"ID": 1, "room_name": "新手场", "room_category": 2, "matchTimeRanges": "[{\"end\": \"23:59\", \"start\": \"10:00\"}]", "matchDuration": 5}
[github.com/flipped-aurora/gin-vue-admin/server]2026-05-06 09:50:08.239	[34minfo[0m	/mnt/d/game/hlddz/ddz/admin/server/service/ddz/game_log.go:524	房间配置详情	{"ID": 2, "room_name": "普通场", "room_category": 2, "matchTimeRanges": "[{\"end\": \"12:59\", \"start\": \"10:00\"}]", "matchDuration": 10}
[github.com/flipped-aurora/gin-vue-admin/server]2026-05-06 09:50:08.241	[34minfo[0m	/mnt/d/game/hlddz/ddz/admin/server/service/ddz/game_log.go:524	房间配置详情	{"ID": 3, "room_name": "高级场", "room_category": 2, "matchTimeRanges": "", "matchDuration": 5}
[github.com/flipped-aurora/gin-vue-admin/server]2026-05-06 09:50:08.243	[34minfo[0m	/mnt/d/game/hlddz/ddz/admin/server/service/ddz/game_log.go:524	房间配置详情	{"ID": 4, "room_name": "富豪场", "room_category": 1, "matchTimeRanges": "", "matchDuration": 5}
[github.com/flipped-aurora/gin-vue-admin/server]2026-05-06 09:50:08.246	[34minfo[0m	/mnt/d/game/hlddz/ddz/admin/server/service/ddz/game_log.go:568	准备写入Redis的数据	{"data": "[{\"id\":1,\"room_name\":\"新手场\",\"room_type\":2,\"room_category\":2,\"base_score\":1,\"multiplier\":1,\"min_gold\":1000,\"max_gold\":50000,\"min_arena_coin\":100,\"max_arena_coin\":0,\"entry_gold\":1000,\"bg_image_num\":2,\"description\":\"适合新手玩家,底分1,最低1000金币入场\",\"status\":1,\"sort_order\":1,\"matchTimeRanges\":\"[{\\\"end\\\": \\\"23:59\\\", \\\"start\\\": \\\"10:00\\\"}]\",\"matchDuration\":5,\"matchRoundCount\":3,\"maxPlayers\":90,\"minPlayers\":30,\"championRewardId\":0},{\"id\":2,\"room_name\":\"普通场\",\"room_type\":3,\"r..."}
[github.com/flipped-aurora/gin-vue-admin/server]2026-05-06 09:50:08.250	[34minfo[0m	/mnt/d/game/hlddz/ddz/admin/server/service/ddz/game_log.go:584	验证Redis写入成功	{"cached_data": "[{\"id\":1,\"room_name\":\"新手场\",\"room_type\":2,\"room_category\":2,\"base_score\":1,\"multiplier\":1,\"min_gold\":1000,\"max_gold\":50000,\"min_arena_coin\":100,\"max_arena_coin\":0,\"entry_gold\":1000,\"bg_image_num\":2,\"description\":\"适合新手玩家,底分1,最低1000金币入场\",\"status\":1,\"sort_order\":1,\"matchTimeRanges\":\"[{\\\"end\\\": \\\"23:59\\\", \\\"start\\\": \\\"10:00\\\"}]\",\"matchDuration\":5,\"matchRoundCount\":3,\"maxPlayers\":90,\"minPlayers\":30,\"championRewardId\":0},{\"id\":2,\"room_name\":\"普通场\",\"room_type\":3,\"r..."}
[github.com/flipped-aurora/gin-vue-admin/server]2026-05-06 09:50:08.254	[34minfo[0m	/mnt/d/game/hlddz/ddz/admin/server/service/ddz/game_log.go:587	房间配置已同步到Redis	{"count": 4}
[github.com/flipped-aurora/gin-vue-admin/server]2026-05-06 09:50:08.256	[34minfo[0m	/mnt/d/game/hlddz/ddz/admin/server/service/ddz/game_log.go:469	更新房间配置后成功同步到Redis	{"configID": 1}
[github.com/flipped-aurora/gin-vue-admin/server]2026-05-06 09:50:09.507	[34minfo[0m	/mnt/d/game/hlddz/ddz/admin/server/service/ddz/game_log.go:488	从数据库读取到房间配置	{"count": 4}
[github.com/flipped-aurora/gin-vue-admin/server]2026-05-06 09:50:09.510	[34minfo[0m	/mnt/d/game/hlddz/ddz/admin/server/service/ddz/game_log.go:524	房间配置详情	{"ID": 1, "room_name": "新手场", "room_category": 2, "matchTimeRanges": "[{\"end\": \"23:59\", \"start\": \"10:00\"}]", "matchDuration": 5}
[github.com/flipped-aurora/gin-vue-admin/server]2026-05-06 09:50:09.512	[34minfo[0m	/mnt/d/game/hlddz/ddz/admin/server/service/ddz/game_log.go:524	房间配置详情	{"ID": 2, "room_name": "普通场", "room_category": 2, "matchTimeRanges": "[{\"end\": \"12:59\", \"start\": \"10:00\"}]", "matchDuration": 10}
[github.com/flipped-aurora/gin-vue-admin/server]2026-05-06 09:50:09.515	[34minfo[0m	/mnt/d/game/hlddz/ddz/admin/server/service/ddz/game_log.go:524	房间配置详情	{"ID": 3, "room_name": "高级场", "room_category": 2, "matchTimeRanges": "", "matchDuration": 5}
[github.com/flipped-aurora/gin-vue-admin/server]2026-05-06 09:50:09.517	[34minfo[0m	/mnt/d/game/hlddz/ddz/admin/server/service/ddz/game_log.go:524	房间配置详情	{"ID": 4, "room_name": "富豪场", "room_category": 1, "matchTimeRanges": "", "matchDuration": 5}
[github.com/flipped-aurora/gin-vue-admin/server]2026-05-06 09:50:09.521	[34minfo[0m	/mnt/d/game/hlddz/ddz/admin/server/service/ddz/game_log.go:568	准备写入Redis的数据	{"data": "[{\"id\":1,\"room_name\":\"新手场\",\"room_type\":2,\"room_category\":2,\"base_score\":1,\"multiplier\":1,\"min_gold\":1000,\"max_gold\":50000,\"min_arena_coin\":100,\"max_arena_coin\":0,\"entry_gold\":1000,\"bg_image_num\":2,\"description\":\"适合新手玩家,底分1,最低1000金币入场\",\"status\":1,\"sort_order\":1,\"matchTimeRanges\":\"[{\\\"end\\\": \\\"23:59\\\", \\\"start\\\": \\\"10:00\\\"}]\",\"matchDuration\":5,\"matchRoundCount\":3,\"maxPlayers\":90,\"minPlayers\":30,\"championRewardId\":0},{\"id\":2,\"room_name\":\"普通场\",\"room_type\":3,\"r..."}
[github.com/flipped-aurora/gin-vue-admin/server]2026-05-06 09:50:09.524	[34minfo[0m	/mnt/d/game/hlddz/ddz/admin/server/service/ddz/game_log.go:584	验证Redis写入成功	{"cached_data": "[{\"id\":1,\"room_name\":\"新手场\",\"room_type\":2,\"room_category\":2,\"base_score\":1,\"multiplier\":1,\"min_gold\":1000,\"max_gold\":50000,\"min_arena_coin\":100,\"max_arena_coin\":0,\"entry_gold\":1000,\"bg_image_num\":2,\"description\":\"适合新手玩家,底分1,最低1000金币入场\",\"status\":1,\"sort_order\":1,\"matchTimeRanges\":\"[{\\\"end\\\": \\\"23:59\\\", \\\"start\\\": \\\"10:00\\\"}]\",\"matchDuration\":5,\"matchRoundCount\":3,\"maxPlayers\":90,\"minPlayers\":30,\"championRewardId\":0},{\"id\":2,\"room_name\":\"普通场\",\"room_type\":3,\"r..."}
[github.com/flipped-aurora/gin-vue-admin/server]2026-05-06 09:50:09.528	[34minfo[0m	/mnt/d/game/hlddz/ddz/admin/server/service/ddz/game_log.go:587	房间配置已同步到Redis	{"count": 4}
[github.com/flipped-aurora/gin-vue-admin/server]2026-05-06 09:50:10.154	[34minfo[0m	/mnt/d/game/hlddz/ddz/admin/server/service/ddz/game_log.go:488	从数据库读取到房间配置	{"count": 4}
[github.com/flipped-aurora/gin-vue-admin/server]2026-05-06 09:50:10.157	[34minfo[0m	/mnt/d/game/hlddz/ddz/admin/server/service/ddz/game_log.go:524	房间配置详情	{"ID": 1, "room_name": "新手场", "room_category": 2, "matchTimeRanges": "[{\"end\": \"23:59\", \"start\": \"10:00\"}]", "matchDuration": 5}
[github.com/flipped-aurora/gin-vue-admin/server]2026-05-06 09:50:10.161	[34minfo[0m	/mnt/d/game/hlddz/ddz/admin/server/service/ddz/game_log.go:524	房间配置详情	{"ID": 2, "room_name": "普通场", "room_category": 2, "matchTimeRanges": "[{\"end\": \"12:59\", \"start\": \"10:00\"}]", "matchDuration": 10}
[github.com/flipped-aurora/gin-vue-admin/server]2026-05-06 09:50:10.165	[34minfo[0m	/mnt/d/game/hlddz/ddz/admin/server/service/ddz/game_log.go:524	房间配置详情	{"ID": 3, "room_name": "高级场", "room_category": 2, "matchTimeRanges": "", "matchDuration": 5}
[github.com/flipped-aurora/gin-vue-admin/server]2026-05-06 09:50:10.168	[34minfo[0m	/mnt/d/game/hlddz/ddz/admin/server/service/ddz/game_log.go:524	房间配置详情	{"ID": 4, "room_name": "富豪场", "room_category": 1, "matchTimeRanges": "", "matchDuration": 5}
[github.com/flipped-aurora/gin-vue-admin/server]2026-05-06 09:50:10.171	[34minfo[0m	/mnt/d/game/hlddz/ddz/admin/server/service/ddz/game_log.go:568	准备写入Redis的数据	{"data": "[{\"id\":1,\"room_name\":\"新手场\",\"room_type\":2,\"room_category\":2,\"base_score\":1,\"multiplier\":1,\"min_gold\":1000,\"max_gold\":50000,\"min_arena_coin\":100,\"max_arena_coin\":0,\"entry_gold\":1000,\"bg_image_num\":2,\"description\":\"适合新手玩家,底分1,最低1000金币入场\",\"status\":1,\"sort_order\":1,\"matchTimeRanges\":\"[{\\\"end\\\": \\\"23:59\\\", \\\"start\\\": \\\"10:00\\\"}]\",\"matchDuration\":5,\"matchRoundCount\":3,\"maxPlayers\":90,\"minPlayers\":30,\"championRewardId\":0},{\"id\":2,\"room_name\":\"普通场\",\"room_type\":3,\"r..."}
[github.com/flipped-aurora/gin-vue-admin/server]2026-05-06 09:50:10.174	[34minfo[0m	/mnt/d/game/hlddz/ddz/admin/server/service/ddz/game_log.go:584	验证Redis写入成功	{"cached_data": "[{\"id\":1,\"room_name\":\"新手场\",\"room_type\":2,\"room_category\":2,\"base_score\":1,\"multiplier\":1,\"min_gold\":1000,\"max_gold\":50000,\"min_arena_coin\":100,\"max_arena_coin\":0,\"entry_gold\":1000,\"bg_image_num\":2,\"description\":\"适合新手玩家,底分1,最低1000金币入场\",\"status\":1,\"sort_order\":1,\"matchTimeRanges\":\"[{\\\"end\\\": \\\"23:59\\\", \\\"start\\\": \\\"10:00\\\"}]\",\"matchDuration\":5,\"matchRoundCount\":3,\"maxPlayers\":90,\"minPlayers\":30,\"championRewardId\":0},{\"id\":2,\"room_name\":\"普通场\",\"room_type\":3,\"r..."}
[github.com/flipped-aurora/gin-vue-admin/server]2026-05-06 09:50:10.177	[34minfo[0m	/mnt/d/game/hlddz/ddz/admin/server/service/ddz/game_log.go:587	房间配置已同步到Redis	{"count": 4}
[github.com/flipped-aurora/gin-vue-admin/server]2026-05-06 10:21:35.089	[34minfo[0m	/mnt/d/game/hlddz/ddz/admin/server/service/ddz/game_log.go:488	从数据库读取到房间配置	{"count": 4}
[github.com/flipped-aurora/gin-vue-admin/server]2026-05-06 10:21:35.096	[34minfo[0m	/mnt/d/game/hlddz/ddz/admin/server/service/ddz/game_log.go:524	房间配置详情	{"ID": 1, "room_name": "新手场", "room_category": 2, "matchTimeRanges": "[{\"end\": \"23:59\", \"start\": \"10:00\"}]", "matchDuration": 5}
[github.com/flipped-aurora/gin-vue-admin/server]2026-05-06 10:21:35.100	[34minfo[0m	/mnt/d/game/hlddz/ddz/admin/server/service/ddz/game_log.go:524	房间配置详情	{"ID": 2, "room_name": "普通场", "room_category": 2, "matchTimeRanges": "[{\"end\": \"12:59\", \"start\": \"10:00\"}]", "matchDuration": 10}
[github.com/flipped-aurora/gin-vue-admin/server]2026-05-06 10:21:35.107	[34minfo[0m	/mnt/d/game/hlddz/ddz/admin/server/service/ddz/game_log.go:524	房间配置详情	{"ID": 3, "room_name": "高级场", "room_category": 2, "matchTimeRanges": "", "matchDuration": 5}
[github.com/flipped-aurora/gin-vue-admin/server]2026-05-06 10:21:35.110	[34minfo[0m	/mnt/d/game/hlddz/ddz/admin/server/service/ddz/game_log.go:524	房间配置详情	{"ID": 4, "room_name": "富豪场", "room_category": 1, "matchTimeRanges": "", "matchDuration": 5}
[github.com/flipped-aurora/gin-vue-admin/server]2026-05-06 10:21:35.114	[34minfo[0m	/mnt/d/game/hlddz/ddz/admin/server/service/ddz/game_log.go:568	准备写入Redis的数据	{"data": "[{\"id\":1,\"room_name\":\"新手场\",\"room_type\":2,\"room_category\":2,\"base_score\":1,\"multiplier\":1,\"min_gold\":1000,\"max_gold\":50000,\"min_arena_coin\":100,\"max_arena_coin\":0,\"entry_gold\":1000,\"bg_image_num\":2,\"description\":\"适合新手玩家,底分1,最低1000金币入场\",\"status\":1,\"sort_order\":1,\"matchTimeRanges\":\"[{\\\"end\\\": \\\"23:59\\\", \\\"start\\\": \\\"10:00\\\"}]\",\"matchDuration\":5,\"matchRoundCount\":3,\"maxPlayers\":90,\"minPlayers\":30,\"championRewardId\":0},{\"id\":2,\"room_name\":\"普通场\",\"room_type\":3,\"r..."}
[github.com/flipped-aurora/gin-vue-admin/server]2026-05-06 10:21:35.135	[34minfo[0m	/mnt/d/game/hlddz/ddz/admin/server/service/ddz/game_log.go:584	验证Redis写入成功	{"cached_data": "[{\"id\":1,\"room_name\":\"新手场\",\"room_type\":2,\"room_category\":2,\"base_score\":1,\"multiplier\":1,\"min_gold\":1000,\"max_gold\":50000,\"min_arena_coin\":100,\"max_arena_coin\":0,\"entry_gold\":1000,\"bg_image_num\":2,\"description\":\"适合新手玩家,底分1,最低1000金币入场\",\"status\":1,\"sort_order\":1,\"matchTimeRanges\":\"[{\\\"end\\\": \\\"23:59\\\", \\\"start\\\": \\\"10:00\\\"}]\",\"matchDuration\":5,\"matchRoundCount\":3,\"maxPlayers\":90,\"minPlayers\":30,\"championRewardId\":0},{\"id\":2,\"room_name\":\"普通场\",\"room_type\":3,\"r..."}
[github.com/flipped-aurora/gin-vue-admin/server]2026-05-06 10:21:35.138	[34minfo[0m	/mnt/d/game/hlddz/ddz/admin/server/service/ddz/game_log.go:587	房间配置已同步到Redis	{"count": 4}
[github.com/flipped-aurora/gin-vue-admin/server]2026-05-06 10:21:35.798	[34minfo[0m	/mnt/d/game/hlddz/ddz/admin/server/service/ddz/game_log.go:488	从数据库读取到房间配置	{"count": 4}
[github.com/flipped-aurora/gin-vue-admin/server]2026-05-06 10:21:35.804	[34minfo[0m	/mnt/d/game/hlddz/ddz/admin/server/service/ddz/game_log.go:524	房间配置详情	{"ID": 1, "room_name": "新手场", "room_category": 2, "matchTimeRanges": "[{\"end\": \"23:59\", \"start\": \"10:00\"}]", "matchDuration": 5}
[github.com/flipped-aurora/gin-vue-admin/server]2026-05-06 10:21:35.809	[34minfo[0m	/mnt/d/game/hlddz/ddz/admin/server/service/ddz/game_log.go:524	房间配置详情	{"ID": 2, "room_name": "普通场", "room_category": 2, "matchTimeRanges": "[{\"end\": \"12:59\", \"start\": \"10:00\"}]", "matchDuration": 10}
[github.com/flipped-aurora/gin-vue-admin/server]2026-05-06 10:21:35.811	[34minfo[0m	/mnt/d/game/hlddz/ddz/admin/server/service/ddz/game_log.go:524	房间配置详情	{"ID": 3, "room_name": "高级场", "room_category": 2, "matchTimeRanges": "", "matchDuration": 5}
[github.com/flipped-aurora/gin-vue-admin/server]2026-05-06 10:21:35.815	[34minfo[0m	/mnt/d/game/hlddz/ddz/admin/server/service/ddz/game_log.go:524	房间配置详情	{"ID": 4, "room_name": "富豪场", "room_category": 1, "matchTimeRanges": "", "matchDuration": 5}
[github.com/flipped-aurora/gin-vue-admin/server]2026-05-06 10:21:35.818	[34minfo[0m	/mnt/d/game/hlddz/ddz/admin/server/service/ddz/game_log.go:568	准备写入Redis的数据	{"data": "[{\"id\":1,\"room_name\":\"新手场\",\"room_type\":2,\"room_category\":2,\"base_score\":1,\"multiplier\":1,\"min_gold\":1000,\"max_gold\":50000,\"min_arena_coin\":100,\"max_arena_coin\":0,\"entry_gold\":1000,\"bg_image_num\":2,\"description\":\"适合新手玩家,底分1,最低1000金币入场\",\"status\":1,\"sort_order\":1,\"matchTimeRanges\":\"[{\\\"end\\\": \\\"23:59\\\", \\\"start\\\": \\\"10:00\\\"}]\",\"matchDuration\":5,\"matchRoundCount\":3,\"maxPlayers\":90,\"minPlayers\":30,\"championRewardId\":0},{\"id\":2,\"room_name\":\"普通场\",\"room_type\":3,\"r..."}
[github.com/flipped-aurora/gin-vue-admin/server]2026-05-06 10:21:35.826	[34minfo[0m	/mnt/d/game/hlddz/ddz/admin/server/service/ddz/game_log.go:584	验证Redis写入成功	{"cached_data": "[{\"id\":1,\"room_name\":\"新手场\",\"room_type\":2,\"room_category\":2,\"base_score\":1,\"multiplier\":1,\"min_gold\":1000,\"max_gold\":50000,\"min_arena_coin\":100,\"max_arena_coin\":0,\"entry_gold\":1000,\"bg_image_num\":2,\"description\":\"适合新手玩家,底分1,最低1000金币入场\",\"status\":1,\"sort_order\":1,\"matchTimeRanges\":\"[{\\\"end\\\": \\\"23:59\\\", \\\"start\\\": \\\"10:00\\\"}]\",\"matchDuration\":5,\"matchRoundCount\":3,\"maxPlayers\":90,\"minPlayers\":30,\"championRewardId\":0},{\"id\":2,\"room_name\":\"普通场\",\"room_type\":3,\"r..."}
[github.com/flipped-aurora/gin-vue-admin/server]2026-05-06 10:21:35.829	[34minfo[0m	/mnt/d/game/hlddz/ddz/admin/server/service/ddz/game_log.go:587	房间配置已同步到Redis	{"count": 4}
[github.com/flipped-aurora/gin-vue-admin/server]2026-05-06 10:21:36.308	[34minfo[0m	/mnt/d/game/hlddz/ddz/admin/server/service/ddz/game_log.go:488	从数据库读取到房间配置	{"count": 4}
[github.com/flipped-aurora/gin-vue-admin/server]2026-05-06 10:21:36.321	[34minfo[0m	/mnt/d/game/hlddz/ddz/admin/server/service/ddz/game_log.go:524	房间配置详情	{"ID": 1, "room_name": "新手场", "room_category": 2, "matchTimeRanges": "[{\"end\": \"23:59\", \"start\": \"10:00\"}]", "matchDuration": 5}
[github.com/flipped-aurora/gin-vue-admin/server]2026-05-06 10:21:36.326	[34minfo[0m	/mnt/d/game/hlddz/ddz/admin/server/service/ddz/game_log.go:524	房间配置详情	{"ID": 2, "room_name": "普通场", "room_category": 2, "matchTimeRanges": "[{\"end\": \"12:59\", \"start\": \"10:00\"}]", "matchDuration": 10}
[github.com/flipped-aurora/gin-vue-admin/server]2026-05-06 10:21:36.331	[34minfo[0m	/mnt/d/game/hlddz/ddz/admin/server/service/ddz/game_log.go:524	房间配置详情	{"ID": 3, "room_name": "高级场", "room_category": 2, "matchTimeRanges": "", "matchDuration": 5}
[github.com/flipped-aurora/gin-vue-admin/server]2026-05-06 10:21:36.334	[34minfo[0m	/mnt/d/game/hlddz/ddz/admin/server/service/ddz/game_log.go:524	房间配置详情	{"ID": 4, "room_name": "富豪场", "room_category": 1, "matchTimeRanges": "", "matchDuration": 5}
[github.com/flipped-aurora/gin-vue-admin/server]2026-05-06 10:21:36.337	[34minfo[0m	/mnt/d/game/hlddz/ddz/admin/server/service/ddz/game_log.go:568	准备写入Redis的数据	{"data": "[{\"id\":1,\"room_name\":\"新手场\",\"room_type\":2,\"room_category\":2,\"base_score\":1,\"multiplier\":1,\"min_gold\":1000,\"max_gold\":50000,\"min_arena_coin\":100,\"max_arena_coin\":0,\"entry_gold\":1000,\"bg_image_num\":2,\"description\":\"适合新手玩家,底分1,最低1000金币入场\",\"status\":1,\"sort_order\":1,\"matchTimeRanges\":\"[{\\\"end\\\": \\\"23:59\\\", \\\"start\\\": \\\"10:00\\\"}]\",\"matchDuration\":5,\"matchRoundCount\":3,\"maxPlayers\":90,\"minPlayers\":30,\"championRewardId\":0},{\"id\":2,\"room_name\":\"普通场\",\"room_type\":3,\"r..."}
[github.com/flipped-aurora/gin-vue-admin/server]2026-05-06 10:21:36.341	[34minfo[0m	/mnt/d/game/hlddz/ddz/admin/server/service/ddz/game_log.go:584	验证Redis写入成功	{"cached_data": "[{\"id\":1,\"room_name\":\"新手场\",\"room_type\":2,\"room_category\":2,\"base_score\":1,\"multiplier\":1,\"min_gold\":1000,\"max_gold\":50000,\"min_arena_coin\":100,\"max_arena_coin\":0,\"entry_gold\":1000,\"bg_image_num\":2,\"description\":\"适合新手玩家,底分1,最低1000金币入场\",\"status\":1,\"sort_order\":1,\"matchTimeRanges\":\"[{\\\"end\\\": \\\"23:59\\\", \\\"start\\\": \\\"10:00\\\"}]\",\"matchDuration\":5,\"matchRoundCount\":3,\"maxPlayers\":90,\"minPlayers\":30,\"championRewardId\":0},{\"id\":2,\"room_name\":\"普通场\",\"room_type\":3,\"r..."}
[github.com/flipped-aurora/gin-vue-admin/server]2026-05-06 10:21:36.344	[34minfo[0m	/mnt/d/game/hlddz/ddz/admin/server/service/ddz/game_log.go:587	房间配置已同步到Redis	{"count": 4}
[github.com/flipped-aurora/gin-vue-admin/server]2026-05-06 10:31:32.426	[34minfo[0m	/mnt/d/game/hlddz/ddz/admin/server/service/ddz/game_log.go:411	使用驼峰命名字段	{"matchTimeRanges": "[{\"end\":\"23:59\",\"start\":\"10:40\"}]"}
[github.com/flipped-aurora/gin-vue-admin/server]2026-05-06 10:31:32.466	[34minfo[0m	/mnt/d/game/hlddz/ddz/admin/server/service/ddz/game_log.go:422	设置match_time_ranges	{"value": "[{\"end\":\"23:59\",\"start\":\"10:40\"}]"}
[github.com/flipped-aurora/gin-vue-admin/server]2026-05-06 10:31:32.580	[34minfo[0m	/mnt/d/game/hlddz/ddz/admin/server/service/ddz/game_log.go:488	从数据库读取到房间配置	{"count": 4}
[github.com/flipped-aurora/gin-vue-admin/server]2026-05-06 10:31:32.591	[34minfo[0m	/mnt/d/game/hlddz/ddz/admin/server/service/ddz/game_log.go:524	房间配置详情	{"ID": 1, "room_name": "新手场", "room_category": 2, "matchTimeRanges": "[{\"end\": \"23:59\", \"start\": \"10:40\"}]", "matchDuration": 5}
[github.com/flipped-aurora/gin-vue-admin/server]2026-05-06 10:31:32.596	[34minfo[0m	/mnt/d/game/hlddz/ddz/admin/server/service/ddz/game_log.go:524	房间配置详情	{"ID": 2, "room_name": "普通场", "room_category": 2, "matchTimeRanges": "[{\"end\": \"12:59\", \"start\": \"10:00\"}]", "matchDuration": 10}
[github.com/flipped-aurora/gin-vue-admin/server]2026-05-06 10:31:32.611	[34minfo[0m	/mnt/d/game/hlddz/ddz/admin/server/service/ddz/game_log.go:524	房间配置详情	{"ID": 3, "room_name": "高级场", "room_category": 2, "matchTimeRanges": "", "matchDuration": 5}
[github.com/flipped-aurora/gin-vue-admin/server]2026-05-06 10:31:32.616	[34minfo[0m	/mnt/d/game/hlddz/ddz/admin/server/service/ddz/game_log.go:524	房间配置详情	{"ID": 4, "room_name": "富豪场", "room_category": 1, "matchTimeRanges": "", "matchDuration": 5}
[github.com/flipped-aurora/gin-vue-admin/server]2026-05-06 10:31:32.633	[34minfo[0m	/mnt/d/game/hlddz/ddz/admin/server/service/ddz/game_log.go:568	准备写入Redis的数据	{"data": "[{\"id\":1,\"room_name\":\"新手场\",\"room_type\":2,\"room_category\":2,\"base_score\":1,\"multiplier\":1,\"min_gold\":1000,\"max_gold\":50000,\"min_arena_coin\":100,\"max_arena_coin\":0,\"entry_gold\":1000,\"bg_image_num\":2,\"description\":\"适合新手玩家,底分1,最低1000金币入场\",\"status\":1,\"sort_order\":1,\"matchTimeRanges\":\"[{\\\"end\\\": \\\"23:59\\\", \\\"start\\\": \\\"10:40\\\"}]\",\"matchDuration\":5,\"matchRoundCount\":3,\"maxPlayers\":90,\"minPlayers\":30,\"championRewardId\":0},{\"id\":2,\"room_name\":\"普通场\",\"room_type\":3,\"r..."}
[github.com/flipped-aurora/gin-vue-admin/server]2026-05-06 10:31:32.731	[34minfo[0m	/mnt/d/game/hlddz/ddz/admin/server/service/ddz/game_log.go:584	验证Redis写入成功	{"cached_data": "[{\"id\":1,\"room_name\":\"新手场\",\"room_type\":2,\"room_category\":2,\"base_score\":1,\"multiplier\":1,\"min_gold\":1000,\"max_gold\":50000,\"min_arena_coin\":100,\"max_arena_coin\":0,\"entry_gold\":1000,\"bg_image_num\":2,\"description\":\"适合新手玩家,底分1,最低1000金币入场\",\"status\":1,\"sort_order\":1,\"matchTimeRanges\":\"[{\\\"end\\\": \\\"23:59\\\", \\\"start\\\": \\\"10:40\\\"}]\",\"matchDuration\":5,\"matchRoundCount\":3,\"maxPlayers\":90,\"minPlayers\":30,\"championRewardId\":0},{\"id\":2,\"room_name\":\"普通场\",\"room_type\":3,\"r..."}
[github.com/flipped-aurora/gin-vue-admin/server]2026-05-06 10:31:32.740	[34minfo[0m	/mnt/d/game/hlddz/ddz/admin/server/service/ddz/game_log.go:587	房间配置已同步到Redis	{"count": 4}
[github.com/flipped-aurora/gin-vue-admin/server]2026-05-06 10:31:32.758	[34minfo[0m	/mnt/d/game/hlddz/ddz/admin/server/service/ddz/game_log.go:469	更新房间配置后成功同步到Redis	{"configID": 1}
[github.com/flipped-aurora/gin-vue-admin/server]2026-05-06 11:49:18.472	[34minfo[0m	/mnt/d/game/hlddz/ddz/admin/server/core/server_run.go:48	关闭WEB服务...
[github.com/flipped-aurora/gin-vue-admin/server]2026-05-06 11:49:18.491	[34minfo[0m	/mnt/d/game/hlddz/ddz/admin/server/core/server_run.go:59	WEB服务已关闭
[github.com/flipped-aurora/gin-vue-admin/server]2026-05-06 11:54:54.717	[34minfo[0m	/mnt/d/game/hlddz/ddz/admin/server/initialize/gorm.go:87	register table success
[github.com/flipped-aurora/gin-vue-admin/server]2026-05-06 11:54:54.728	[34minfo[0m	/mnt/d/game/hlddz/ddz/admin/server/initialize/redis.go:35	redis connect ping response:	{"name": "", "pong": "PONG"}
[github.com/flipped-aurora/gin-vue-admin/server]2026-05-06 11:54:54.732	[34minfo[0m	/mnt/d/game/hlddz/ddz/admin/server/initialize/router.go:62	register swagger handler
[github.com/flipped-aurora/gin-vue-admin/server]2026-05-06 11:54:54.761	[34minfo[0m	/mnt/d/game/hlddz/ddz/admin/server/initialize/router.go:116	router register success
[github.com/flipped-aurora/gin-vue-admin/server]2026-05-06 11:59:51.289	[34minfo[0m	/mnt/d/game/hlddz/ddz/admin/server/core/server_run.go:48	关闭WEB服务...
[github.com/flipped-aurora/gin-vue-admin/server]2026-05-06 11:59:51.293	[34minfo[0m	/mnt/d/game/hlddz/ddz/admin/server/core/server_run.go:59	WEB服务已关闭
[github.com/flipped-aurora/gin-vue-admin/server]2026-05-06 12:00:04.279	[34minfo[0m	/mnt/d/game/hlddz/ddz/admin/server/initialize/gorm.go:87	register table success
[github.com/flipped-aurora/gin-vue-admin/server]2026-05-06 12:00:04.286	[34minfo[0m	/mnt/d/game/hlddz/ddz/admin/server/initialize/redis.go:35	redis connect ping response:	{"name": "", "pong": "PONG"}
[github.com/flipped-aurora/gin-vue-admin/server]2026-05-06 12:00:04.290	[34minfo[0m	/mnt/d/game/hlddz/ddz/admin/server/initialize/router.go:62	register swagger handler
[github.com/flipped-aurora/gin-vue-admin/server]2026-05-06 12:00:04.315	[34minfo[0m	/mnt/d/game/hlddz/ddz/admin/server/initialize/router.go:116	router register success
[github.com/flipped-aurora/gin-vue-admin/server]2026-05-06 12:12:18.694	[34minfo[0m	/mnt/d/game/hlddz/ddz/admin/server/core/server_run.go:48	关闭WEB服务...
[github.com/flipped-aurora/gin-vue-admin/server]2026-05-06 12:12:18.701	[34minfo[0m	/mnt/d/game/hlddz/ddz/admin/server/core/server_run.go:59	WEB服务已关闭
[github.com/flipped-aurora/gin-vue-admin/server]2026-05-06 12:12:34.703	[34minfo[0m	/mnt/d/game/hlddz/ddz/admin/server/initialize/gorm.go:87	register table success
[github.com/flipped-aurora/gin-vue-admin/server]2026-05-06 12:12:34.707	[34minfo[0m	/mnt/d/game/hlddz/ddz/admin/server/initialize/redis.go:35	redis connect ping response:	{"name": "", "pong": "PONG"}
[github.com/flipped-aurora/gin-vue-admin/server]2026-05-06 12:12:34.711	[34minfo[0m	/mnt/d/game/hlddz/ddz/admin/server/initialize/router.go:62	register swagger handler
[github.com/flipped-aurora/gin-vue-admin/server]2026-05-06 12:12:34.732	[34minfo[0m	/mnt/d/game/hlddz/ddz/admin/server/initialize/router.go:116	router register success
[github.com/flipped-aurora/gin-vue-admin/server]2026-05-06 12:39:01.197	[34minfo[0m	/mnt/d/game/hlddz/ddz/admin/server/core/server_run.go:48	关闭WEB服务...
[github.com/flipped-aurora/gin-vue-admin/server]2026-05-06 12:39:01.217	[34minfo[0m	/mnt/d/game/hlddz/ddz/admin/server/core/server_run.go:59	WEB服务已关闭
[github.com/flipped-aurora/gin-vue-admin/server]2026-05-06 12:39:13.075	[34minfo[0m	/mnt/d/game/hlddz/ddz/admin/server/initialize/gorm.go:87	register table success
[github.com/flipped-aurora/gin-vue-admin/server]2026-05-06 12:39:13.086	[34minfo[0m	/mnt/d/game/hlddz/ddz/admin/server/initialize/redis.go:35	redis connect ping response:	{"name": "", "pong": "PONG"}
[github.com/flipped-aurora/gin-vue-admin/server]2026-05-06 12:39:13.094	[34minfo[0m	/mnt/d/game/hlddz/ddz/admin/server/initialize/router.go:62	register swagger handler
[github.com/flipped-aurora/gin-vue-admin/server]2026-05-06 12:39:13.136	[34minfo[0m	/mnt/d/game/hlddz/ddz/admin/server/initialize/router.go:116	router register success
[github.com/flipped-aurora/gin-vue-admin/server]2026-05-06 12:41:51.069	[34minfo[0m	/mnt/d/game/hlddz/ddz/admin/server/core/server_run.go:48	关闭WEB服务...
[github.com/flipped-aurora/gin-vue-admin/server]2026-05-06 12:41:51.076	[34minfo[0m	/mnt/d/game/hlddz/ddz/admin/server/core/server_run.go:59	WEB服务已关闭
[github.com/flipped-aurora/gin-vue-admin/server]2026-05-06 12:42:00.642	[34minfo[0m	/mnt/d/game/hlddz/ddz/admin/server/initialize/gorm.go:87	register table success
[github.com/flipped-aurora/gin-vue-admin/server]2026-05-06 12:42:00.651	[34minfo[0m	/mnt/d/game/hlddz/ddz/admin/server/initialize/redis.go:35	redis connect ping response:	{"name": "", "pong": "PONG"}
[github.com/flipped-aurora/gin-vue-admin/server]2026-05-06 12:42:00.656	[34minfo[0m	/mnt/d/game/hlddz/ddz/admin/server/initialize/router.go:62	register swagger handler
[github.com/flipped-aurora/gin-vue-admin/server]2026-05-06 12:42:00.682	[34minfo[0m	/mnt/d/game/hlddz/ddz/admin/server/initialize/router.go:116	router register success
[github.com/flipped-aurora/gin-vue-admin/server]2026-05-06 12:48:32.156	[34minfo[0m	/mnt/d/game/hlddz/ddz/admin/server/core/server_run.go:48	关闭WEB服务...
[github.com/flipped-aurora/gin-vue-admin/server]2026-05-06 12:48:32.159	[34minfo[0m	/mnt/d/game/hlddz/ddz/admin/server/core/server_run.go:59	WEB服务已关闭
[github.com/flipped-aurora/gin-vue-admin/server]2026-05-06 12:48:38.571	[34minfo[0m	/mnt/d/game/hlddz/ddz/admin/server/initialize/gorm.go:87	register table success
[github.com/flipped-aurora/gin-vue-admin/server]2026-05-06 12:48:38.575	[34minfo[0m	/mnt/d/game/hlddz/ddz/admin/server/initialize/redis.go:35	redis connect ping response:	{"name": "", "pong": "PONG"}
[github.com/flipped-aurora/gin-vue-admin/server]2026-05-06 12:48:38.579	[34minfo[0m	/mnt/d/game/hlddz/ddz/admin/server/initialize/router.go:62	register swagger handler
[github.com/flipped-aurora/gin-vue-admin/server]2026-05-06 12:48:38.603	[34minfo[0m	/mnt/d/game/hlddz/ddz/admin/server/initialize/router.go:116	router register success
[github.com/flipped-aurora/gin-vue-admin/server]2026-05-06 13:02:09.558	[34minfo[0m	/mnt/d/game/hlddz/ddz/admin/server/core/server_run.go:48	关闭WEB服务...
[github.com/flipped-aurora/gin-vue-admin/server]2026-05-06 13:02:09.564	[34minfo[0m	/mnt/d/game/hlddz/ddz/admin/server/core/server_run.go:59	WEB服务已关闭
[github.com/flipped-aurora/gin-vue-admin/server]2026-05-06 13:02:19.519	[34minfo[0m	/mnt/d/game/hlddz/ddz/admin/server/initialize/gorm.go:87	register table success
[github.com/flipped-aurora/gin-vue-admin/server]2026-05-06 13:02:19.526	[34minfo[0m	/mnt/d/game/hlddz/ddz/admin/server/initialize/redis.go:35	redis connect ping response:	{"name": "", "pong": "PONG"}
[github.com/flipped-aurora/gin-vue-admin/server]2026-05-06 13:02:19.530	[34minfo[0m	/mnt/d/game/hlddz/ddz/admin/server/initialize/router.go:62	register swagger handler
[github.com/flipped-aurora/gin-vue-admin/server]2026-05-06 13:02:19.556	[34minfo[0m	/mnt/d/game/hlddz/ddz/admin/server/initialize/router.go:116	router register success
[github.com/flipped-aurora/gin-vue-admin/server]2026-05-06 14:34:34.064	[34minfo[0m	/mnt/d/game/hlddz/ddz/admin/server/initialize/reload.go:10	正在重新加载系统配置...
[github.com/flipped-aurora/gin-vue-admin/server]2026-05-06 14:34:35.534	[34minfo[0m	/mnt/d/game/hlddz/ddz/admin/server/initialize/gorm.go:87	register table success
[github.com/flipped-aurora/gin-vue-admin/server]2026-05-06 14:34:35.537	[34minfo[0m	/mnt/d/game/hlddz/ddz/admin/server/initialize/reload.go:43	系统配置重新加载完成
[github.com/flipped-aurora/gin-vue-admin/server]2026-05-06 16:12:51.426	[34minfo[0m	/mnt/d/game/hlddz/ddz/admin/server/core/server_run.go:48	关闭WEB服务...
[github.com/flipped-aurora/gin-vue-admin/server]2026-05-06 16:12:51.434	[34minfo[0m	/mnt/d/game/hlddz/ddz/admin/server/core/server_run.go:59	WEB服务已关闭
[github.com/flipped-aurora/gin-vue-admin/server]2026-05-06 16:13:04.509	[34minfo[0m	/mnt/d/game/hlddz/ddz/admin/server/initialize/gorm.go:87	register table success
[github.com/flipped-aurora/gin-vue-admin/server]2026-05-06 16:13:04.520	[34minfo[0m	/mnt/d/game/hlddz/ddz/admin/server/initialize/redis.go:35	redis connect ping response:	{"name": "", "pong": "PONG"}
[github.com/flipped-aurora/gin-vue-admin/server]2026-05-06 16:13:04.526	[34minfo[0m	/mnt/d/game/hlddz/ddz/admin/server/initialize/router.go:62	register swagger handler
[github.com/flipped-aurora/gin-vue-admin/server]2026-05-06 16:13:04.551	[34minfo[0m	/mnt/d/game/hlddz/ddz/admin/server/initialize/router.go:116	router register success
[github.com/flipped-aurora/gin-vue-admin/server]2026-05-06 16:57:54.375	[34minfo[0m	/mnt/d/game/hlddz/ddz/admin/server/service/ddz/game_log.go:411	使用驼峰命名字段	{"matchTimeRanges": "[{\"end\":\"23:59\",\"start\":\"17:00\"}]"}
[github.com/flipped-aurora/gin-vue-admin/server]2026-05-06 16:57:54.388	[34minfo[0m	/mnt/d/game/hlddz/ddz/admin/server/service/ddz/game_log.go:422	设置match_time_ranges	{"value": "[{\"end\":\"23:59\",\"start\":\"17:00\"}]"}
[github.com/flipped-aurora/gin-vue-admin/server]2026-05-06 16:57:54.424	[34minfo[0m	/mnt/d/game/hlddz/ddz/admin/server/service/ddz/game_log.go:488	从数据库读取到房间配置	{"count": 4}
[github.com/flipped-aurora/gin-vue-admin/server]2026-05-06 16:57:54.429	[34minfo[0m	/mnt/d/game/hlddz/ddz/admin/server/service/ddz/game_log.go:524	房间配置详情	{"ID": 1, "room_name": "新手场", "room_category": 2, "matchTimeRanges": "[{\"end\": \"23:59\", \"start\": \"10:40\"}]", "matchDuration": 5}
[github.com/flipped-aurora/gin-vue-admin/server]2026-05-06 16:57:54.433	[34minfo[0m	/mnt/d/game/hlddz/ddz/admin/server/service/ddz/game_log.go:524	房间配置详情	{"ID": 2, "room_name": "普通场", "room_category": 2, "matchTimeRanges": "[{\"end\": \"23:59\", \"start\": \"17:00\"}]", "matchDuration": 10}
[github.com/flipped-aurora/gin-vue-admin/server]2026-05-06 16:57:54.435	[34minfo[0m	/mnt/d/game/hlddz/ddz/admin/server/service/ddz/game_log.go:524	房间配置详情	{"ID": 3, "room_name": "高级场", "room_category": 2, "matchTimeRanges": "", "matchDuration": 5}
[github.com/flipped-aurora/gin-vue-admin/server]2026-05-06 16:57:54.437	[34minfo[0m	/mnt/d/game/hlddz/ddz/admin/server/service/ddz/game_log.go:524	房间配置详情	{"ID": 4, "room_name": "富豪场", "room_category": 1, "matchTimeRanges": "", "matchDuration": 5}
[github.com/flipped-aurora/gin-vue-admin/server]2026-05-06 16:57:54.445	[34minfo[0m	/mnt/d/game/hlddz/ddz/admin/server/service/ddz/game_log.go:568	准备写入Redis的数据	{"data": "[{\"id\":1,\"room_name\":\"新手场\",\"room_type\":2,\"room_category\":2,\"base_score\":1,\"multiplier\":1,\"min_gold\":1000,\"max_gold\":50000,\"min_arena_coin\":100,\"max_arena_coin\":0,\"entry_gold\":1000,\"bg_image_num\":2,\"description\":\"适合新手玩家,底分1,最低1000金币入场\",\"status\":1,\"sort_order\":1,\"matchTimeRanges\":\"[{\\\"end\\\": \\\"23:59\\\", \\\"start\\\": \\\"10:40\\\"}]\",\"matchDuration\":5,\"matchRoundCount\":3,\"maxPlayers\":90,\"minPlayers\":30,\"championRewardId\":0},{\"id\":2,\"room_name\":\"普通场\",\"room_type\":3,\"r..."}
[github.com/flipped-aurora/gin-vue-admin/server]2026-05-06 16:57:54.465	[34minfo[0m	/mnt/d/game/hlddz/ddz/admin/server/service/ddz/game_log.go:584	验证Redis写入成功	{"cached_data": "[{\"id\":1,\"room_name\":\"新手场\",\"room_type\":2,\"room_category\":2,\"base_score\":1,\"multiplier\":1,\"min_gold\":1000,\"max_gold\":50000,\"min_arena_coin\":100,\"max_arena_coin\":0,\"entry_gold\":1000,\"bg_image_num\":2,\"description\":\"适合新手玩家,底分1,最低1000金币入场\",\"status\":1,\"sort_order\":1,\"matchTimeRanges\":\"[{\\\"end\\\": \\\"23:59\\\", \\\"start\\\": \\\"10:40\\\"}]\",\"matchDuration\":5,\"matchRoundCount\":3,\"maxPlayers\":90,\"minPlayers\":30,\"championRewardId\":0},{\"id\":2,\"room_name\":\"普通场\",\"room_type\":3,\"r..."}
[github.com/flipped-aurora/gin-vue-admin/server]2026-05-06 16:57:54.468	[34minfo[0m	/mnt/d/game/hlddz/ddz/admin/server/service/ddz/game_log.go:587	房间配置已同步到Redis	{"count": 4}
[github.com/flipped-aurora/gin-vue-admin/server]2026-05-06 16:57:54.470	[34minfo[0m	/mnt/d/game/hlddz/ddz/admin/server/service/ddz/game_log.go:469	更新房间配置后成功同步到Redis	{"configID": 2}
[github.com/flipped-aurora/gin-vue-admin/server]2026-05-06 16:58:33.701	[34minfo[0m	/mnt/d/game/hlddz/ddz/admin/server/service/ddz/game_log.go:411	使用驼峰命名字段	{"matchTimeRanges": "[{\"start\":\"17:00\",\"end\":\"20:00\"}]"}
[github.com/flipped-aurora/gin-vue-admin/server]2026-05-06 16:58:33.705	[34minfo[0m	/mnt/d/game/hlddz/ddz/admin/server/service/ddz/game_log.go:422	设置match_time_ranges	{"value": "[{\"start\":\"17:00\",\"end\":\"20:00\"}]"}
[github.com/flipped-aurora/gin-vue-admin/server]2026-05-06 16:58:33.721	[34minfo[0m	/mnt/d/game/hlddz/ddz/admin/server/service/ddz/game_log.go:488	从数据库读取到房间配置	{"count": 4}
[github.com/flipped-aurora/gin-vue-admin/server]2026-05-06 16:58:33.724	[34minfo[0m	/mnt/d/game/hlddz/ddz/admin/server/service/ddz/game_log.go:524	房间配置详情	{"ID": 1, "room_name": "新手场", "room_category": 2, "matchTimeRanges": "[{\"end\": \"23:59\", \"start\": \"10:40\"}]", "matchDuration": 5}
[github.com/flipped-aurora/gin-vue-admin/server]2026-05-06 16:58:33.726	[34minfo[0m	/mnt/d/game/hlddz/ddz/admin/server/service/ddz/game_log.go:524	房间配置详情	{"ID": 2, "room_name": "普通场", "room_category": 2, "matchTimeRanges": "[{\"end\": \"23:59\", \"start\": \"17:00\"}]", "matchDuration": 10}
[github.com/flipped-aurora/gin-vue-admin/server]2026-05-06 16:58:33.729	[34minfo[0m	/mnt/d/game/hlddz/ddz/admin/server/service/ddz/game_log.go:524	房间配置详情	{"ID": 3, "room_name": "高级场", "room_category": 2, "matchTimeRanges": "[{\"end\": \"20:00\", \"start\": \"17:00\"}]", "matchDuration": 5}
[github.com/flipped-aurora/gin-vue-admin/server]2026-05-06 16:58:33.732	[34minfo[0m	/mnt/d/game/hlddz/ddz/admin/server/service/ddz/game_log.go:524	房间配置详情	{"ID": 4, "room_name": "富豪场", "room_category": 1, "matchTimeRanges": "", "matchDuration": 5}
[github.com/flipped-aurora/gin-vue-admin/server]2026-05-06 16:58:33.736	[34minfo[0m	/mnt/d/game/hlddz/ddz/admin/server/service/ddz/game_log.go:568	准备写入Redis的数据	{"data": "[{\"id\":1,\"room_name\":\"新手场\",\"room_type\":2,\"room_category\":2,\"base_score\":1,\"multiplier\":1,\"min_gold\":1000,\"max_gold\":50000,\"min_arena_coin\":100,\"max_arena_coin\":0,\"entry_gold\":1000,\"bg_image_num\":2,\"description\":\"适合新手玩家,底分1,最低1000金币入场\",\"status\":1,\"sort_order\":1,\"matchTimeRanges\":\"[{\\\"end\\\": \\\"23:59\\\", \\\"start\\\": \\\"10:40\\\"}]\",\"matchDuration\":5,\"matchRoundCount\":3,\"maxPlayers\":90,\"minPlayers\":30,\"championRewardId\":0},{\"id\":2,\"room_name\":\"普通场\",\"room_type\":3,\"r..."}
[github.com/flipped-aurora/gin-vue-admin/server]2026-05-06 16:58:33.739	[34minfo[0m	/mnt/d/game/hlddz/ddz/admin/server/service/ddz/game_log.go:584	验证Redis写入成功	{"cached_data": "[{\"id\":1,\"room_name\":\"新手场\",\"room_type\":2,\"room_category\":2,\"base_score\":1,\"multiplier\":1,\"min_gold\":1000,\"max_gold\":50000,\"min_arena_coin\":100,\"max_arena_coin\":0,\"entry_gold\":1000,\"bg_image_num\":2,\"description\":\"适合新手玩家,底分1,最低1000金币入场\",\"status\":1,\"sort_order\":1,\"matchTimeRanges\":\"[{\\\"end\\\": \\\"23:59\\\", \\\"start\\\": \\\"10:40\\\"}]\",\"matchDuration\":5,\"matchRoundCount\":3,\"maxPlayers\":90,\"minPlayers\":30,\"championRewardId\":0},{\"id\":2,\"room_name\":\"普通场\",\"room_type\":3,\"r..."}
[github.com/flipped-aurora/gin-vue-admin/server]2026-05-06 16:58:33.742	[34minfo[0m	/mnt/d/game/hlddz/ddz/admin/server/service/ddz/game_log.go:587	房间配置已同步到Redis	{"count": 4}
[github.com/flipped-aurora/gin-vue-admin/server]2026-05-06 16:58:33.745	[34minfo[0m	/mnt/d/game/hlddz/ddz/admin/server/service/ddz/game_log.go:469	更新房间配置后成功同步到Redis	{"configID": 3}
[github.com/flipped-aurora/gin-vue-admin/server]2026-05-06 17:05:12.902	[34minfo[0m	/mnt/d/game/hlddz/ddz/admin/server/service/ddz/game_log.go:411	使用驼峰命名字段	{"matchTimeRanges": "[{\"end\":\"20:00\",\"start\":\"17:00\"}]"}
[github.com/flipped-aurora/gin-vue-admin/server]2026-05-06 17:05:12.912	[34minfo[0m	/mnt/d/game/hlddz/ddz/admin/server/service/ddz/game_log.go:422	设置match_time_ranges	{"value": "[{\"end\":\"20:00\",\"start\":\"17:00\"}]"}
[github.com/flipped-aurora/gin-vue-admin/server]2026-05-06 17:05:12.937	[34minfo[0m	/mnt/d/game/hlddz/ddz/admin/server/service/ddz/game_log.go:488	从数据库读取到房间配置	{"count": 4}
[github.com/flipped-aurora/gin-vue-admin/server]2026-05-06 17:05:12.941	[34minfo[0m	/mnt/d/game/hlddz/ddz/admin/server/service/ddz/game_log.go:524	房间配置详情	{"ID": 1, "room_name": "新手场", "room_category": 2, "matchTimeRanges": "[{\"end\": \"23:59\", \"start\": \"10:40\"}]", "matchDuration": 5}
[github.com/flipped-aurora/gin-vue-admin/server]2026-05-06 17:05:12.943	[34minfo[0m	/mnt/d/game/hlddz/ddz/admin/server/service/ddz/game_log.go:524	房间配置详情	{"ID": 2, "room_name": "普通场", "room_category": 2, "matchTimeRanges": "[{\"end\": \"23:59\", \"start\": \"17:00\"}]", "matchDuration": 10}
[github.com/flipped-aurora/gin-vue-admin/server]2026-05-06 17:05:12.946	[34minfo[0m	/mnt/d/game/hlddz/ddz/admin/server/service/ddz/game_log.go:524	房间配置详情	{"ID": 3, "room_name": "高级场", "room_category": 2, "matchTimeRanges": "[{\"end\": \"20:00\", \"start\": \"17:00\"}]", "matchDuration": 30}
[github.com/flipped-aurora/gin-vue-admin/server]2026-05-06 17:05:12.948	[34minfo[0m	/mnt/d/game/hlddz/ddz/admin/server/service/ddz/game_log.go:524	房间配置详情	{"ID": 4, "room_name": "富豪场", "room_category": 1, "matchTimeRanges": "", "matchDuration": 5}
[github.com/flipped-aurora/gin-vue-admin/server]2026-05-06 17:05:12.955	[34minfo[0m	/mnt/d/game/hlddz/ddz/admin/server/service/ddz/game_log.go:568	准备写入Redis的数据	{"data": "[{\"id\":1,\"room_name\":\"新手场\",\"room_type\":2,\"room_category\":2,\"base_score\":1,\"multiplier\":1,\"min_gold\":1000,\"max_gold\":50000,\"min_arena_coin\":100,\"max_arena_coin\":0,\"entry_gold\":1000,\"bg_image_num\":2,\"description\":\"适合新手玩家,底分1,最低1000金币入场\",\"status\":1,\"sort_order\":1,\"matchTimeRanges\":\"[{\\\"end\\\": \\\"23:59\\\", \\\"start\\\": \\\"10:40\\\"}]\",\"matchDuration\":5,\"matchRoundCount\":3,\"maxPlayers\":90,\"minPlayers\":30,\"championRewardId\":0},{\"id\":2,\"room_name\":\"普通场\",\"room_type\":3,\"r..."}
[github.com/flipped-aurora/gin-vue-admin/server]2026-05-06 17:05:12.961	[34minfo[0m	/mnt/d/game/hlddz/ddz/admin/server/service/ddz/game_log.go:584	验证Redis写入成功	{"cached_data": "[{\"id\":1,\"room_name\":\"新手场\",\"room_type\":2,\"room_category\":2,\"base_score\":1,\"multiplier\":1,\"min_gold\":1000,\"max_gold\":50000,\"min_arena_coin\":100,\"max_arena_coin\":0,\"entry_gold\":1000,\"bg_image_num\":2,\"description\":\"适合新手玩家,底分1,最低1000金币入场\",\"status\":1,\"sort_order\":1,\"matchTimeRanges\":\"[{\\\"end\\\": \\\"23:59\\\", \\\"start\\\": \\\"10:40\\\"}]\",\"matchDuration\":5,\"matchRoundCount\":3,\"maxPlayers\":90,\"minPlayers\":30,\"championRewardId\":0},{\"id\":2,\"room_name\":\"普通场\",\"room_type\":3,\"r..."}
[github.com/flipped-aurora/gin-vue-admin/server]2026-05-06 17:05:12.964	[34minfo[0m	/mnt/d/game/hlddz/ddz/admin/server/service/ddz/game_log.go:587	房间配置已同步到Redis	{"count": 4}
[github.com/flipped-aurora/gin-vue-admin/server]2026-05-06 17:05:12.967	[34minfo[0m	/mnt/d/game/hlddz/ddz/admin/server/service/ddz/game_log.go:469	更新房间配置后成功同步到Redis	{"configID": 3}
[github.com/flipped-aurora/gin-vue-admin/server]2026-05-06 20:03:52.070	[34minfo[0m	/mnt/d/game/hlddz/ddz/admin/server/service/ddz/game_log.go:411	使用驼峰命名字段	{"matchTimeRanges": "[{\"end\":\"21:00\",\"start\":\"17:00\"}]"}
[github.com/flipped-aurora/gin-vue-admin/server]2026-05-06 20:03:52.084	[34minfo[0m	/mnt/d/game/hlddz/ddz/admin/server/service/ddz/game_log.go:422	设置match_time_ranges	{"value": "[{\"end\":\"21:00\",\"start\":\"17:00\"}]"}
[github.com/flipped-aurora/gin-vue-admin/server]2026-05-06 20:03:52.124	[34minfo[0m	/mnt/d/game/hlddz/ddz/admin/server/service/ddz/game_log.go:488	从数据库读取到房间配置	{"count": 4}
[github.com/flipped-aurora/gin-vue-admin/server]2026-05-06 20:03:52.128	[34minfo[0m	/mnt/d/game/hlddz/ddz/admin/server/service/ddz/game_log.go:524	房间配置详情	{"ID": 1, "room_name": "新手场", "room_category": 2, "matchTimeRanges": "[{\"end\": \"23:59\", \"start\": \"10:40\"}]", "matchDuration": 5}
[github.com/flipped-aurora/gin-vue-admin/server]2026-05-06 20:03:52.132	[34minfo[0m	/mnt/d/game/hlddz/ddz/admin/server/service/ddz/game_log.go:524	房间配置详情	{"ID": 2, "room_name": "普通场", "room_category": 2, "matchTimeRanges": "[{\"end\": \"23:59\", \"start\": \"17:00\"}]", "matchDuration": 10}
[github.com/flipped-aurora/gin-vue-admin/server]2026-05-06 20:03:52.137	[34minfo[0m	/mnt/d/game/hlddz/ddz/admin/server/service/ddz/game_log.go:524	房间配置详情	{"ID": 3, "room_name": "高级场", "room_category": 2, "matchTimeRanges": "[{\"end\": \"21:00\", \"start\": \"17:00\"}]", "matchDuration": 30}
[github.com/flipped-aurora/gin-vue-admin/server]2026-05-06 20:03:52.140	[34minfo[0m	/mnt/d/game/hlddz/ddz/admin/server/service/ddz/game_log.go:524	房间配置详情	{"ID": 4, "room_name": "富豪场", "room_category": 1, "matchTimeRanges": "", "matchDuration": 5}
[github.com/flipped-aurora/gin-vue-admin/server]2026-05-06 20:03:52.147	[34minfo[0m	/mnt/d/game/hlddz/ddz/admin/server/service/ddz/game_log.go:568	准备写入Redis的数据	{"data": "[{\"id\":1,\"room_name\":\"新手场\",\"room_type\":2,\"room_category\":2,\"base_score\":1,\"multiplier\":1,\"min_gold\":1000,\"max_gold\":50000,\"min_arena_coin\":100,\"max_arena_coin\":0,\"entry_gold\":1000,\"bg_image_num\":2,\"description\":\"适合新手玩家,底分1,最低1000金币入场\",\"status\":1,\"sort_order\":1,\"matchTimeRanges\":\"[{\\\"end\\\": \\\"23:59\\\", \\\"start\\\": \\\"10:40\\\"}]\",\"matchDuration\":5,\"matchRoundCount\":3,\"maxPlayers\":90,\"minPlayers\":30,\"championRewardId\":0},{\"id\":2,\"room_name\":\"普通场\",\"room_type\":3,\"r..."}
[github.com/flipped-aurora/gin-vue-admin/server]2026-05-06 20:03:52.166	[34minfo[0m	/mnt/d/game/hlddz/ddz/admin/server/service/ddz/game_log.go:584	验证Redis写入成功	{"cached_data": "[{\"id\":1,\"room_name\":\"新手场\",\"room_type\":2,\"room_category\":2,\"base_score\":1,\"multiplier\":1,\"min_gold\":1000,\"max_gold\":50000,\"min_arena_coin\":100,\"max_arena_coin\":0,\"entry_gold\":1000,\"bg_image_num\":2,\"description\":\"适合新手玩家,底分1,最低1000金币入场\",\"status\":1,\"sort_order\":1,\"matchTimeRanges\":\"[{\\\"end\\\": \\\"23:59\\\", \\\"start\\\": \\\"10:40\\\"}]\",\"matchDuration\":5,\"matchRoundCount\":3,\"maxPlayers\":90,\"minPlayers\":30,\"championRewardId\":0},{\"id\":2,\"room_name\":\"普通场\",\"room_type\":3,\"r..."}
[github.com/flipped-aurora/gin-vue-admin/server]2026-05-06 20:03:52.169	[34minfo[0m	/mnt/d/game/hlddz/ddz/admin/server/service/ddz/game_log.go:587	房间配置已同步到Redis	{"count": 4}
[github.com/flipped-aurora/gin-vue-admin/server]2026-05-06 20:03:52.173	[34minfo[0m	/mnt/d/game/hlddz/ddz/admin/server/service/ddz/game_log.go:469	更新房间配置后成功同步到Redis	{"configID": 3}
