[github.com/flipped-aurora/gin-vue-admin/server]2026-05-05 10:40:51.423	[34minfo[0m	/mnt/d/game/hlddz/ddz/admin/server/core/server_run.go:48	关闭WEB服务...
[github.com/flipped-aurora/gin-vue-admin/server]2026-05-05 10:40:51.430	[34minfo[0m	/mnt/d/game/hlddz/ddz/admin/server/core/server_run.go:59	WEB服务已关闭
[github.com/flipped-aurora/gin-vue-admin/server]2026-05-05 10:41:06.978	[34minfo[0m	/mnt/d/game/hlddz/ddz/admin/server/initialize/gorm.go:87	register table success
[github.com/flipped-aurora/gin-vue-admin/server]2026-05-05 10:41:06.983	[34minfo[0m	/mnt/d/game/hlddz/ddz/admin/server/initialize/router.go:62	register swagger handler
[github.com/flipped-aurora/gin-vue-admin/server]2026-05-05 10:41:07.001	[34minfo[0m	/mnt/d/game/hlddz/ddz/admin/server/initialize/router.go:116	router register success
[github.com/flipped-aurora/gin-vue-admin/server]2026-05-05 10:49:39.697	[34minfo[0m	/mnt/d/game/hlddz/ddz/admin/server/core/server_run.go:48	关闭WEB服务...
[github.com/flipped-aurora/gin-vue-admin/server]2026-05-05 10:49:39.700	[34minfo[0m	/mnt/d/game/hlddz/ddz/admin/server/core/server_run.go:59	WEB服务已关闭
[github.com/flipped-aurora/gin-vue-admin/server]2026-05-05 10:49:49.895	[34minfo[0m	/mnt/d/game/hlddz/ddz/admin/server/initialize/gorm.go:87	register table success
[github.com/flipped-aurora/gin-vue-admin/server]2026-05-05 10:49:49.900	[34minfo[0m	/mnt/d/game/hlddz/ddz/admin/server/initialize/router.go:62	register swagger handler
[github.com/flipped-aurora/gin-vue-admin/server]2026-05-05 10:49:49.921	[34minfo[0m	/mnt/d/game/hlddz/ddz/admin/server/initialize/router.go:116	router register success
[github.com/flipped-aurora/gin-vue-admin/server]2026-05-05 10:55:20.533	[34minfo[0m	/mnt/d/game/hlddz/ddz/admin/server/core/server_run.go:48	关闭WEB服务...
[github.com/flipped-aurora/gin-vue-admin/server]2026-05-05 10:55:20.536	[34minfo[0m	/mnt/d/game/hlddz/ddz/admin/server/core/server_run.go:59	WEB服务已关闭
[github.com/flipped-aurora/gin-vue-admin/server]2026-05-05 10:55:30.843	[34minfo[0m	/mnt/d/game/hlddz/ddz/admin/server/initialize/gorm.go:87	register table success
[github.com/flipped-aurora/gin-vue-admin/server]2026-05-05 10:55:30.850	[34minfo[0m	/mnt/d/game/hlddz/ddz/admin/server/initialize/router.go:62	register swagger handler
[github.com/flipped-aurora/gin-vue-admin/server]2026-05-05 10:55:30.882	[34minfo[0m	/mnt/d/game/hlddz/ddz/admin/server/initialize/router.go:116	router register success
[github.com/flipped-aurora/gin-vue-admin/server]2026-05-05 10:55:57.634	[34minfo[0m	/mnt/d/game/hlddz/ddz/admin/server/service/ddz/game_log.go:403	使用蛇形命名字段	{"match_time_ranges": "[{\"start\":\"12:00\",\"end\":\"23:59\"}]"}
[github.com/flipped-aurora/gin-vue-admin/server]2026-05-05 10:55:57.638	[34minfo[0m	/mnt/d/game/hlddz/ddz/admin/server/service/ddz/game_log.go:416	设置match_time_ranges	{"value": "[{\"start\":\"12:00\",\"end\":\"23:59\"}]"}
[github.com/flipped-aurora/gin-vue-admin/server]2026-05-05 11:00:20.102	[34minfo[0m	/mnt/d/game/hlddz/ddz/admin/server/core/server_run.go:48	关闭WEB服务...
[github.com/flipped-aurora/gin-vue-admin/server]2026-05-05 11:00:20.105	[34minfo[0m	/mnt/d/game/hlddz/ddz/admin/server/core/server_run.go:59	WEB服务已关闭
[github.com/flipped-aurora/gin-vue-admin/server]2026-05-05 11:02:29.036	[34minfo[0m	/mnt/d/game/hlddz/ddz/admin/server/initialize/gorm.go:87	register table success
[github.com/flipped-aurora/gin-vue-admin/server]2026-05-05 11:02:29.042	[34minfo[0m	/mnt/d/game/hlddz/ddz/admin/server/initialize/router.go:62	register swagger handler
[github.com/flipped-aurora/gin-vue-admin/server]2026-05-05 11:02:29.062	[34minfo[0m	/mnt/d/game/hlddz/ddz/admin/server/initialize/router.go:116	router register success
[github.com/flipped-aurora/gin-vue-admin/server]2026-05-05 11:02:46.831	[34minfo[0m	/mnt/d/game/hlddz/ddz/admin/server/service/ddz/game_log.go:405	使用蛇形命名字段	{"match_time_ranges": "[{\"start\":\"11:02\",\"end\":\"17:02\"}]"}
[github.com/flipped-aurora/gin-vue-admin/server]2026-05-05 11:02:46.834	[34minfo[0m	/mnt/d/game/hlddz/ddz/admin/server/service/ddz/game_log.go:419	设置match_time_ranges	{"value": "[{\"start\":\"11:02\",\"end\":\"17:02\"}]"}
[github.com/flipped-aurora/gin-vue-admin/server]2026-05-05 11:08:19.567	[34minfo[0m	/mnt/d/game/hlddz/ddz/admin/server/core/server_run.go:48	关闭WEB服务...
[github.com/flipped-aurora/gin-vue-admin/server]2026-05-05 11:08:19.570	[34minfo[0m	/mnt/d/game/hlddz/ddz/admin/server/core/server_run.go:59	WEB服务已关闭
[github.com/flipped-aurora/gin-vue-admin/server]2026-05-05 11:08:27.462	[34minfo[0m	/mnt/d/game/hlddz/ddz/admin/server/initialize/gorm.go:87	register table success
[github.com/flipped-aurora/gin-vue-admin/server]2026-05-05 11:08:27.466	[34minfo[0m	/mnt/d/game/hlddz/ddz/admin/server/initialize/router.go:62	register swagger handler
[github.com/flipped-aurora/gin-vue-admin/server]2026-05-05 11:08:27.484	[34minfo[0m	/mnt/d/game/hlddz/ddz/admin/server/initialize/router.go:116	router register success
[github.com/flipped-aurora/gin-vue-admin/server]2026-05-05 11:08:40.832	[34minfo[0m	/mnt/d/game/hlddz/ddz/admin/server/service/ddz/game_log.go:405	使用蛇形命名字段	{"match_time_ranges": "[{\"start\":\"11:08\",\"end\":\"23:08\"}]"}
[github.com/flipped-aurora/gin-vue-admin/server]2026-05-05 11:08:40.836	[34minfo[0m	/mnt/d/game/hlddz/ddz/admin/server/service/ddz/game_log.go:420	设置match_time_ranges	{"value": "[{\"start\":\"11:08\",\"end\":\"23:08\"}]"}
[github.com/flipped-aurora/gin-vue-admin/server]2026-05-05 11:08:47.566	[34minfo[0m	/mnt/d/game/hlddz/ddz/admin/server/core/server_run.go:48	关闭WEB服务...
[github.com/flipped-aurora/gin-vue-admin/server]2026-05-05 11:08:47.570	[34minfo[0m	/mnt/d/game/hlddz/ddz/admin/server/core/server_run.go:59	WEB服务已关闭
[github.com/flipped-aurora/gin-vue-admin/server]2026-05-05 11:09:53.571	[34minfo[0m	/mnt/d/game/hlddz/ddz/admin/server/initialize/gorm.go:87	register table success
[github.com/flipped-aurora/gin-vue-admin/server]2026-05-05 11:09:53.575	[34minfo[0m	/mnt/d/game/hlddz/ddz/admin/server/initialize/router.go:62	register swagger handler
[github.com/flipped-aurora/gin-vue-admin/server]2026-05-05 11:09:53.596	[34minfo[0m	/mnt/d/game/hlddz/ddz/admin/server/initialize/router.go:116	router register success
[github.com/flipped-aurora/gin-vue-admin/server]2026-05-05 11:18:54.287	[34minfo[0m	/mnt/d/game/hlddz/ddz/admin/server/core/server_run.go:48	关闭WEB服务...
[github.com/flipped-aurora/gin-vue-admin/server]2026-05-05 11:18:54.292	[34minfo[0m	/mnt/d/game/hlddz/ddz/admin/server/core/server_run.go:59	WEB服务已关闭
[github.com/flipped-aurora/gin-vue-admin/server]2026-05-05 11:18:58.285	[34minfo[0m	/mnt/d/game/hlddz/ddz/admin/server/initialize/gorm.go:87	register table success
[github.com/flipped-aurora/gin-vue-admin/server]2026-05-05 11:18:58.290	[34minfo[0m	/mnt/d/game/hlddz/ddz/admin/server/initialize/router.go:62	register swagger handler
[github.com/flipped-aurora/gin-vue-admin/server]2026-05-05 11:18:58.312	[34minfo[0m	/mnt/d/game/hlddz/ddz/admin/server/initialize/router.go:116	router register success
[github.com/flipped-aurora/gin-vue-admin/server]2026-05-05 11:31:11.207	[34minfo[0m	/mnt/d/game/hlddz/ddz/admin/server/core/server_run.go:48	关闭WEB服务...
[github.com/flipped-aurora/gin-vue-admin/server]2026-05-05 11:31:11.212	[34minfo[0m	/mnt/d/game/hlddz/ddz/admin/server/core/server_run.go:59	WEB服务已关闭
[github.com/flipped-aurora/gin-vue-admin/server]2026-05-05 11:31:18.503	[34minfo[0m	/mnt/d/game/hlddz/ddz/admin/server/initialize/gorm.go:87	register table success
[github.com/flipped-aurora/gin-vue-admin/server]2026-05-05 11:31:18.508	[34minfo[0m	/mnt/d/game/hlddz/ddz/admin/server/initialize/router.go:62	register swagger handler
[github.com/flipped-aurora/gin-vue-admin/server]2026-05-05 11:31:18.532	[34minfo[0m	/mnt/d/game/hlddz/ddz/admin/server/initialize/router.go:116	router register success
[github.com/flipped-aurora/gin-vue-admin/server]2026-05-05 13:34:50.612	[34minfo[0m	/mnt/d/game/hlddz/ddz/admin/server/service/ddz/game_log.go:410	使用驼峰命名字段	{"matchTimeRanges": "[{\"end\":\"23:59\",\"start\":\"11:00\"}]"}
[github.com/flipped-aurora/gin-vue-admin/server]2026-05-05 13:34:50.627	[34minfo[0m	/mnt/d/game/hlddz/ddz/admin/server/service/ddz/game_log.go:421	设置match_time_ranges	{"value": "[{\"end\":\"23:59\",\"start\":\"11:00\"}]"}
[github.com/flipped-aurora/gin-vue-admin/server]2026-05-05 16:14:05.610	[34minfo[0m	/mnt/d/game/hlddz/ddz/admin/server/core/server_run.go:48	关闭WEB服务...
[github.com/flipped-aurora/gin-vue-admin/server]2026-05-05 16:14:05.627	[34minfo[0m	/mnt/d/game/hlddz/ddz/admin/server/core/server_run.go:59	WEB服务已关闭
[github.com/flipped-aurora/gin-vue-admin/server]2026-05-05 16:14:29.337	[34minfo[0m	/mnt/d/game/hlddz/ddz/admin/server/initialize/gorm.go:87	register table success
[github.com/flipped-aurora/gin-vue-admin/server]2026-05-05 16:14:29.344	[34minfo[0m	/mnt/d/game/hlddz/ddz/admin/server/initialize/router.go:62	register swagger handler
[github.com/flipped-aurora/gin-vue-admin/server]2026-05-05 16:14:29.371	[34minfo[0m	/mnt/d/game/hlddz/ddz/admin/server/initialize/router.go:116	router register success
[github.com/flipped-aurora/gin-vue-admin/server]2026-05-05 16:18:36.444	[34minfo[0m	/mnt/d/game/hlddz/ddz/admin/server/service/ddz/game_log.go:411	使用驼峰命名字段	{"matchTimeRanges": "[{\"end\":\"23:59\",\"start\":\"11:00\"}]"}
[github.com/flipped-aurora/gin-vue-admin/server]2026-05-05 16:18:36.448	[34minfo[0m	/mnt/d/game/hlddz/ddz/admin/server/service/ddz/game_log.go:422	设置match_time_ranges	{"value": "[{\"end\":\"23:59\",\"start\":\"11:00\"}]"}
[github.com/flipped-aurora/gin-vue-admin/server]2026-05-05 16:18:36.469	[34minfo[0m	/mnt/d/game/hlddz/ddz/admin/server/service/ddz/game_log.go:469	更新房间配置后成功同步到Redis	{"configID": 1}
[github.com/flipped-aurora/gin-vue-admin/server]2026-05-05 16:23:32.669	[34minfo[0m	/mnt/d/game/hlddz/ddz/admin/server/core/server_run.go:48	关闭WEB服务...
[github.com/flipped-aurora/gin-vue-admin/server]2026-05-05 16:23:32.674	[34minfo[0m	/mnt/d/game/hlddz/ddz/admin/server/core/server_run.go:59	WEB服务已关闭
[github.com/flipped-aurora/gin-vue-admin/server]2026-05-05 16:23:49.531	[34minfo[0m	/mnt/d/game/hlddz/ddz/admin/server/initialize/gorm.go:87	register table success
[github.com/flipped-aurora/gin-vue-admin/server]2026-05-05 16:23:49.536	[34minfo[0m	/mnt/d/game/hlddz/ddz/admin/server/initialize/router.go:62	register swagger handler
[github.com/flipped-aurora/gin-vue-admin/server]2026-05-05 16:23:49.558	[34minfo[0m	/mnt/d/game/hlddz/ddz/admin/server/initialize/router.go:116	router register success
[github.com/flipped-aurora/gin-vue-admin/server]2026-05-05 16:30:28.478	[34minfo[0m	/mnt/d/game/hlddz/ddz/admin/server/core/server_run.go:48	关闭WEB服务...
[github.com/flipped-aurora/gin-vue-admin/server]2026-05-05 16:30:28.489	[34minfo[0m	/mnt/d/game/hlddz/ddz/admin/server/core/server_run.go:59	WEB服务已关闭
[github.com/flipped-aurora/gin-vue-admin/server]2026-05-05 16:30:36.379	[34minfo[0m	/mnt/d/game/hlddz/ddz/admin/server/initialize/gorm.go:87	register table success
[github.com/flipped-aurora/gin-vue-admin/server]2026-05-05 16:30:36.384	[34minfo[0m	/mnt/d/game/hlddz/ddz/admin/server/initialize/router.go:62	register swagger handler
[github.com/flipped-aurora/gin-vue-admin/server]2026-05-05 16:30:36.408	[34minfo[0m	/mnt/d/game/hlddz/ddz/admin/server/initialize/router.go:116	router register success
[github.com/flipped-aurora/gin-vue-admin/server]2026-05-05 16:32:55.390	[34minfo[0m	/mnt/d/game/hlddz/ddz/admin/server/service/ddz/game_log.go:411	使用驼峰命名字段	{"matchTimeRanges": "[{\"end\":\"23:59\",\"start\":\"11:00\"}]"}
[github.com/flipped-aurora/gin-vue-admin/server]2026-05-05 16:32:55.393	[34minfo[0m	/mnt/d/game/hlddz/ddz/admin/server/service/ddz/game_log.go:422	设置match_time_ranges	{"value": "[{\"end\":\"23:59\",\"start\":\"11:00\"}]"}
[github.com/flipped-aurora/gin-vue-admin/server]2026-05-05 16:32:55.409	[34minfo[0m	/mnt/d/game/hlddz/ddz/admin/server/service/ddz/game_log.go:469	更新房间配置后成功同步到Redis	{"configID": 1}
[github.com/flipped-aurora/gin-vue-admin/server]2026-05-05 16:42:26.901	[34minfo[0m	/mnt/d/game/hlddz/ddz/admin/server/core/server_run.go:48	关闭WEB服务...
[github.com/flipped-aurora/gin-vue-admin/server]2026-05-05 16:42:26.908	[34minfo[0m	/mnt/d/game/hlddz/ddz/admin/server/core/server_run.go:59	WEB服务已关闭
[github.com/flipped-aurora/gin-vue-admin/server]2026-05-05 16:42:42.651	[34minfo[0m	/mnt/d/game/hlddz/ddz/admin/server/initialize/gorm.go:87	register table success
[github.com/flipped-aurora/gin-vue-admin/server]2026-05-05 16:42:42.656	[34minfo[0m	/mnt/d/game/hlddz/ddz/admin/server/initialize/router.go:62	register swagger handler
[github.com/flipped-aurora/gin-vue-admin/server]2026-05-05 16:42:42.680	[34minfo[0m	/mnt/d/game/hlddz/ddz/admin/server/initialize/router.go:116	router register success
[github.com/flipped-aurora/gin-vue-admin/server]2026-05-05 16:51:56.861	[34minfo[0m	/mnt/d/game/hlddz/ddz/admin/server/core/server_run.go:48	关闭WEB服务...
[github.com/flipped-aurora/gin-vue-admin/server]2026-05-05 16:51:56.865	[34minfo[0m	/mnt/d/game/hlddz/ddz/admin/server/core/server_run.go:59	WEB服务已关闭
[github.com/flipped-aurora/gin-vue-admin/server]2026-05-05 16:52:02.992	[34minfo[0m	/mnt/d/game/hlddz/ddz/admin/server/initialize/gorm.go:87	register table success
[github.com/flipped-aurora/gin-vue-admin/server]2026-05-05 16:52:03.003	[34minfo[0m	/mnt/d/game/hlddz/ddz/admin/server/initialize/router.go:62	register swagger handler
[github.com/flipped-aurora/gin-vue-admin/server]2026-05-05 16:52:03.039	[34minfo[0m	/mnt/d/game/hlddz/ddz/admin/server/initialize/router.go:116	router register success
[github.com/flipped-aurora/gin-vue-admin/server]2026-05-05 16:53:49.470	[34minfo[0m	/mnt/d/game/hlddz/ddz/admin/server/core/server_run.go:48	关闭WEB服务...
[github.com/flipped-aurora/gin-vue-admin/server]2026-05-05 16:53:49.473	[34minfo[0m	/mnt/d/game/hlddz/ddz/admin/server/core/server_run.go:59	WEB服务已关闭
[github.com/flipped-aurora/gin-vue-admin/server]2026-05-05 16:54:02.375	[34minfo[0m	/mnt/d/game/hlddz/ddz/admin/server/initialize/gorm.go:87	register table success
[github.com/flipped-aurora/gin-vue-admin/server]2026-05-05 16:54:02.382	[34minfo[0m	/mnt/d/game/hlddz/ddz/admin/server/initialize/redis.go:35	redis connect ping response:	{"name": "", "pong": "PONG"}
[github.com/flipped-aurora/gin-vue-admin/server]2026-05-05 16:54:02.390	[34minfo[0m	/mnt/d/game/hlddz/ddz/admin/server/initialize/router.go:62	register swagger handler
[github.com/flipped-aurora/gin-vue-admin/server]2026-05-05 16:54:02.424	[34minfo[0m	/mnt/d/game/hlddz/ddz/admin/server/initialize/router.go:116	router register success
[github.com/flipped-aurora/gin-vue-admin/server]2026-05-05 16:55:12.428	[34minfo[0m	/mnt/d/game/hlddz/ddz/admin/server/service/ddz/game_log.go:488	从数据库读取到房间配置	{"count": 4}
[github.com/flipped-aurora/gin-vue-admin/server]2026-05-05 16:55:12.432	[34minfo[0m	/mnt/d/game/hlddz/ddz/admin/server/service/ddz/game_log.go:524	房间配置详情	{"ID": 1, "room_name": "新手场", "room_category": 2, "matchTimeRanges": "[{\"end\": \"23:59\", \"start\": \"11:00\"}]", "matchDuration": 5}
[github.com/flipped-aurora/gin-vue-admin/server]2026-05-05 16:55:12.436	[34minfo[0m	/mnt/d/game/hlddz/ddz/admin/server/service/ddz/game_log.go:524	房间配置详情	{"ID": 2, "room_name": "普通场", "room_category": 2, "matchTimeRanges": "", "matchDuration": 5}
[github.com/flipped-aurora/gin-vue-admin/server]2026-05-05 16:55:12.441	[34minfo[0m	/mnt/d/game/hlddz/ddz/admin/server/service/ddz/game_log.go:524	房间配置详情	{"ID": 3, "room_name": "高级场", "room_category": 2, "matchTimeRanges": "", "matchDuration": 5}
[github.com/flipped-aurora/gin-vue-admin/server]2026-05-05 16:55:12.445	[34minfo[0m	/mnt/d/game/hlddz/ddz/admin/server/service/ddz/game_log.go:524	房间配置详情	{"ID": 4, "room_name": "富豪场", "room_category": 1, "matchTimeRanges": "", "matchDuration": 5}
[github.com/flipped-aurora/gin-vue-admin/server]2026-05-05 16:55:12.449	[34minfo[0m	/mnt/d/game/hlddz/ddz/admin/server/service/ddz/game_log.go:568	准备写入Redis的数据	{"data": "[{\"id\":1,\"room_name\":\"新手场\",\"room_type\":2,\"room_category\":2,\"base_score\":1,\"multiplier\":1,\"min_gold\":1000,\"max_gold\":50000,\"min_arena_coin\":100,\"max_arena_coin\":0,\"entry_gold\":1000,\"bg_image_num\":2,\"description\":\"适合新手玩家,底分1,最低1000金币入场\",\"status\":1,\"sort_order\":1,\"matchTimeRanges\":\"[{\\\"end\\\": \\\"23:59\\\", \\\"start\\\": \\\"11:00\\\"}]\",\"matchDuration\":5,\"matchRoundCount\":3,\"maxPlayers\":90,\"minPlayers\":30,\"championRewardId\":0},{\"id\":2,\"room_name\":\"普通场\",\"room_type\":3,\"r..."}
[github.com/flipped-aurora/gin-vue-admin/server]2026-05-05 16:55:12.454	[34minfo[0m	/mnt/d/game/hlddz/ddz/admin/server/service/ddz/game_log.go:584	验证Redis写入成功	{"cached_data": "[{\"id\":1,\"room_name\":\"新手场\",\"room_type\":2,\"room_category\":2,\"base_score\":1,\"multiplier\":1,\"min_gold\":1000,\"max_gold\":50000,\"min_arena_coin\":100,\"max_arena_coin\":0,\"entry_gold\":1000,\"bg_image_num\":2,\"description\":\"适合新手玩家,底分1,最低1000金币入场\",\"status\":1,\"sort_order\":1,\"matchTimeRanges\":\"[{\\\"end\\\": \\\"23:59\\\", \\\"start\\\": \\\"11:00\\\"}]\",\"matchDuration\":5,\"matchRoundCount\":3,\"maxPlayers\":90,\"minPlayers\":30,\"championRewardId\":0},{\"id\":2,\"room_name\":\"普通场\",\"room_type\":3,\"r..."}
[github.com/flipped-aurora/gin-vue-admin/server]2026-05-05 16:55:12.456	[34minfo[0m	/mnt/d/game/hlddz/ddz/admin/server/service/ddz/game_log.go:587	房间配置已同步到Redis	{"count": 4}
[github.com/flipped-aurora/gin-vue-admin/server]2026-05-05 16:55:41.875	[34minfo[0m	/mnt/d/game/hlddz/ddz/admin/server/initialize/reload.go:10	正在重新加载系统配置...
[github.com/flipped-aurora/gin-vue-admin/server]2026-05-05 16:55:42.737	[34minfo[0m	/mnt/d/game/hlddz/ddz/admin/server/initialize/gorm.go:87	register table success
[github.com/flipped-aurora/gin-vue-admin/server]2026-05-05 16:55:42.741	[34minfo[0m	/mnt/d/game/hlddz/ddz/admin/server/initialize/reload.go:43	系统配置重新加载完成
[github.com/flipped-aurora/gin-vue-admin/server]2026-05-05 16:55:46.984	[34minfo[0m	/mnt/d/game/hlddz/ddz/admin/server/service/ddz/config.go:407	广告配置已同步到Redis	{"key": "ddz:ad_config"}
[github.com/flipped-aurora/gin-vue-admin/server]2026-05-05 16:55:50.400	[34minfo[0m	/mnt/d/game/hlddz/ddz/admin/server/initialize/reload.go:10	正在重新加载系统配置...
[github.com/flipped-aurora/gin-vue-admin/server]2026-05-05 16:55:51.160	[34minfo[0m	/mnt/d/game/hlddz/ddz/admin/server/initialize/gorm.go:87	register table success
[github.com/flipped-aurora/gin-vue-admin/server]2026-05-05 16:55:51.163	[34minfo[0m	/mnt/d/game/hlddz/ddz/admin/server/initialize/reload.go:43	系统配置重新加载完成
[github.com/flipped-aurora/gin-vue-admin/server]2026-05-05 20:32:33.348	[34minfo[0m	/mnt/d/game/hlddz/ddz/admin/server/core/server_run.go:48	关闭WEB服务...
[github.com/flipped-aurora/gin-vue-admin/server]2026-05-05 20:32:33.359	[34minfo[0m	/mnt/d/game/hlddz/ddz/admin/server/core/server_run.go:59	WEB服务已关闭
[github.com/flipped-aurora/gin-vue-admin/server]2026-05-05 20:35:10.626	[34minfo[0m	/mnt/d/game/hlddz/ddz/admin/server/initialize/gorm.go:87	register table success
[github.com/flipped-aurora/gin-vue-admin/server]2026-05-05 20:35:10.638	[34minfo[0m	/mnt/d/game/hlddz/ddz/admin/server/initialize/redis.go:35	redis connect ping response:	{"name": "", "pong": "PONG"}
[github.com/flipped-aurora/gin-vue-admin/server]2026-05-05 20:35:10.642	[34minfo[0m	/mnt/d/game/hlddz/ddz/admin/server/initialize/router.go:62	register swagger handler
[github.com/flipped-aurora/gin-vue-admin/server]2026-05-05 20:35:10.663	[34minfo[0m	/mnt/d/game/hlddz/ddz/admin/server/initialize/router.go:116	router register success
