[github.com/flipped-aurora/gin-vue-admin/server]2026-05-10 10:14:19.678	[31merror[0m	/mnt/d/game/hlddz/ddz/admin/server/api/v1/system/sys_menu.go:175	删除失败!	{"error": "此菜单存在子菜单不可删除"}
github.com/flipped-aurora/gin-vue-admin/server/api/v1/system.(*AuthorityMenuApi).DeleteBaseMenu
	/mnt/d/game/hlddz/ddz/admin/server/api/v1/system/sys_menu.go:175
github.com/gin-gonic/gin.(*Context).Next
	/home/adminis/go/pkg/mod/github.com/gin-gonic/gin@v1.10.0/context.go:185
github.com/flipped-aurora/gin-vue-admin/server/router/system.(*MenuRouter).InitMenuRouter.OperationRecord.func1
	/mnt/d/game/hlddz/ddz/admin/server/middleware/operation.go:93
github.com/gin-gonic/gin.(*Context).Next
	/home/adminis/go/pkg/mod/github.com/gin-gonic/gin@v1.10.0/context.go:185
github.com/flipped-aurora/gin-vue-admin/server/initialize.Routers.CasbinHandler.func4
	/mnt/d/game/hlddz/ddz/admin/server/middleware/casbin_rbac.go:82
github.com/gin-gonic/gin.(*Context).Next
	/home/adminis/go/pkg/mod/github.com/gin-gonic/gin@v1.10.0/context.go:185
github.com/flipped-aurora/gin-vue-admin/server/initialize.Routers.JWTAuth.func3
	/mnt/d/game/hlddz/ddz/admin/server/middleware/jwt.go:69
github.com/gin-gonic/gin.(*Context).Next
	/home/adminis/go/pkg/mod/github.com/gin-gonic/gin@v1.10.0/context.go:185
github.com/gin-gonic/gin.LoggerWithConfig.func1
	/home/adminis/go/pkg/mod/github.com/gin-gonic/gin@v1.10.0/logger.go:249
github.com/gin-gonic/gin.(*Context).Next
	/home/adminis/go/pkg/mod/github.com/gin-gonic/gin@v1.10.0/context.go:185
github.com/flipped-aurora/gin-vue-admin/server/initialize.Routers.GinRecovery.func2
	/mnt/d/game/hlddz/ddz/admin/server/middleware/error.go:78
github.com/gin-gonic/gin.(*Context).Next
	/home/adminis/go/pkg/mod/github.com/gin-gonic/gin@v1.10.0/context.go:185
github.com/gin-gonic/gin.(*Engine).handleHTTPRequest
	/home/adminis/go/pkg/mod/github.com/gin-gonic/gin@v1.10.0/gin.go:633
github.com/gin-gonic/gin.(*Engine).ServeHTTP
	/home/adminis/go/pkg/mod/github.com/gin-gonic/gin@v1.10.0/gin.go:589
net/http.serverHandler.ServeHTTP
	/home/adminis/go/pkg/mod/golang.org/toolchain@v0.0.1-go1.24.2.linux-amd64/src/net/http/server.go:3301
net/http.(*conn).serve
	/home/adminis/go/pkg/mod/golang.org/toolchain@v0.0.1-go1.24.2.linux-amd64/src/net/http/server.go:2102
[github.com/flipped-aurora/gin-vue-admin/server]2026-05-10 10:14:27.369	[31merror[0m	/mnt/d/game/hlddz/ddz/admin/server/api/v1/system/sys_menu.go:175	删除失败!	{"error": "此菜单存在子菜单不可删除"}
github.com/flipped-aurora/gin-vue-admin/server/api/v1/system.(*AuthorityMenuApi).DeleteBaseMenu
	/mnt/d/game/hlddz/ddz/admin/server/api/v1/system/sys_menu.go:175
github.com/gin-gonic/gin.(*Context).Next
	/home/adminis/go/pkg/mod/github.com/gin-gonic/gin@v1.10.0/context.go:185
github.com/flipped-aurora/gin-vue-admin/server/router/system.(*MenuRouter).InitMenuRouter.OperationRecord.func1
	/mnt/d/game/hlddz/ddz/admin/server/middleware/operation.go:93
github.com/gin-gonic/gin.(*Context).Next
	/home/adminis/go/pkg/mod/github.com/gin-gonic/gin@v1.10.0/context.go:185
github.com/flipped-aurora/gin-vue-admin/server/initialize.Routers.CasbinHandler.func4
	/mnt/d/game/hlddz/ddz/admin/server/middleware/casbin_rbac.go:82
github.com/gin-gonic/gin.(*Context).Next
	/home/adminis/go/pkg/mod/github.com/gin-gonic/gin@v1.10.0/context.go:185
github.com/flipped-aurora/gin-vue-admin/server/initialize.Routers.JWTAuth.func3
	/mnt/d/game/hlddz/ddz/admin/server/middleware/jwt.go:69
github.com/gin-gonic/gin.(*Context).Next
	/home/adminis/go/pkg/mod/github.com/gin-gonic/gin@v1.10.0/context.go:185
github.com/gin-gonic/gin.LoggerWithConfig.func1
	/home/adminis/go/pkg/mod/github.com/gin-gonic/gin@v1.10.0/logger.go:249
github.com/gin-gonic/gin.(*Context).Next
	/home/adminis/go/pkg/mod/github.com/gin-gonic/gin@v1.10.0/context.go:185
github.com/flipped-aurora/gin-vue-admin/server/initialize.Routers.GinRecovery.func2
	/mnt/d/game/hlddz/ddz/admin/server/middleware/error.go:78
github.com/gin-gonic/gin.(*Context).Next
	/home/adminis/go/pkg/mod/github.com/gin-gonic/gin@v1.10.0/context.go:185
github.com/gin-gonic/gin.(*Engine).handleHTTPRequest
	/home/adminis/go/pkg/mod/github.com/gin-gonic/gin@v1.10.0/gin.go:633
github.com/gin-gonic/gin.(*Engine).ServeHTTP
	/home/adminis/go/pkg/mod/github.com/gin-gonic/gin@v1.10.0/gin.go:589
net/http.serverHandler.ServeHTTP
	/home/adminis/go/pkg/mod/golang.org/toolchain@v0.0.1-go1.24.2.linux-amd64/src/net/http/server.go:3301
net/http.(*conn).serve
	/home/adminis/go/pkg/mod/golang.org/toolchain@v0.0.1-go1.24.2.linux-amd64/src/net/http/server.go:2102
[github.com/flipped-aurora/gin-vue-admin/server]2026-05-10 14:37:05.038	[31merror[0m	/mnt/d/game/hlddz/ddz/admin/server/api/v1/ddz/player.go:430	获取货币流水失败!	{"error": "Error 1146 (42S02): Table 'ddz_game.ddz_diamond_logs' doesn't exist"}
github.com/flipped-aurora/gin-vue-admin/server/api/v1/ddz.(*DDZPlayerApi).GetCoinLogList
	/mnt/d/game/hlddz/ddz/admin/server/api/v1/ddz/player.go:430
github.com/gin-gonic/gin.(*Context).Next
	/home/adminis/go/pkg/mod/github.com/gin-gonic/gin@v1.10.0/context.go:185
github.com/flipped-aurora/gin-vue-admin/server/initialize.Routers.CasbinHandler.func4
	/mnt/d/game/hlddz/ddz/admin/server/middleware/casbin_rbac.go:82
github.com/gin-gonic/gin.(*Context).Next
	/home/adminis/go/pkg/mod/github.com/gin-gonic/gin@v1.10.0/context.go:185
github.com/flipped-aurora/gin-vue-admin/server/initialize.Routers.JWTAuth.func3
	/mnt/d/game/hlddz/ddz/admin/server/middleware/jwt.go:69
github.com/gin-gonic/gin.(*Context).Next
	/home/adminis/go/pkg/mod/github.com/gin-gonic/gin@v1.10.0/context.go:185
github.com/gin-gonic/gin.LoggerWithConfig.func1
	/home/adminis/go/pkg/mod/github.com/gin-gonic/gin@v1.10.0/logger.go:249
github.com/gin-gonic/gin.(*Context).Next
	/home/adminis/go/pkg/mod/github.com/gin-gonic/gin@v1.10.0/context.go:185
github.com/flipped-aurora/gin-vue-admin/server/initialize.Routers.GinRecovery.func2
	/mnt/d/game/hlddz/ddz/admin/server/middleware/error.go:78
github.com/gin-gonic/gin.(*Context).Next
	/home/adminis/go/pkg/mod/github.com/gin-gonic/gin@v1.10.0/context.go:185
github.com/gin-gonic/gin.(*Engine).handleHTTPRequest
	/home/adminis/go/pkg/mod/github.com/gin-gonic/gin@v1.10.0/gin.go:633
github.com/gin-gonic/gin.(*Engine).ServeHTTP
	/home/adminis/go/pkg/mod/github.com/gin-gonic/gin@v1.10.0/gin.go:589
net/http.serverHandler.ServeHTTP
	/home/adminis/go/pkg/mod/golang.org/toolchain@v0.0.1-go1.24.2.linux-amd64/src/net/http/server.go:3301
net/http.(*conn).serve
	/home/adminis/go/pkg/mod/golang.org/toolchain@v0.0.1-go1.24.2.linux-amd64/src/net/http/server.go:2102
[github.com/flipped-aurora/gin-vue-admin/server]2026-05-10 14:59:23.159	[31merror[0m	/mnt/d/game/hlddz/ddz/admin/server/api/v1/ddz/player.go:285	获取状态日志失败!	{"error": "Error 1146 (42S02): Table 'ddz_game.ddz_player_status_logs' doesn't exist"}
github.com/flipped-aurora/gin-vue-admin/server/api/v1/ddz.(*DDZPlayerApi).GetPlayerStatusLogs
	/mnt/d/game/hlddz/ddz/admin/server/api/v1/ddz/player.go:285
github.com/gin-gonic/gin.(*Context).Next
	/home/adminis/go/pkg/mod/github.com/gin-gonic/gin@v1.10.0/context.go:185
github.com/flipped-aurora/gin-vue-admin/server/initialize.Routers.CasbinHandler.func4
	/mnt/d/game/hlddz/ddz/admin/server/middleware/casbin_rbac.go:82
github.com/gin-gonic/gin.(*Context).Next
	/home/adminis/go/pkg/mod/github.com/gin-gonic/gin@v1.10.0/context.go:185
github.com/flipped-aurora/gin-vue-admin/server/initialize.Routers.JWTAuth.func3
	/mnt/d/game/hlddz/ddz/admin/server/middleware/jwt.go:69
github.com/gin-gonic/gin.(*Context).Next
	/home/adminis/go/pkg/mod/github.com/gin-gonic/gin@v1.10.0/context.go:185
github.com/gin-gonic/gin.LoggerWithConfig.func1
	/home/adminis/go/pkg/mod/github.com/gin-gonic/gin@v1.10.0/logger.go:249
github.com/gin-gonic/gin.(*Context).Next
	/home/adminis/go/pkg/mod/github.com/gin-gonic/gin@v1.10.0/context.go:185
github.com/flipped-aurora/gin-vue-admin/server/initialize.Routers.GinRecovery.func2
	/mnt/d/game/hlddz/ddz/admin/server/middleware/error.go:78
github.com/gin-gonic/gin.(*Context).Next
	/home/adminis/go/pkg/mod/github.com/gin-gonic/gin@v1.10.0/context.go:185
github.com/gin-gonic/gin.(*Engine).handleHTTPRequest
	/home/adminis/go/pkg/mod/github.com/gin-gonic/gin@v1.10.0/gin.go:633
github.com/gin-gonic/gin.(*Engine).ServeHTTP
	/home/adminis/go/pkg/mod/github.com/gin-gonic/gin@v1.10.0/gin.go:589
net/http.serverHandler.ServeHTTP
	/home/adminis/go/pkg/mod/golang.org/toolchain@v0.0.1-go1.24.2.linux-amd64/src/net/http/server.go:3301
net/http.(*conn).serve
	/home/adminis/go/pkg/mod/golang.org/toolchain@v0.0.1-go1.24.2.linux-amd64/src/net/http/server.go:2102
[github.com/flipped-aurora/gin-vue-admin/server]2026-05-10 14:59:33.197	[31merror[0m	/mnt/d/game/hlddz/ddz/admin/server/api/v1/ddz/player.go:285	获取状态日志失败!	{"error": "Error 1146 (42S02): Table 'ddz_game.ddz_player_status_logs' doesn't exist"}
github.com/flipped-aurora/gin-vue-admin/server/api/v1/ddz.(*DDZPlayerApi).GetPlayerStatusLogs
	/mnt/d/game/hlddz/ddz/admin/server/api/v1/ddz/player.go:285
github.com/gin-gonic/gin.(*Context).Next
	/home/adminis/go/pkg/mod/github.com/gin-gonic/gin@v1.10.0/context.go:185
github.com/flipped-aurora/gin-vue-admin/server/initialize.Routers.CasbinHandler.func4
	/mnt/d/game/hlddz/ddz/admin/server/middleware/casbin_rbac.go:82
github.com/gin-gonic/gin.(*Context).Next
	/home/adminis/go/pkg/mod/github.com/gin-gonic/gin@v1.10.0/context.go:185
github.com/flipped-aurora/gin-vue-admin/server/initialize.Routers.JWTAuth.func3
	/mnt/d/game/hlddz/ddz/admin/server/middleware/jwt.go:69
github.com/gin-gonic/gin.(*Context).Next
	/home/adminis/go/pkg/mod/github.com/gin-gonic/gin@v1.10.0/context.go:185
github.com/gin-gonic/gin.LoggerWithConfig.func1
	/home/adminis/go/pkg/mod/github.com/gin-gonic/gin@v1.10.0/logger.go:249
github.com/gin-gonic/gin.(*Context).Next
	/home/adminis/go/pkg/mod/github.com/gin-gonic/gin@v1.10.0/context.go:185
github.com/flipped-aurora/gin-vue-admin/server/initialize.Routers.GinRecovery.func2
	/mnt/d/game/hlddz/ddz/admin/server/middleware/error.go:78
github.com/gin-gonic/gin.(*Context).Next
	/home/adminis/go/pkg/mod/github.com/gin-gonic/gin@v1.10.0/context.go:185
github.com/gin-gonic/gin.(*Engine).handleHTTPRequest
	/home/adminis/go/pkg/mod/github.com/gin-gonic/gin@v1.10.0/gin.go:633
github.com/gin-gonic/gin.(*Engine).ServeHTTP
	/home/adminis/go/pkg/mod/github.com/gin-gonic/gin@v1.10.0/gin.go:589
net/http.serverHandler.ServeHTTP
	/home/adminis/go/pkg/mod/golang.org/toolchain@v0.0.1-go1.24.2.linux-amd64/src/net/http/server.go:3301
net/http.(*conn).serve
	/home/adminis/go/pkg/mod/golang.org/toolchain@v0.0.1-go1.24.2.linux-amd64/src/net/http/server.go:2102
[github.com/flipped-aurora/gin-vue-admin/server]2026-05-10 16:57:15.580	[31merror[0m	/mnt/d/game/hlddz/ddz/admin/server/api/v1/ddz/game_log.go:73	获取游戏记录详情失败!	{"error": "record not found"}
github.com/flipped-aurora/gin-vue-admin/server/api/v1/ddz.(*DDZGameLogApi).GetGameRecordDetail
	/mnt/d/game/hlddz/ddz/admin/server/api/v1/ddz/game_log.go:73
github.com/gin-gonic/gin.(*Context).Next
	/home/adminis/go/pkg/mod/github.com/gin-gonic/gin@v1.10.0/context.go:185
github.com/flipped-aurora/gin-vue-admin/server/initialize.Routers.CasbinHandler.func4
	/mnt/d/game/hlddz/ddz/admin/server/middleware/casbin_rbac.go:82
github.com/gin-gonic/gin.(*Context).Next
	/home/adminis/go/pkg/mod/github.com/gin-gonic/gin@v1.10.0/context.go:185
github.com/flipped-aurora/gin-vue-admin/server/initialize.Routers.JWTAuth.func3
	/mnt/d/game/hlddz/ddz/admin/server/middleware/jwt.go:69
github.com/gin-gonic/gin.(*Context).Next
	/home/adminis/go/pkg/mod/github.com/gin-gonic/gin@v1.10.0/context.go:185
github.com/gin-gonic/gin.LoggerWithConfig.func1
	/home/adminis/go/pkg/mod/github.com/gin-gonic/gin@v1.10.0/logger.go:249
github.com/gin-gonic/gin.(*Context).Next
	/home/adminis/go/pkg/mod/github.com/gin-gonic/gin@v1.10.0/context.go:185
github.com/flipped-aurora/gin-vue-admin/server/initialize.Routers.GinRecovery.func2
	/mnt/d/game/hlddz/ddz/admin/server/middleware/error.go:78
github.com/gin-gonic/gin.(*Context).Next
	/home/adminis/go/pkg/mod/github.com/gin-gonic/gin@v1.10.0/context.go:185
github.com/gin-gonic/gin.(*Engine).handleHTTPRequest
	/home/adminis/go/pkg/mod/github.com/gin-gonic/gin@v1.10.0/gin.go:633
github.com/gin-gonic/gin.(*Engine).ServeHTTP
	/home/adminis/go/pkg/mod/github.com/gin-gonic/gin@v1.10.0/gin.go:589
net/http.serverHandler.ServeHTTP
	/home/adminis/go/pkg/mod/golang.org/toolchain@v0.0.1-go1.24.2.linux-amd64/src/net/http/server.go:3301
net/http.(*conn).serve
	/home/adminis/go/pkg/mod/golang.org/toolchain@v0.0.1-go1.24.2.linux-amd64/src/net/http/server.go:2102
[github.com/flipped-aurora/gin-vue-admin/server]2026-05-10 16:57:24.875	[31merror[0m	/mnt/d/game/hlddz/ddz/admin/server/api/v1/ddz/game_log.go:73	获取游戏记录详情失败!	{"error": "record not found"}
github.com/flipped-aurora/gin-vue-admin/server/api/v1/ddz.(*DDZGameLogApi).GetGameRecordDetail
	/mnt/d/game/hlddz/ddz/admin/server/api/v1/ddz/game_log.go:73
github.com/gin-gonic/gin.(*Context).Next
	/home/adminis/go/pkg/mod/github.com/gin-gonic/gin@v1.10.0/context.go:185
github.com/flipped-aurora/gin-vue-admin/server/initialize.Routers.CasbinHandler.func4
	/mnt/d/game/hlddz/ddz/admin/server/middleware/casbin_rbac.go:82
github.com/gin-gonic/gin.(*Context).Next
	/home/adminis/go/pkg/mod/github.com/gin-gonic/gin@v1.10.0/context.go:185
github.com/flipped-aurora/gin-vue-admin/server/initialize.Routers.JWTAuth.func3
	/mnt/d/game/hlddz/ddz/admin/server/middleware/jwt.go:69
github.com/gin-gonic/gin.(*Context).Next
	/home/adminis/go/pkg/mod/github.com/gin-gonic/gin@v1.10.0/context.go:185
github.com/gin-gonic/gin.LoggerWithConfig.func1
	/home/adminis/go/pkg/mod/github.com/gin-gonic/gin@v1.10.0/logger.go:249
github.com/gin-gonic/gin.(*Context).Next
	/home/adminis/go/pkg/mod/github.com/gin-gonic/gin@v1.10.0/context.go:185
github.com/flipped-aurora/gin-vue-admin/server/initialize.Routers.GinRecovery.func2
	/mnt/d/game/hlddz/ddz/admin/server/middleware/error.go:78
github.com/gin-gonic/gin.(*Context).Next
	/home/adminis/go/pkg/mod/github.com/gin-gonic/gin@v1.10.0/context.go:185
github.com/gin-gonic/gin.(*Engine).handleHTTPRequest
	/home/adminis/go/pkg/mod/github.com/gin-gonic/gin@v1.10.0/gin.go:633
github.com/gin-gonic/gin.(*Engine).ServeHTTP
	/home/adminis/go/pkg/mod/github.com/gin-gonic/gin@v1.10.0/gin.go:589
net/http.serverHandler.ServeHTTP
	/home/adminis/go/pkg/mod/golang.org/toolchain@v0.0.1-go1.24.2.linux-amd64/src/net/http/server.go:3301
net/http.(*conn).serve
	/home/adminis/go/pkg/mod/golang.org/toolchain@v0.0.1-go1.24.2.linux-amd64/src/net/http/server.go:2102
