[github.com/flipped-aurora/gin-vue-admin/server]2026-05-10 08:29:03.771	[34minfo[0m	/mnt/d/game/hlddz/ddz/admin/server/initialize/gorm.go:87	register table success
[github.com/flipped-aurora/gin-vue-admin/server]2026-05-10 08:29:03.781	[34minfo[0m	/mnt/d/game/hlddz/ddz/admin/server/initialize/redis.go:35	redis connect ping response:	{"name": "", "pong": "PONG"}
[github.com/flipped-aurora/gin-vue-admin/server]2026-05-10 08:29:03.786	[34minfo[0m	/mnt/d/game/hlddz/ddz/admin/server/initialize/router.go:62	register swagger handler
[github.com/flipped-aurora/gin-vue-admin/server]2026-05-10 08:29:03.808	[34minfo[0m	/mnt/d/game/hlddz/ddz/admin/server/initialize/router.go:116	router register success
[github.com/flipped-aurora/gin-vue-admin/server]2026-05-10 10:19:29.940	[34minfo[0m	/mnt/d/game/hlddz/ddz/admin/server/core/server_run.go:48	关闭WEB服务...
[github.com/flipped-aurora/gin-vue-admin/server]2026-05-10 10:19:29.945	[34minfo[0m	/mnt/d/game/hlddz/ddz/admin/server/core/server_run.go:59	WEB服务已关闭
[github.com/flipped-aurora/gin-vue-admin/server]2026-05-10 10:19:38.266	[34minfo[0m	/mnt/d/game/hlddz/ddz/admin/server/initialize/gorm.go:87	register table success
[github.com/flipped-aurora/gin-vue-admin/server]2026-05-10 10:19:38.274	[34minfo[0m	/mnt/d/game/hlddz/ddz/admin/server/initialize/redis.go:35	redis connect ping response:	{"name": "", "pong": "PONG"}
[github.com/flipped-aurora/gin-vue-admin/server]2026-05-10 10:19:38.279	[34minfo[0m	/mnt/d/game/hlddz/ddz/admin/server/initialize/router.go:62	register swagger handler
[github.com/flipped-aurora/gin-vue-admin/server]2026-05-10 10:27:03.704	[34minfo[0m	/mnt/d/game/hlddz/ddz/admin/server/initialize/gorm.go:87	register table success
[github.com/flipped-aurora/gin-vue-admin/server]2026-05-10 10:27:03.708	[34minfo[0m	/mnt/d/game/hlddz/ddz/admin/server/initialize/redis.go:35	redis connect ping response:	{"name": "", "pong": "PONG"}
[github.com/flipped-aurora/gin-vue-admin/server]2026-05-10 10:27:03.712	[34minfo[0m	/mnt/d/game/hlddz/ddz/admin/server/initialize/router.go:62	register swagger handler
[github.com/flipped-aurora/gin-vue-admin/server]2026-05-10 10:27:03.731	[34minfo[0m	/mnt/d/game/hlddz/ddz/admin/server/initialize/router.go:116	router register success
[github.com/flipped-aurora/gin-vue-admin/server]2026-05-10 10:32:01.809	[34minfo[0m	/mnt/d/game/hlddz/ddz/admin/server/core/server_run.go:48	关闭WEB服务...
[github.com/flipped-aurora/gin-vue-admin/server]2026-05-10 10:32:01.814	[34minfo[0m	/mnt/d/game/hlddz/ddz/admin/server/core/server_run.go:59	WEB服务已关闭
[github.com/flipped-aurora/gin-vue-admin/server]2026-05-10 10:32:12.305	[34minfo[0m	/mnt/d/game/hlddz/ddz/admin/server/initialize/gorm.go:87	register table success
[github.com/flipped-aurora/gin-vue-admin/server]2026-05-10 10:32:12.310	[34minfo[0m	/mnt/d/game/hlddz/ddz/admin/server/initialize/redis.go:35	redis connect ping response:	{"name": "", "pong": "PONG"}
[github.com/flipped-aurora/gin-vue-admin/server]2026-05-10 10:32:12.314	[34minfo[0m	/mnt/d/game/hlddz/ddz/admin/server/initialize/router.go:62	register swagger handler
[github.com/flipped-aurora/gin-vue-admin/server]2026-05-10 10:32:12.335	[34minfo[0m	/mnt/d/game/hlddz/ddz/admin/server/initialize/router.go:116	router register success
[github.com/flipped-aurora/gin-vue-admin/server]2026-05-10 10:34:39.369	[34minfo[0m	/mnt/d/game/hlddz/ddz/admin/server/core/server_run.go:48	关闭WEB服务...
[github.com/flipped-aurora/gin-vue-admin/server]2026-05-10 10:34:39.380	[34minfo[0m	/mnt/d/game/hlddz/ddz/admin/server/core/server_run.go:59	WEB服务已关闭
[github.com/flipped-aurora/gin-vue-admin/server]2026-05-10 10:34:49.954	[34minfo[0m	/mnt/d/game/hlddz/ddz/admin/server/initialize/gorm.go:87	register table success
[github.com/flipped-aurora/gin-vue-admin/server]2026-05-10 10:34:49.959	[34minfo[0m	/mnt/d/game/hlddz/ddz/admin/server/initialize/redis.go:35	redis connect ping response:	{"name": "", "pong": "PONG"}
[github.com/flipped-aurora/gin-vue-admin/server]2026-05-10 10:34:49.963	[34minfo[0m	/mnt/d/game/hlddz/ddz/admin/server/initialize/router.go:62	register swagger handler
[github.com/flipped-aurora/gin-vue-admin/server]2026-05-10 10:34:49.987	[34minfo[0m	/mnt/d/game/hlddz/ddz/admin/server/initialize/router.go:116	router register success
[github.com/flipped-aurora/gin-vue-admin/server]2026-05-10 10:58:29.900	[34minfo[0m	/mnt/d/game/hlddz/ddz/admin/server/core/server_run.go:48	关闭WEB服务...
[github.com/flipped-aurora/gin-vue-admin/server]2026-05-10 10:58:29.904	[34minfo[0m	/mnt/d/game/hlddz/ddz/admin/server/core/server_run.go:59	WEB服务已关闭
[github.com/flipped-aurora/gin-vue-admin/server]2026-05-10 10:58:38.157	[34minfo[0m	/mnt/d/game/hlddz/ddz/admin/server/initialize/gorm.go:87	register table success
[github.com/flipped-aurora/gin-vue-admin/server]2026-05-10 10:58:38.162	[34minfo[0m	/mnt/d/game/hlddz/ddz/admin/server/initialize/redis.go:35	redis connect ping response:	{"name": "", "pong": "PONG"}
[github.com/flipped-aurora/gin-vue-admin/server]2026-05-10 10:58:38.166	[34minfo[0m	/mnt/d/game/hlddz/ddz/admin/server/initialize/router.go:62	register swagger handler
[github.com/flipped-aurora/gin-vue-admin/server]2026-05-10 10:58:38.189	[34minfo[0m	/mnt/d/game/hlddz/ddz/admin/server/initialize/router.go:116	router register success
[github.com/flipped-aurora/gin-vue-admin/server]2026-05-10 11:10:55.343	[34minfo[0m	/mnt/d/game/hlddz/ddz/admin/server/core/server_run.go:48	关闭WEB服务...
[github.com/flipped-aurora/gin-vue-admin/server]2026-05-10 11:10:55.348	[34minfo[0m	/mnt/d/game/hlddz/ddz/admin/server/core/server_run.go:59	WEB服务已关闭
[github.com/flipped-aurora/gin-vue-admin/server]2026-05-10 11:11:04.638	[34minfo[0m	/mnt/d/game/hlddz/ddz/admin/server/initialize/gorm.go:87	register table success
[github.com/flipped-aurora/gin-vue-admin/server]2026-05-10 11:11:04.648	[34minfo[0m	/mnt/d/game/hlddz/ddz/admin/server/initialize/redis.go:35	redis connect ping response:	{"name": "", "pong": "PONG"}
[github.com/flipped-aurora/gin-vue-admin/server]2026-05-10 11:11:04.655	[34minfo[0m	/mnt/d/game/hlddz/ddz/admin/server/initialize/router.go:62	register swagger handler
[github.com/flipped-aurora/gin-vue-admin/server]2026-05-10 11:11:04.693	[34minfo[0m	/mnt/d/game/hlddz/ddz/admin/server/initialize/router.go:116	router register success
[github.com/flipped-aurora/gin-vue-admin/server]2026-05-10 11:14:26.064	[34minfo[0m	/mnt/d/game/hlddz/ddz/admin/server/core/server_run.go:48	关闭WEB服务...
[github.com/flipped-aurora/gin-vue-admin/server]2026-05-10 11:14:26.068	[34minfo[0m	/mnt/d/game/hlddz/ddz/admin/server/core/server_run.go:59	WEB服务已关闭
[github.com/flipped-aurora/gin-vue-admin/server]2026-05-10 11:14:33.286	[34minfo[0m	/mnt/d/game/hlddz/ddz/admin/server/initialize/gorm.go:87	register table success
[github.com/flipped-aurora/gin-vue-admin/server]2026-05-10 11:14:33.290	[34minfo[0m	/mnt/d/game/hlddz/ddz/admin/server/initialize/redis.go:35	redis connect ping response:	{"name": "", "pong": "PONG"}
[github.com/flipped-aurora/gin-vue-admin/server]2026-05-10 11:14:33.294	[34minfo[0m	/mnt/d/game/hlddz/ddz/admin/server/initialize/router.go:62	register swagger handler
[github.com/flipped-aurora/gin-vue-admin/server]2026-05-10 11:14:33.315	[34minfo[0m	/mnt/d/game/hlddz/ddz/admin/server/initialize/router.go:116	router register success
[github.com/flipped-aurora/gin-vue-admin/server]2026-05-10 14:12:44.424	[34minfo[0m	/mnt/d/game/hlddz/ddz/admin/server/core/server_run.go:48	关闭WEB服务...
[github.com/flipped-aurora/gin-vue-admin/server]2026-05-10 14:12:44.435	[34minfo[0m	/mnt/d/game/hlddz/ddz/admin/server/core/server_run.go:59	WEB服务已关闭
[github.com/flipped-aurora/gin-vue-admin/server]2026-05-10 14:23:27.098	[34minfo[0m	/mnt/d/game/hlddz/ddz/admin/server/initialize/gorm.go:87	register table success
[github.com/flipped-aurora/gin-vue-admin/server]2026-05-10 14:23:27.107	[34minfo[0m	/mnt/d/game/hlddz/ddz/admin/server/initialize/redis.go:35	redis connect ping response:	{"name": "", "pong": "PONG"}
[github.com/flipped-aurora/gin-vue-admin/server]2026-05-10 14:23:27.111	[34minfo[0m	/mnt/d/game/hlddz/ddz/admin/server/initialize/router.go:62	register swagger handler
[github.com/flipped-aurora/gin-vue-admin/server]2026-05-10 14:23:27.135	[34minfo[0m	/mnt/d/game/hlddz/ddz/admin/server/initialize/router.go:116	router register success
[github.com/flipped-aurora/gin-vue-admin/server]2026-05-10 14:27:58.420	[34minfo[0m	/mnt/d/game/hlddz/ddz/admin/server/core/server_run.go:48	关闭WEB服务...
[github.com/flipped-aurora/gin-vue-admin/server]2026-05-10 14:27:58.425	[34minfo[0m	/mnt/d/game/hlddz/ddz/admin/server/core/server_run.go:59	WEB服务已关闭
[github.com/flipped-aurora/gin-vue-admin/server]2026-05-10 14:28:05.558	[34minfo[0m	/mnt/d/game/hlddz/ddz/admin/server/initialize/gorm.go:87	register table success
[github.com/flipped-aurora/gin-vue-admin/server]2026-05-10 14:28:05.562	[34minfo[0m	/mnt/d/game/hlddz/ddz/admin/server/initialize/redis.go:35	redis connect ping response:	{"name": "", "pong": "PONG"}
[github.com/flipped-aurora/gin-vue-admin/server]2026-05-10 14:28:05.566	[34minfo[0m	/mnt/d/game/hlddz/ddz/admin/server/initialize/router.go:62	register swagger handler
[github.com/flipped-aurora/gin-vue-admin/server]2026-05-10 14:28:05.588	[34minfo[0m	/mnt/d/game/hlddz/ddz/admin/server/initialize/router.go:116	router register success
[github.com/flipped-aurora/gin-vue-admin/server]2026-05-10 14:32:25.166	[34minfo[0m	/mnt/d/game/hlddz/ddz/admin/server/core/server_run.go:48	关闭WEB服务...
[github.com/flipped-aurora/gin-vue-admin/server]2026-05-10 14:32:25.171	[34minfo[0m	/mnt/d/game/hlddz/ddz/admin/server/core/server_run.go:59	WEB服务已关闭
[github.com/flipped-aurora/gin-vue-admin/server]2026-05-10 14:32:28.047	[34minfo[0m	/mnt/d/game/hlddz/ddz/admin/server/initialize/gorm.go:87	register table success
[github.com/flipped-aurora/gin-vue-admin/server]2026-05-10 14:32:28.052	[34minfo[0m	/mnt/d/game/hlddz/ddz/admin/server/initialize/redis.go:35	redis connect ping response:	{"name": "", "pong": "PONG"}
[github.com/flipped-aurora/gin-vue-admin/server]2026-05-10 14:32:28.056	[34minfo[0m	/mnt/d/game/hlddz/ddz/admin/server/initialize/router.go:62	register swagger handler
[github.com/flipped-aurora/gin-vue-admin/server]2026-05-10 14:32:28.080	[34minfo[0m	/mnt/d/game/hlddz/ddz/admin/server/initialize/router.go:116	router register success
[github.com/flipped-aurora/gin-vue-admin/server]2026-05-10 14:35:12.549	[34minfo[0m	/mnt/d/game/hlddz/ddz/admin/server/core/server_run.go:48	关闭WEB服务...
[github.com/flipped-aurora/gin-vue-admin/server]2026-05-10 14:35:12.554	[34minfo[0m	/mnt/d/game/hlddz/ddz/admin/server/core/server_run.go:59	WEB服务已关闭
[github.com/flipped-aurora/gin-vue-admin/server]2026-05-10 14:35:21.389	[34minfo[0m	/mnt/d/game/hlddz/ddz/admin/server/initialize/gorm.go:87	register table success
[github.com/flipped-aurora/gin-vue-admin/server]2026-05-10 14:35:21.393	[34minfo[0m	/mnt/d/game/hlddz/ddz/admin/server/initialize/redis.go:35	redis connect ping response:	{"name": "", "pong": "PONG"}
[github.com/flipped-aurora/gin-vue-admin/server]2026-05-10 14:35:21.398	[34minfo[0m	/mnt/d/game/hlddz/ddz/admin/server/initialize/router.go:62	register swagger handler
[github.com/flipped-aurora/gin-vue-admin/server]2026-05-10 14:35:21.418	[34minfo[0m	/mnt/d/game/hlddz/ddz/admin/server/initialize/router.go:116	router register success
[github.com/flipped-aurora/gin-vue-admin/server]2026-05-10 14:57:44.590	[34minfo[0m	/mnt/d/game/hlddz/ddz/admin/server/core/server_run.go:48	关闭WEB服务...
[github.com/flipped-aurora/gin-vue-admin/server]2026-05-10 14:57:44.594	[34minfo[0m	/mnt/d/game/hlddz/ddz/admin/server/core/server_run.go:59	WEB服务已关闭
[github.com/flipped-aurora/gin-vue-admin/server]2026-05-10 14:57:53.044	[34minfo[0m	/mnt/d/game/hlddz/ddz/admin/server/initialize/gorm.go:87	register table success
[github.com/flipped-aurora/gin-vue-admin/server]2026-05-10 14:57:53.048	[34minfo[0m	/mnt/d/game/hlddz/ddz/admin/server/initialize/redis.go:35	redis connect ping response:	{"name": "", "pong": "PONG"}
[github.com/flipped-aurora/gin-vue-admin/server]2026-05-10 14:57:53.053	[34minfo[0m	/mnt/d/game/hlddz/ddz/admin/server/initialize/router.go:62	register swagger handler
[github.com/flipped-aurora/gin-vue-admin/server]2026-05-10 14:57:53.074	[34minfo[0m	/mnt/d/game/hlddz/ddz/admin/server/initialize/router.go:116	router register success
[github.com/flipped-aurora/gin-vue-admin/server]2026-05-10 15:07:02.068	[34minfo[0m	/mnt/d/game/hlddz/ddz/admin/server/core/server_run.go:48	关闭WEB服务...
[github.com/flipped-aurora/gin-vue-admin/server]2026-05-10 15:07:02.071	[34minfo[0m	/mnt/d/game/hlddz/ddz/admin/server/core/server_run.go:59	WEB服务已关闭
[github.com/flipped-aurora/gin-vue-admin/server]2026-05-10 15:07:10.109	[34minfo[0m	/mnt/d/game/hlddz/ddz/admin/server/initialize/gorm.go:87	register table success
[github.com/flipped-aurora/gin-vue-admin/server]2026-05-10 15:07:10.113	[34minfo[0m	/mnt/d/game/hlddz/ddz/admin/server/initialize/redis.go:35	redis connect ping response:	{"name": "", "pong": "PONG"}
[github.com/flipped-aurora/gin-vue-admin/server]2026-05-10 15:07:10.117	[34minfo[0m	/mnt/d/game/hlddz/ddz/admin/server/initialize/router.go:62	register swagger handler
[github.com/flipped-aurora/gin-vue-admin/server]2026-05-10 15:07:10.141	[34minfo[0m	/mnt/d/game/hlddz/ddz/admin/server/initialize/router.go:116	router register success
[github.com/flipped-aurora/gin-vue-admin/server]2026-05-10 15:18:50.758	[34minfo[0m	/mnt/d/game/hlddz/ddz/admin/server/core/server_run.go:48	关闭WEB服务...
[github.com/flipped-aurora/gin-vue-admin/server]2026-05-10 15:18:50.762	[34minfo[0m	/mnt/d/game/hlddz/ddz/admin/server/core/server_run.go:59	WEB服务已关闭
[github.com/flipped-aurora/gin-vue-admin/server]2026-05-10 15:19:01.076	[34minfo[0m	/mnt/d/game/hlddz/ddz/admin/server/initialize/gorm.go:87	register table success
[github.com/flipped-aurora/gin-vue-admin/server]2026-05-10 15:19:01.080	[34minfo[0m	/mnt/d/game/hlddz/ddz/admin/server/initialize/redis.go:35	redis connect ping response:	{"name": "", "pong": "PONG"}
[github.com/flipped-aurora/gin-vue-admin/server]2026-05-10 15:19:01.084	[34minfo[0m	/mnt/d/game/hlddz/ddz/admin/server/initialize/router.go:62	register swagger handler
[github.com/flipped-aurora/gin-vue-admin/server]2026-05-10 15:19:01.106	[34minfo[0m	/mnt/d/game/hlddz/ddz/admin/server/initialize/router.go:116	router register success
[github.com/flipped-aurora/gin-vue-admin/server]2026-05-10 15:24:53.669	[34minfo[0m	/mnt/d/game/hlddz/ddz/admin/server/core/server_run.go:48	关闭WEB服务...
[github.com/flipped-aurora/gin-vue-admin/server]2026-05-10 15:24:53.681	[34minfo[0m	/mnt/d/game/hlddz/ddz/admin/server/core/server_run.go:59	WEB服务已关闭
[github.com/flipped-aurora/gin-vue-admin/server]2026-05-10 15:25:03.192	[34minfo[0m	/mnt/d/game/hlddz/ddz/admin/server/initialize/gorm.go:87	register table success
[github.com/flipped-aurora/gin-vue-admin/server]2026-05-10 15:25:03.196	[34minfo[0m	/mnt/d/game/hlddz/ddz/admin/server/initialize/redis.go:35	redis connect ping response:	{"name": "", "pong": "PONG"}
[github.com/flipped-aurora/gin-vue-admin/server]2026-05-10 15:25:03.199	[34minfo[0m	/mnt/d/game/hlddz/ddz/admin/server/initialize/router.go:62	register swagger handler
[github.com/flipped-aurora/gin-vue-admin/server]2026-05-10 15:25:03.216	[34minfo[0m	/mnt/d/game/hlddz/ddz/admin/server/initialize/router.go:116	router register success
[github.com/flipped-aurora/gin-vue-admin/server]2026-05-10 15:51:57.900	[34minfo[0m	/mnt/d/game/hlddz/ddz/admin/server/core/server_run.go:48	关闭WEB服务...
[github.com/flipped-aurora/gin-vue-admin/server]2026-05-10 15:51:57.903	[34minfo[0m	/mnt/d/game/hlddz/ddz/admin/server/core/server_run.go:59	WEB服务已关闭
[github.com/flipped-aurora/gin-vue-admin/server]2026-05-10 15:52:06.316	[34minfo[0m	/mnt/d/game/hlddz/ddz/admin/server/initialize/gorm.go:87	register table success
[github.com/flipped-aurora/gin-vue-admin/server]2026-05-10 15:52:06.320	[34minfo[0m	/mnt/d/game/hlddz/ddz/admin/server/initialize/redis.go:35	redis connect ping response:	{"name": "", "pong": "PONG"}
[github.com/flipped-aurora/gin-vue-admin/server]2026-05-10 15:52:06.324	[34minfo[0m	/mnt/d/game/hlddz/ddz/admin/server/initialize/router.go:62	register swagger handler
[github.com/flipped-aurora/gin-vue-admin/server]2026-05-10 15:52:06.347	[34minfo[0m	/mnt/d/game/hlddz/ddz/admin/server/initialize/router.go:116	router register success
[github.com/flipped-aurora/gin-vue-admin/server]2026-05-10 15:57:37.737	[34minfo[0m	/mnt/d/game/hlddz/ddz/admin/server/core/server_run.go:48	关闭WEB服务...
[github.com/flipped-aurora/gin-vue-admin/server]2026-05-10 15:57:37.740	[34minfo[0m	/mnt/d/game/hlddz/ddz/admin/server/core/server_run.go:59	WEB服务已关闭
[github.com/flipped-aurora/gin-vue-admin/server]2026-05-10 15:57:41.253	[34minfo[0m	/mnt/d/game/hlddz/ddz/admin/server/initialize/gorm.go:87	register table success
[github.com/flipped-aurora/gin-vue-admin/server]2026-05-10 15:57:41.260	[34minfo[0m	/mnt/d/game/hlddz/ddz/admin/server/initialize/redis.go:35	redis connect ping response:	{"name": "", "pong": "PONG"}
[github.com/flipped-aurora/gin-vue-admin/server]2026-05-10 15:57:41.265	[34minfo[0m	/mnt/d/game/hlddz/ddz/admin/server/initialize/router.go:62	register swagger handler
[github.com/flipped-aurora/gin-vue-admin/server]2026-05-10 15:57:41.283	[34minfo[0m	/mnt/d/game/hlddz/ddz/admin/server/initialize/router.go:116	router register success
[github.com/flipped-aurora/gin-vue-admin/server]2026-05-10 16:21:47.838	[34minfo[0m	/mnt/d/game/hlddz/ddz/admin/server/core/server_run.go:48	关闭WEB服务...
[github.com/flipped-aurora/gin-vue-admin/server]2026-05-10 16:21:47.842	[34minfo[0m	/mnt/d/game/hlddz/ddz/admin/server/core/server_run.go:59	WEB服务已关闭
[github.com/flipped-aurora/gin-vue-admin/server]2026-05-10 16:21:58.370	[34minfo[0m	/mnt/d/game/hlddz/ddz/admin/server/initialize/gorm.go:87	register table success
[github.com/flipped-aurora/gin-vue-admin/server]2026-05-10 16:21:58.375	[34minfo[0m	/mnt/d/game/hlddz/ddz/admin/server/initialize/redis.go:35	redis connect ping response:	{"name": "", "pong": "PONG"}
[github.com/flipped-aurora/gin-vue-admin/server]2026-05-10 16:21:58.379	[34minfo[0m	/mnt/d/game/hlddz/ddz/admin/server/initialize/router.go:62	register swagger handler
[github.com/flipped-aurora/gin-vue-admin/server]2026-05-10 16:21:58.400	[34minfo[0m	/mnt/d/game/hlddz/ddz/admin/server/initialize/router.go:116	router register success
[github.com/flipped-aurora/gin-vue-admin/server]2026-05-10 16:35:05.445	[34minfo[0m	/mnt/d/game/hlddz/ddz/admin/server/core/server_run.go:48	关闭WEB服务...
[github.com/flipped-aurora/gin-vue-admin/server]2026-05-10 16:35:05.449	[34minfo[0m	/mnt/d/game/hlddz/ddz/admin/server/core/server_run.go:59	WEB服务已关闭
[github.com/flipped-aurora/gin-vue-admin/server]2026-05-10 16:35:14.749	[34minfo[0m	/mnt/d/game/hlddz/ddz/admin/server/initialize/gorm.go:87	register table success
[github.com/flipped-aurora/gin-vue-admin/server]2026-05-10 16:35:14.753	[34minfo[0m	/mnt/d/game/hlddz/ddz/admin/server/initialize/redis.go:35	redis connect ping response:	{"name": "", "pong": "PONG"}
[github.com/flipped-aurora/gin-vue-admin/server]2026-05-10 16:35:14.756	[34minfo[0m	/mnt/d/game/hlddz/ddz/admin/server/initialize/router.go:62	register swagger handler
[github.com/flipped-aurora/gin-vue-admin/server]2026-05-10 16:35:14.773	[34minfo[0m	/mnt/d/game/hlddz/ddz/admin/server/initialize/router.go:116	router register success
[github.com/flipped-aurora/gin-vue-admin/server]2026-05-10 16:54:27.337	[34minfo[0m	/mnt/d/game/hlddz/ddz/admin/server/core/server_run.go:48	关闭WEB服务...
[github.com/flipped-aurora/gin-vue-admin/server]2026-05-10 16:54:27.340	[34minfo[0m	/mnt/d/game/hlddz/ddz/admin/server/core/server_run.go:59	WEB服务已关闭
[github.com/flipped-aurora/gin-vue-admin/server]2026-05-10 16:54:38.052	[34minfo[0m	/mnt/d/game/hlddz/ddz/admin/server/initialize/gorm.go:87	register table success
[github.com/flipped-aurora/gin-vue-admin/server]2026-05-10 16:54:38.057	[34minfo[0m	/mnt/d/game/hlddz/ddz/admin/server/initialize/redis.go:35	redis connect ping response:	{"name": "", "pong": "PONG"}
[github.com/flipped-aurora/gin-vue-admin/server]2026-05-10 16:54:38.060	[34minfo[0m	/mnt/d/game/hlddz/ddz/admin/server/initialize/router.go:62	register swagger handler
[github.com/flipped-aurora/gin-vue-admin/server]2026-05-10 16:54:38.079	[34minfo[0m	/mnt/d/game/hlddz/ddz/admin/server/initialize/router.go:116	router register success
[github.com/flipped-aurora/gin-vue-admin/server]2026-05-10 17:09:48.855	[34minfo[0m	/mnt/d/game/hlddz/ddz/admin/server/core/server_run.go:48	关闭WEB服务...
[github.com/flipped-aurora/gin-vue-admin/server]2026-05-10 17:09:48.859	[34minfo[0m	/mnt/d/game/hlddz/ddz/admin/server/core/server_run.go:59	WEB服务已关闭
[github.com/flipped-aurora/gin-vue-admin/server]2026-05-10 17:09:58.886	[34minfo[0m	/mnt/d/game/hlddz/ddz/admin/server/initialize/gorm.go:87	register table success
[github.com/flipped-aurora/gin-vue-admin/server]2026-05-10 17:09:58.897	[34minfo[0m	/mnt/d/game/hlddz/ddz/admin/server/initialize/redis.go:35	redis connect ping response:	{"name": "", "pong": "PONG"}
[github.com/flipped-aurora/gin-vue-admin/server]2026-05-10 17:09:58.904	[34minfo[0m	/mnt/d/game/hlddz/ddz/admin/server/initialize/router.go:62	register swagger handler
[github.com/flipped-aurora/gin-vue-admin/server]2026-05-10 17:09:58.929	[34minfo[0m	/mnt/d/game/hlddz/ddz/admin/server/initialize/router.go:116	router register success
[github.com/flipped-aurora/gin-vue-admin/server]2026-05-10 17:34:08.234	[34minfo[0m	/mnt/d/game/hlddz/ddz/admin/server/core/server_run.go:48	关闭WEB服务...
[github.com/flipped-aurora/gin-vue-admin/server]2026-05-10 17:34:08.238	[34minfo[0m	/mnt/d/game/hlddz/ddz/admin/server/core/server_run.go:59	WEB服务已关闭
[github.com/flipped-aurora/gin-vue-admin/server]2026-05-10 17:34:18.067	[34minfo[0m	/mnt/d/game/hlddz/ddz/admin/server/initialize/gorm.go:87	register table success
[github.com/flipped-aurora/gin-vue-admin/server]2026-05-10 17:34:18.071	[34minfo[0m	/mnt/d/game/hlddz/ddz/admin/server/initialize/redis.go:35	redis connect ping response:	{"name": "", "pong": "PONG"}
[github.com/flipped-aurora/gin-vue-admin/server]2026-05-10 17:34:18.087	[34minfo[0m	/mnt/d/game/hlddz/ddz/admin/server/initialize/router.go:62	register swagger handler
[github.com/flipped-aurora/gin-vue-admin/server]2026-05-10 17:34:18.105	[34minfo[0m	/mnt/d/game/hlddz/ddz/admin/server/initialize/router.go:116	router register success
[github.com/flipped-aurora/gin-vue-admin/server]2026-05-10 18:06:29.224	[34minfo[0m	/mnt/d/game/hlddz/ddz/admin/server/core/server_run.go:48	关闭WEB服务...
[github.com/flipped-aurora/gin-vue-admin/server]2026-05-10 18:06:29.227	[34minfo[0m	/mnt/d/game/hlddz/ddz/admin/server/core/server_run.go:59	WEB服务已关闭
[github.com/flipped-aurora/gin-vue-admin/server]2026-05-10 18:06:35.931	[34minfo[0m	/mnt/d/game/hlddz/ddz/admin/server/initialize/gorm.go:87	register table success
[github.com/flipped-aurora/gin-vue-admin/server]2026-05-10 18:06:35.935	[34minfo[0m	/mnt/d/game/hlddz/ddz/admin/server/initialize/redis.go:35	redis connect ping response:	{"name": "", "pong": "PONG"}
[github.com/flipped-aurora/gin-vue-admin/server]2026-05-10 18:06:35.938	[34minfo[0m	/mnt/d/game/hlddz/ddz/admin/server/initialize/router.go:62	register swagger handler
[github.com/flipped-aurora/gin-vue-admin/server]2026-05-10 18:06:35.957	[34minfo[0m	/mnt/d/game/hlddz/ddz/admin/server/initialize/router.go:116	router register success
[github.com/flipped-aurora/gin-vue-admin/server]2026-05-10 18:13:56.119	[34minfo[0m	/mnt/d/game/hlddz/ddz/admin/server/core/server_run.go:48	关闭WEB服务...
[github.com/flipped-aurora/gin-vue-admin/server]2026-05-10 18:13:56.128	[34minfo[0m	/mnt/d/game/hlddz/ddz/admin/server/core/server_run.go:59	WEB服务已关闭
[github.com/flipped-aurora/gin-vue-admin/server]2026-05-10 18:14:05.592	[34minfo[0m	/mnt/d/game/hlddz/ddz/admin/server/initialize/gorm.go:87	register table success
[github.com/flipped-aurora/gin-vue-admin/server]2026-05-10 18:14:05.596	[34minfo[0m	/mnt/d/game/hlddz/ddz/admin/server/initialize/redis.go:35	redis connect ping response:	{"name": "", "pong": "PONG"}
[github.com/flipped-aurora/gin-vue-admin/server]2026-05-10 18:14:05.599	[34minfo[0m	/mnt/d/game/hlddz/ddz/admin/server/initialize/router.go:62	register swagger handler
[github.com/flipped-aurora/gin-vue-admin/server]2026-05-10 18:14:05.619	[34minfo[0m	/mnt/d/game/hlddz/ddz/admin/server/initialize/router.go:116	router register success
[github.com/flipped-aurora/gin-vue-admin/server]2026-05-10 18:19:43.804	[34minfo[0m	/mnt/d/game/hlddz/ddz/admin/server/core/server_run.go:48	关闭WEB服务...
[github.com/flipped-aurora/gin-vue-admin/server]2026-05-10 18:19:43.807	[34minfo[0m	/mnt/d/game/hlddz/ddz/admin/server/core/server_run.go:59	WEB服务已关闭
[github.com/flipped-aurora/gin-vue-admin/server]2026-05-10 18:22:45.732	[34minfo[0m	/mnt/d/game/hlddz/ddz/admin/server/initialize/gorm.go:87	register table success
[github.com/flipped-aurora/gin-vue-admin/server]2026-05-10 18:22:45.736	[34minfo[0m	/mnt/d/game/hlddz/ddz/admin/server/initialize/redis.go:35	redis connect ping response:	{"name": "", "pong": "PONG"}
[github.com/flipped-aurora/gin-vue-admin/server]2026-05-10 18:22:45.740	[34minfo[0m	/mnt/d/game/hlddz/ddz/admin/server/initialize/router.go:62	register swagger handler
[github.com/flipped-aurora/gin-vue-admin/server]2026-05-10 18:22:45.758	[34minfo[0m	/mnt/d/game/hlddz/ddz/admin/server/initialize/router.go:116	router register success
[github.com/flipped-aurora/gin-vue-admin/server]2026-05-10 18:46:36.994	[34minfo[0m	/mnt/d/game/hlddz/ddz/admin/server/core/server_run.go:48	关闭WEB服务...
[github.com/flipped-aurora/gin-vue-admin/server]2026-05-10 18:46:36.998	[34minfo[0m	/mnt/d/game/hlddz/ddz/admin/server/core/server_run.go:59	WEB服务已关闭
[github.com/flipped-aurora/gin-vue-admin/server]2026-05-10 18:46:45.449	[34minfo[0m	/mnt/d/game/hlddz/ddz/admin/server/initialize/gorm.go:87	register table success
[github.com/flipped-aurora/gin-vue-admin/server]2026-05-10 18:46:45.453	[34minfo[0m	/mnt/d/game/hlddz/ddz/admin/server/initialize/redis.go:35	redis connect ping response:	{"name": "", "pong": "PONG"}
[github.com/flipped-aurora/gin-vue-admin/server]2026-05-10 18:46:45.457	[34minfo[0m	/mnt/d/game/hlddz/ddz/admin/server/initialize/router.go:62	register swagger handler
[github.com/flipped-aurora/gin-vue-admin/server]2026-05-10 18:46:45.479	[34minfo[0m	/mnt/d/game/hlddz/ddz/admin/server/initialize/router.go:116	router register success
[github.com/flipped-aurora/gin-vue-admin/server]2026-05-10 18:56:33.221	[34minfo[0m	/mnt/d/game/hlddz/ddz/admin/server/core/server_run.go:48	关闭WEB服务...
[github.com/flipped-aurora/gin-vue-admin/server]2026-05-10 18:56:33.225	[34minfo[0m	/mnt/d/game/hlddz/ddz/admin/server/core/server_run.go:59	WEB服务已关闭
[github.com/flipped-aurora/gin-vue-admin/server]2026-05-10 18:56:39.494	[34minfo[0m	/mnt/d/game/hlddz/ddz/admin/server/initialize/gorm.go:87	register table success
[github.com/flipped-aurora/gin-vue-admin/server]2026-05-10 18:56:39.498	[34minfo[0m	/mnt/d/game/hlddz/ddz/admin/server/initialize/redis.go:35	redis connect ping response:	{"name": "", "pong": "PONG"}
[github.com/flipped-aurora/gin-vue-admin/server]2026-05-10 18:56:39.501	[34minfo[0m	/mnt/d/game/hlddz/ddz/admin/server/initialize/router.go:62	register swagger handler
[github.com/flipped-aurora/gin-vue-admin/server]2026-05-10 18:56:39.520	[34minfo[0m	/mnt/d/game/hlddz/ddz/admin/server/initialize/router.go:116	router register success
[github.com/flipped-aurora/gin-vue-admin/server]2026-05-10 19:03:03.638	[34minfo[0m	/mnt/d/game/hlddz/ddz/admin/server/core/server_run.go:48	关闭WEB服务...
[github.com/flipped-aurora/gin-vue-admin/server]2026-05-10 19:03:03.641	[34minfo[0m	/mnt/d/game/hlddz/ddz/admin/server/core/server_run.go:59	WEB服务已关闭
[github.com/flipped-aurora/gin-vue-admin/server]2026-05-10 19:03:10.065	[34minfo[0m	/mnt/d/game/hlddz/ddz/admin/server/initialize/gorm.go:87	register table success
[github.com/flipped-aurora/gin-vue-admin/server]2026-05-10 19:03:10.069	[34minfo[0m	/mnt/d/game/hlddz/ddz/admin/server/initialize/redis.go:35	redis connect ping response:	{"name": "", "pong": "PONG"}
[github.com/flipped-aurora/gin-vue-admin/server]2026-05-10 19:03:10.072	[34minfo[0m	/mnt/d/game/hlddz/ddz/admin/server/initialize/router.go:62	register swagger handler
[github.com/flipped-aurora/gin-vue-admin/server]2026-05-10 19:03:10.091	[34minfo[0m	/mnt/d/game/hlddz/ddz/admin/server/initialize/router.go:116	router register success
[github.com/flipped-aurora/gin-vue-admin/server]2026-05-10 19:04:29.048	[34minfo[0m	/mnt/d/game/hlddz/ddz/admin/server/service/ddz/player.go:539	金币更新成功	{"playerID": 7, "changeAmount": 100, "newBalance": 9760, "remark": "2222"}
[github.com/flipped-aurora/gin-vue-admin/server]2026-05-10 19:09:01.688	[34minfo[0m	/mnt/d/game/hlddz/ddz/admin/server/core/server_run.go:48	关闭WEB服务...
[github.com/flipped-aurora/gin-vue-admin/server]2026-05-10 19:09:01.691	[34minfo[0m	/mnt/d/game/hlddz/ddz/admin/server/core/server_run.go:59	WEB服务已关闭
[github.com/flipped-aurora/gin-vue-admin/server]2026-05-10 19:09:07.660	[34minfo[0m	/mnt/d/game/hlddz/ddz/admin/server/initialize/gorm.go:87	register table success
[github.com/flipped-aurora/gin-vue-admin/server]2026-05-10 19:09:07.664	[34minfo[0m	/mnt/d/game/hlddz/ddz/admin/server/initialize/redis.go:35	redis connect ping response:	{"name": "", "pong": "PONG"}
[github.com/flipped-aurora/gin-vue-admin/server]2026-05-10 19:09:07.667	[34minfo[0m	/mnt/d/game/hlddz/ddz/admin/server/initialize/router.go:62	register swagger handler
[github.com/flipped-aurora/gin-vue-admin/server]2026-05-10 19:09:07.684	[34minfo[0m	/mnt/d/game/hlddz/ddz/admin/server/initialize/router.go:116	router register success
[github.com/flipped-aurora/gin-vue-admin/server]2026-05-10 19:13:56.047	[34minfo[0m	/mnt/d/game/hlddz/ddz/admin/server/core/server_run.go:48	关闭WEB服务...
[github.com/flipped-aurora/gin-vue-admin/server]2026-05-10 19:13:56.050	[34minfo[0m	/mnt/d/game/hlddz/ddz/admin/server/core/server_run.go:59	WEB服务已关闭
[github.com/flipped-aurora/gin-vue-admin/server]2026-05-10 19:19:40.778	[34minfo[0m	/mnt/d/game/hlddz/ddz/admin/server/initialize/gorm.go:87	register table success
[github.com/flipped-aurora/gin-vue-admin/server]2026-05-10 19:19:40.782	[34minfo[0m	/mnt/d/game/hlddz/ddz/admin/server/initialize/redis.go:35	redis connect ping response:	{"name": "", "pong": "PONG"}
[github.com/flipped-aurora/gin-vue-admin/server]2026-05-10 19:19:40.786	[34minfo[0m	/mnt/d/game/hlddz/ddz/admin/server/initialize/router.go:62	register swagger handler
[github.com/flipped-aurora/gin-vue-admin/server]2026-05-10 19:19:40.808	[34minfo[0m	/mnt/d/game/hlddz/ddz/admin/server/initialize/router.go:116	router register success
[github.com/flipped-aurora/gin-vue-admin/server]2026-05-10 19:23:19.147	[34minfo[0m	/mnt/d/game/hlddz/ddz/admin/server/core/server_run.go:48	关闭WEB服务...
[github.com/flipped-aurora/gin-vue-admin/server]2026-05-10 19:23:19.151	[34minfo[0m	/mnt/d/game/hlddz/ddz/admin/server/core/server_run.go:59	WEB服务已关闭
[github.com/flipped-aurora/gin-vue-admin/server]2026-05-10 19:23:29.535	[34minfo[0m	/mnt/d/game/hlddz/ddz/admin/server/initialize/gorm.go:87	register table success
[github.com/flipped-aurora/gin-vue-admin/server]2026-05-10 19:23:29.539	[34minfo[0m	/mnt/d/game/hlddz/ddz/admin/server/initialize/redis.go:35	redis connect ping response:	{"name": "", "pong": "PONG"}
[github.com/flipped-aurora/gin-vue-admin/server]2026-05-10 19:23:29.543	[34minfo[0m	/mnt/d/game/hlddz/ddz/admin/server/initialize/router.go:62	register swagger handler
[github.com/flipped-aurora/gin-vue-admin/server]2026-05-10 19:23:29.563	[34minfo[0m	/mnt/d/game/hlddz/ddz/admin/server/initialize/router.go:116	router register success
[github.com/flipped-aurora/gin-vue-admin/server]2026-05-10 19:29:18.748	[34minfo[0m	/mnt/d/game/hlddz/ddz/admin/server/core/server_run.go:48	关闭WEB服务...
[github.com/flipped-aurora/gin-vue-admin/server]2026-05-10 19:29:18.751	[34minfo[0m	/mnt/d/game/hlddz/ddz/admin/server/core/server_run.go:59	WEB服务已关闭
[github.com/flipped-aurora/gin-vue-admin/server]2026-05-10 19:30:54.911	[34minfo[0m	/mnt/d/game/hlddz/ddz/admin/server/initialize/gorm.go:87	register table success
[github.com/flipped-aurora/gin-vue-admin/server]2026-05-10 19:30:54.916	[34minfo[0m	/mnt/d/game/hlddz/ddz/admin/server/initialize/redis.go:35	redis connect ping response:	{"name": "", "pong": "PONG"}
[github.com/flipped-aurora/gin-vue-admin/server]2026-05-10 19:30:54.920	[34minfo[0m	/mnt/d/game/hlddz/ddz/admin/server/initialize/router.go:62	register swagger handler
[github.com/flipped-aurora/gin-vue-admin/server]2026-05-10 19:30:54.942	[34minfo[0m	/mnt/d/game/hlddz/ddz/admin/server/initialize/router.go:116	router register success
[github.com/flipped-aurora/gin-vue-admin/server]2026-05-10 19:45:37.642	[34minfo[0m	/mnt/d/game/hlddz/ddz/admin/server/core/server_run.go:48	关闭WEB服务...
[github.com/flipped-aurora/gin-vue-admin/server]2026-05-10 19:45:37.647	[34minfo[0m	/mnt/d/game/hlddz/ddz/admin/server/core/server_run.go:59	WEB服务已关闭
[github.com/flipped-aurora/gin-vue-admin/server]2026-05-10 19:56:19.289	[34minfo[0m	/mnt/d/game/hlddz/ddz/admin/server/initialize/gorm.go:87	register table success
[github.com/flipped-aurora/gin-vue-admin/server]2026-05-10 19:56:19.292	[34minfo[0m	/mnt/d/game/hlddz/ddz/admin/server/initialize/redis.go:35	redis connect ping response:	{"name": "", "pong": "PONG"}
[github.com/flipped-aurora/gin-vue-admin/server]2026-05-10 19:56:19.296	[34minfo[0m	/mnt/d/game/hlddz/ddz/admin/server/initialize/router.go:62	register swagger handler
[github.com/flipped-aurora/gin-vue-admin/server]2026-05-10 19:56:19.311	[34minfo[0m	/mnt/d/game/hlddz/ddz/admin/server/initialize/router.go:116	router register success
