[github.com/flipped-aurora/gin-vue-admin/server]2026-05-13 18:30:00.001	[34minfo[0m	/mnt/d/game/hlddz/ddz/admin/server/task/cleanup_stale_rooms.go:86	开始执行清理僵尸房间任务...
[github.com/flipped-aurora/gin-vue-admin/server]2026-05-13 18:30:00.065	[34minfo[0m	/mnt/d/game/hlddz/ddz/admin/server/task/cleanup_stale_rooms.go:95	清理僵尸房间任务完成	{"duration": 0.05406798}
[github.com/flipped-aurora/gin-vue-admin/server]2026-05-13 18:30:02.917	[34minfo[0m	/mnt/d/game/hlddz/ddz/admin/server/initialize/gorm.go:80	register table success
[github.com/flipped-aurora/gin-vue-admin/server]2026-05-13 18:30:02.942	[34minfo[0m	/mnt/d/game/hlddz/ddz/admin/server/initialize/redis.go:35	redis connect ping response:	{"name": "", "pong": "PONG"}
[github.com/flipped-aurora/gin-vue-admin/server]2026-05-13 18:30:02.948	[34minfo[0m	/mnt/d/game/hlddz/ddz/admin/server/initialize/router.go:61	register swagger handler
[github.com/flipped-aurora/gin-vue-admin/server]2026-05-13 18:30:02.982	[34minfo[0m	/mnt/d/game/hlddz/ddz/admin/server/initialize/router.go:112	router register success
[github.com/flipped-aurora/gin-vue-admin/server]2026-05-13 18:35:00.024	[34minfo[0m	/mnt/d/game/hlddz/ddz/admin/server/task/cleanup_stale_rooms.go:86	开始执行清理僵尸房间任务...
[github.com/flipped-aurora/gin-vue-admin/server]2026-05-13 18:35:00.079	[34minfo[0m	/mnt/d/game/hlddz/ddz/admin/server/task/cleanup_stale_rooms.go:95	清理僵尸房间任务完成	{"duration": 0.028762176}
[github.com/flipped-aurora/gin-vue-admin/server]2026-05-13 18:40:00.001	[34minfo[0m	/mnt/d/game/hlddz/ddz/admin/server/task/cleanup_stale_rooms.go:86	开始执行清理僵尸房间任务...
[github.com/flipped-aurora/gin-vue-admin/server]2026-05-13 18:40:00.015	[34minfo[0m	/mnt/d/game/hlddz/ddz/admin/server/task/cleanup_stale_rooms.go:95	清理僵尸房间任务完成	{"duration": 0.007747025}
[github.com/flipped-aurora/gin-vue-admin/server]2026-05-13 18:45:00.029	[34minfo[0m	/mnt/d/game/hlddz/ddz/admin/server/task/cleanup_stale_rooms.go:86	开始执行清理僵尸房间任务...
[github.com/flipped-aurora/gin-vue-admin/server]2026-05-13 18:45:00.063	[34minfo[0m	/mnt/d/game/hlddz/ddz/admin/server/task/cleanup_stale_rooms.go:95	清理僵尸房间任务完成	{"duration": 0.015930877}
[github.com/flipped-aurora/gin-vue-admin/server]2026-05-13 18:50:00.013	[34minfo[0m	/mnt/d/game/hlddz/ddz/admin/server/task/cleanup_stale_rooms.go:86	开始执行清理僵尸房间任务...
[github.com/flipped-aurora/gin-vue-admin/server]2026-05-13 18:50:00.022	[34minfo[0m	/mnt/d/game/hlddz/ddz/admin/server/task/cleanup_stale_rooms.go:95	清理僵尸房间任务完成	{"duration": 0.0052693}
[github.com/flipped-aurora/gin-vue-admin/server]2026-05-13 18:55:00.021	[34minfo[0m	/mnt/d/game/hlddz/ddz/admin/server/task/cleanup_stale_rooms.go:86	开始执行清理僵尸房间任务...
[github.com/flipped-aurora/gin-vue-admin/server]2026-05-13 18:55:00.031	[34minfo[0m	/mnt/d/game/hlddz/ddz/admin/server/task/cleanup_stale_rooms.go:95	清理僵尸房间任务完成	{"duration": 0.004843763}
[github.com/flipped-aurora/gin-vue-admin/server]2026-05-13 19:00:00.001	[34minfo[0m	/mnt/d/game/hlddz/ddz/admin/server/task/cleanup_stale_rooms.go:86	开始执行清理僵尸房间任务...
[github.com/flipped-aurora/gin-vue-admin/server]2026-05-13 19:00:00.007	[34minfo[0m	/mnt/d/game/hlddz/ddz/admin/server/task/cleanup_stale_rooms.go:95	清理僵尸房间任务完成	{"duration": 0.003244734}
[github.com/flipped-aurora/gin-vue-admin/server]2026-05-13 19:05:00.006	[34minfo[0m	/mnt/d/game/hlddz/ddz/admin/server/task/cleanup_stale_rooms.go:86	开始执行清理僵尸房间任务...
[github.com/flipped-aurora/gin-vue-admin/server]2026-05-13 19:05:00.013	[34minfo[0m	/mnt/d/game/hlddz/ddz/admin/server/task/cleanup_stale_rooms.go:95	清理僵尸房间任务完成	{"duration": 0.003574423}
[github.com/flipped-aurora/gin-vue-admin/server]2026-05-13 19:10:00.020	[34minfo[0m	/mnt/d/game/hlddz/ddz/admin/server/task/cleanup_stale_rooms.go:86	开始执行清理僵尸房间任务...
[github.com/flipped-aurora/gin-vue-admin/server]2026-05-13 19:10:00.032	[34minfo[0m	/mnt/d/game/hlddz/ddz/admin/server/task/cleanup_stale_rooms.go:95	清理僵尸房间任务完成	{"duration": 0.006062117}
[github.com/flipped-aurora/gin-vue-admin/server]2026-05-13 19:15:00.105	[34minfo[0m	/mnt/d/game/hlddz/ddz/admin/server/task/cleanup_stale_rooms.go:86	开始执行清理僵尸房间任务...
[github.com/flipped-aurora/gin-vue-admin/server]2026-05-13 19:15:00.732	[34minfo[0m	/mnt/d/game/hlddz/ddz/admin/server/task/cleanup_stale_rooms.go:95	清理僵尸房间任务完成	{"duration": 0.026269051}
[github.com/flipped-aurora/gin-vue-admin/server]2026-05-13 19:20:00.115	[34minfo[0m	/mnt/d/game/hlddz/ddz/admin/server/task/cleanup_stale_rooms.go:86	开始执行清理僵尸房间任务...
[github.com/flipped-aurora/gin-vue-admin/server]2026-05-13 19:20:00.124	[34minfo[0m	/mnt/d/game/hlddz/ddz/admin/server/task/cleanup_stale_rooms.go:95	清理僵尸房间任务完成	{"duration": 0.004200061}
[github.com/flipped-aurora/gin-vue-admin/server]2026-05-13 19:25:00.003	[34minfo[0m	/mnt/d/game/hlddz/ddz/admin/server/task/cleanup_stale_rooms.go:86	开始执行清理僵尸房间任务...
[github.com/flipped-aurora/gin-vue-admin/server]2026-05-13 19:25:00.012	[34minfo[0m	/mnt/d/game/hlddz/ddz/admin/server/task/cleanup_stale_rooms.go:95	清理僵尸房间任务完成	{"duration": 0.004165757}
[github.com/flipped-aurora/gin-vue-admin/server]2026-05-13 19:30:00.020	[34minfo[0m	/mnt/d/game/hlddz/ddz/admin/server/task/cleanup_stale_rooms.go:86	开始执行清理僵尸房间任务...
[github.com/flipped-aurora/gin-vue-admin/server]2026-05-13 19:30:00.031	[34minfo[0m	/mnt/d/game/hlddz/ddz/admin/server/task/cleanup_stale_rooms.go:95	清理僵尸房间任务完成	{"duration": 0.005856101}
[github.com/flipped-aurora/gin-vue-admin/server]2026-05-13 19:35:00.029	[34minfo[0m	/mnt/d/game/hlddz/ddz/admin/server/task/cleanup_stale_rooms.go:86	开始执行清理僵尸房间任务...
[github.com/flipped-aurora/gin-vue-admin/server]2026-05-13 19:35:00.036	[34minfo[0m	/mnt/d/game/hlddz/ddz/admin/server/task/cleanup_stale_rooms.go:95	清理僵尸房间任务完成	{"duration": 0.003997067}
[github.com/flipped-aurora/gin-vue-admin/server]2026-05-13 19:40:00.019	[34minfo[0m	/mnt/d/game/hlddz/ddz/admin/server/task/cleanup_stale_rooms.go:86	开始执行清理僵尸房间任务...
[github.com/flipped-aurora/gin-vue-admin/server]2026-05-13 19:40:00.029	[34minfo[0m	/mnt/d/game/hlddz/ddz/admin/server/task/cleanup_stale_rooms.go:95	清理僵尸房间任务完成	{"duration": 0.004800382}
[github.com/flipped-aurora/gin-vue-admin/server]2026-05-13 19:45:00.103	[34minfo[0m	/mnt/d/game/hlddz/ddz/admin/server/task/cleanup_stale_rooms.go:86	开始执行清理僵尸房间任务...
[github.com/flipped-aurora/gin-vue-admin/server]2026-05-13 19:45:00.111	[34minfo[0m	/mnt/d/game/hlddz/ddz/admin/server/task/cleanup_stale_rooms.go:95	清理僵尸房间任务完成	{"duration": 0.0039902}
[github.com/flipped-aurora/gin-vue-admin/server]2026-05-13 19:50:00.014	[34minfo[0m	/mnt/d/game/hlddz/ddz/admin/server/task/cleanup_stale_rooms.go:86	开始执行清理僵尸房间任务...
[github.com/flipped-aurora/gin-vue-admin/server]2026-05-13 19:50:00.023	[34minfo[0m	/mnt/d/game/hlddz/ddz/admin/server/task/cleanup_stale_rooms.go:95	清理僵尸房间任务完成	{"duration": 0.004675016}
[github.com/flipped-aurora/gin-vue-admin/server]2026-05-13 19:54:08.293	[34minfo[0m	/mnt/d/game/hlddz/ddz/admin/server/utils/game_server/game_server.go:78	游戏服务器用户协议缓存已刷新	{"url": "http://127.0.0.1:1781/api/internal/cache/refresh/user-agreement"}
[github.com/flipped-aurora/gin-vue-admin/server]2026-05-13 19:54:14.134	[34minfo[0m	/mnt/d/game/hlddz/ddz/admin/server/utils/game_server/game_server.go:78	游戏服务器用户协议缓存已刷新	{"url": "http://127.0.0.1:1781/api/internal/cache/refresh/user-agreement"}
[github.com/flipped-aurora/gin-vue-admin/server]2026-05-13 19:55:00.012	[34minfo[0m	/mnt/d/game/hlddz/ddz/admin/server/task/cleanup_stale_rooms.go:86	开始执行清理僵尸房间任务...
[github.com/flipped-aurora/gin-vue-admin/server]2026-05-13 19:55:00.020	[34minfo[0m	/mnt/d/game/hlddz/ddz/admin/server/task/cleanup_stale_rooms.go:95	清理僵尸房间任务完成	{"duration": 0.004350393}
[github.com/flipped-aurora/gin-vue-admin/server]2026-05-13 20:00:00.014	[34minfo[0m	/mnt/d/game/hlddz/ddz/admin/server/task/cleanup_stale_rooms.go:86	开始执行清理僵尸房间任务...
[github.com/flipped-aurora/gin-vue-admin/server]2026-05-13 20:00:00.022	[34minfo[0m	/mnt/d/game/hlddz/ddz/admin/server/task/cleanup_stale_rooms.go:95	清理僵尸房间任务完成	{"duration": 0.004394758}
[github.com/flipped-aurora/gin-vue-admin/server]2026-05-13 20:04:19.660	[34minfo[0m	/mnt/d/game/hlddz/ddz/admin/server/core/server_run.go:48	关闭WEB服务...
[github.com/flipped-aurora/gin-vue-admin/server]2026-05-13 20:04:19.665	[34minfo[0m	/mnt/d/game/hlddz/ddz/admin/server/core/server_run.go:59	WEB服务已关闭
[github.com/flipped-aurora/gin-vue-admin/server]2026-05-13 20:04:37.687	[34minfo[0m	/mnt/d/game/hlddz/ddz/admin/server/initialize/gorm.go:80	register table success
[github.com/flipped-aurora/gin-vue-admin/server]2026-05-13 20:04:37.693	[34minfo[0m	/mnt/d/game/hlddz/ddz/admin/server/initialize/redis.go:35	redis connect ping response:	{"name": "", "pong": "PONG"}
[github.com/flipped-aurora/gin-vue-admin/server]2026-05-13 20:04:37.699	[34minfo[0m	/mnt/d/game/hlddz/ddz/admin/server/initialize/router.go:61	register swagger handler
[github.com/flipped-aurora/gin-vue-admin/server]2026-05-13 20:04:37.732	[34minfo[0m	/mnt/d/game/hlddz/ddz/admin/server/initialize/router.go:112	router register success
[github.com/flipped-aurora/gin-vue-admin/server]2026-05-13 20:05:00.009	[34minfo[0m	/mnt/d/game/hlddz/ddz/admin/server/task/cleanup_stale_rooms.go:86	开始执行清理僵尸房间任务...
[github.com/flipped-aurora/gin-vue-admin/server]2026-05-13 20:05:00.017	[34minfo[0m	/mnt/d/game/hlddz/ddz/admin/server/task/cleanup_stale_rooms.go:95	清理僵尸房间任务完成	{"duration": 0.00496665}
[github.com/flipped-aurora/gin-vue-admin/server]2026-05-13 20:10:00.022	[34minfo[0m	/mnt/d/game/hlddz/ddz/admin/server/task/cleanup_stale_rooms.go:86	开始执行清理僵尸房间任务...
[github.com/flipped-aurora/gin-vue-admin/server]2026-05-13 20:10:00.029	[34minfo[0m	/mnt/d/game/hlddz/ddz/admin/server/task/cleanup_stale_rooms.go:95	清理僵尸房间任务完成	{"duration": 0.003792591}
[github.com/flipped-aurora/gin-vue-admin/server]2026-05-13 20:15:00.000	[34minfo[0m	/mnt/d/game/hlddz/ddz/admin/server/task/cleanup_stale_rooms.go:86	开始执行清理僵尸房间任务...
[github.com/flipped-aurora/gin-vue-admin/server]2026-05-13 20:15:00.008	[34minfo[0m	/mnt/d/game/hlddz/ddz/admin/server/task/cleanup_stale_rooms.go:95	清理僵尸房间任务完成	{"duration": 0.004333242}
[github.com/flipped-aurora/gin-vue-admin/server]2026-05-13 20:20:00.016	[34minfo[0m	/mnt/d/game/hlddz/ddz/admin/server/task/cleanup_stale_rooms.go:86	开始执行清理僵尸房间任务...
[github.com/flipped-aurora/gin-vue-admin/server]2026-05-13 20:20:00.027	[34minfo[0m	/mnt/d/game/hlddz/ddz/admin/server/task/cleanup_stale_rooms.go:95	清理僵尸房间任务完成	{"duration": 0.006110096}
[github.com/flipped-aurora/gin-vue-admin/server]2026-05-13 20:22:02.373	[34minfo[0m	/mnt/d/game/hlddz/ddz/admin/server/api/v1/system/sys_user_agreement.go:54	✅ 帮助文章已同步到Redis	{"count": 9}
[github.com/flipped-aurora/gin-vue-admin/server]2026-05-13 20:22:02.378	[34minfo[0m	/mnt/d/game/hlddz/ddz/admin/server/api/v1/system/sys_user_agreement.go:87	✅ 用户协议已同步到Redis	{"count": 1}
[github.com/flipped-aurora/gin-vue-admin/server]2026-05-13 20:22:02.383	[34minfo[0m	/mnt/d/game/hlddz/ddz/admin/server/utils/game_server/game_server.go:78	游戏服务器用户协议缓存已刷新	{"url": "http://127.0.0.1:1781/api/internal/cache/refresh/user-agreement"}
[github.com/flipped-aurora/gin-vue-admin/server]2026-05-13 20:22:05.054	[34minfo[0m	/mnt/d/game/hlddz/ddz/admin/server/api/v1/system/sys_user_agreement.go:54	✅ 帮助文章已同步到Redis	{"count": 9}
[github.com/flipped-aurora/gin-vue-admin/server]2026-05-13 20:22:05.058	[34minfo[0m	/mnt/d/game/hlddz/ddz/admin/server/api/v1/system/sys_user_agreement.go:87	✅ 用户协议已同步到Redis	{"count": 1}
[github.com/flipped-aurora/gin-vue-admin/server]2026-05-13 20:22:05.061	[34minfo[0m	/mnt/d/game/hlddz/ddz/admin/server/utils/game_server/game_server.go:78	游戏服务器用户协议缓存已刷新	{"url": "http://127.0.0.1:1781/api/internal/cache/refresh/user-agreement"}
[github.com/flipped-aurora/gin-vue-admin/server]2026-05-13 20:25:00.017	[34minfo[0m	/mnt/d/game/hlddz/ddz/admin/server/task/cleanup_stale_rooms.go:86	开始执行清理僵尸房间任务...
[github.com/flipped-aurora/gin-vue-admin/server]2026-05-13 20:25:00.026	[34minfo[0m	/mnt/d/game/hlddz/ddz/admin/server/task/cleanup_stale_rooms.go:95	清理僵尸房间任务完成	{"duration": 0.00532119}
[github.com/flipped-aurora/gin-vue-admin/server]2026-05-13 20:30:00.022	[34minfo[0m	/mnt/d/game/hlddz/ddz/admin/server/task/cleanup_stale_rooms.go:86	开始执行清理僵尸房间任务...
[github.com/flipped-aurora/gin-vue-admin/server]2026-05-13 20:30:00.030	[34minfo[0m	/mnt/d/game/hlddz/ddz/admin/server/task/cleanup_stale_rooms.go:95	清理僵尸房间任务完成	{"duration": 0.004404617}
[github.com/flipped-aurora/gin-vue-admin/server]2026-05-13 20:35:00.088	[34minfo[0m	/mnt/d/game/hlddz/ddz/admin/server/task/cleanup_stale_rooms.go:86	开始执行清理僵尸房间任务...
[github.com/flipped-aurora/gin-vue-admin/server]2026-05-13 20:35:00.098	[34minfo[0m	/mnt/d/game/hlddz/ddz/admin/server/task/cleanup_stale_rooms.go:95	清理僵尸房间任务完成	{"duration": 0.005650017}
[github.com/flipped-aurora/gin-vue-admin/server]2026-05-13 20:40:00.006	[34minfo[0m	/mnt/d/game/hlddz/ddz/admin/server/task/cleanup_stale_rooms.go:86	开始执行清理僵尸房间任务...
[github.com/flipped-aurora/gin-vue-admin/server]2026-05-13 20:40:00.014	[34minfo[0m	/mnt/d/game/hlddz/ddz/admin/server/task/cleanup_stale_rooms.go:95	清理僵尸房间任务完成	{"duration": 0.003914}
[github.com/flipped-aurora/gin-vue-admin/server]2026-05-13 20:45:00.098	[34minfo[0m	/mnt/d/game/hlddz/ddz/admin/server/task/cleanup_stale_rooms.go:86	开始执行清理僵尸房间任务...
[github.com/flipped-aurora/gin-vue-admin/server]2026-05-13 20:45:00.107	[34minfo[0m	/mnt/d/game/hlddz/ddz/admin/server/task/cleanup_stale_rooms.go:95	清理僵尸房间任务完成	{"duration": 0.00439725}
[github.com/flipped-aurora/gin-vue-admin/server]2026-05-13 20:50:00.016	[34minfo[0m	/mnt/d/game/hlddz/ddz/admin/server/task/cleanup_stale_rooms.go:86	开始执行清理僵尸房间任务...
[github.com/flipped-aurora/gin-vue-admin/server]2026-05-13 20:50:00.024	[34minfo[0m	/mnt/d/game/hlddz/ddz/admin/server/task/cleanup_stale_rooms.go:95	清理僵尸房间任务完成	{"duration": 0.0049859}
[github.com/flipped-aurora/gin-vue-admin/server]2026-05-13 20:55:00.009	[34minfo[0m	/mnt/d/game/hlddz/ddz/admin/server/task/cleanup_stale_rooms.go:86	开始执行清理僵尸房间任务...
[github.com/flipped-aurora/gin-vue-admin/server]2026-05-13 20:55:00.016	[34minfo[0m	/mnt/d/game/hlddz/ddz/admin/server/task/cleanup_stale_rooms.go:95	清理僵尸房间任务完成	{"duration": 0.004142302}
[github.com/flipped-aurora/gin-vue-admin/server]2026-05-13 21:00:00.015	[34minfo[0m	/mnt/d/game/hlddz/ddz/admin/server/task/cleanup_stale_rooms.go:86	开始执行清理僵尸房间任务...
[github.com/flipped-aurora/gin-vue-admin/server]2026-05-13 21:00:00.023	[34minfo[0m	/mnt/d/game/hlddz/ddz/admin/server/task/cleanup_stale_rooms.go:95	清理僵尸房间任务完成	{"duration": 0.0031742}
[github.com/flipped-aurora/gin-vue-admin/server]2026-05-13 21:05:00.007	[34minfo[0m	/mnt/d/game/hlddz/ddz/admin/server/task/cleanup_stale_rooms.go:86	开始执行清理僵尸房间任务...
[github.com/flipped-aurora/gin-vue-admin/server]2026-05-13 21:05:00.016	[34minfo[0m	/mnt/d/game/hlddz/ddz/admin/server/task/cleanup_stale_rooms.go:95	清理僵尸房间任务完成	{"duration": 0.004440258}
[github.com/flipped-aurora/gin-vue-admin/server]2026-05-13 21:10:00.018	[34minfo[0m	/mnt/d/game/hlddz/ddz/admin/server/task/cleanup_stale_rooms.go:86	开始执行清理僵尸房间任务...
[github.com/flipped-aurora/gin-vue-admin/server]2026-05-13 21:10:00.025	[34minfo[0m	/mnt/d/game/hlddz/ddz/admin/server/task/cleanup_stale_rooms.go:95	清理僵尸房间任务完成	{"duration": 0.0035044}
[github.com/flipped-aurora/gin-vue-admin/server]2026-05-13 21:15:00.010	[34minfo[0m	/mnt/d/game/hlddz/ddz/admin/server/task/cleanup_stale_rooms.go:86	开始执行清理僵尸房间任务...
[github.com/flipped-aurora/gin-vue-admin/server]2026-05-13 21:15:00.018	[34minfo[0m	/mnt/d/game/hlddz/ddz/admin/server/task/cleanup_stale_rooms.go:95	清理僵尸房间任务完成	{"duration": 0.004294766}
[github.com/flipped-aurora/gin-vue-admin/server]2026-05-13 21:20:00.003	[34minfo[0m	/mnt/d/game/hlddz/ddz/admin/server/task/cleanup_stale_rooms.go:86	开始执行清理僵尸房间任务...
[github.com/flipped-aurora/gin-vue-admin/server]2026-05-13 21:20:00.012	[34minfo[0m	/mnt/d/game/hlddz/ddz/admin/server/task/cleanup_stale_rooms.go:95	清理僵尸房间任务完成	{"duration": 0.005121891}
[github.com/flipped-aurora/gin-vue-admin/server]2026-05-13 21:24:01.670	[34minfo[0m	/mnt/d/game/hlddz/ddz/admin/server/api/v1/system/sys_user_agreement.go:54	✅ 帮助文章已同步到Redis	{"count": 9}
[github.com/flipped-aurora/gin-vue-admin/server]2026-05-13 21:24:01.677	[34minfo[0m	/mnt/d/game/hlddz/ddz/admin/server/api/v1/system/sys_user_agreement.go:87	✅ 用户协议已同步到Redis	{"count": 1}
[github.com/flipped-aurora/gin-vue-admin/server]2026-05-13 21:24:01.686	[34minfo[0m	/mnt/d/game/hlddz/ddz/admin/server/utils/game_server/game_server.go:78	游戏服务器用户协议缓存已刷新	{"url": "http://127.0.0.1:1781/api/internal/cache/refresh/user-agreement"}
[github.com/flipped-aurora/gin-vue-admin/server]2026-05-13 21:25:00.009	[34minfo[0m	/mnt/d/game/hlddz/ddz/admin/server/task/cleanup_stale_rooms.go:86	开始执行清理僵尸房间任务...
[github.com/flipped-aurora/gin-vue-admin/server]2026-05-13 21:25:00.024	[34minfo[0m	/mnt/d/game/hlddz/ddz/admin/server/task/cleanup_stale_rooms.go:95	清理僵尸房间任务完成	{"duration": 0.007318567}
[github.com/flipped-aurora/gin-vue-admin/server]2026-05-13 21:30:00.013	[34minfo[0m	/mnt/d/game/hlddz/ddz/admin/server/task/cleanup_stale_rooms.go:86	开始执行清理僵尸房间任务...
[github.com/flipped-aurora/gin-vue-admin/server]2026-05-13 21:30:00.024	[34minfo[0m	/mnt/d/game/hlddz/ddz/admin/server/task/cleanup_stale_rooms.go:95	清理僵尸房间任务完成	{"duration": 0.006386233}
[github.com/flipped-aurora/gin-vue-admin/server]2026-05-13 21:35:00.002	[34minfo[0m	/mnt/d/game/hlddz/ddz/admin/server/task/cleanup_stale_rooms.go:86	开始执行清理僵尸房间任务...
[github.com/flipped-aurora/gin-vue-admin/server]2026-05-13 21:35:00.011	[34minfo[0m	/mnt/d/game/hlddz/ddz/admin/server/task/cleanup_stale_rooms.go:95	清理僵尸房间任务完成	{"duration": 0.00438295}
[github.com/flipped-aurora/gin-vue-admin/server]2026-05-13 21:40:00.025	[34minfo[0m	/mnt/d/game/hlddz/ddz/admin/server/task/cleanup_stale_rooms.go:86	开始执行清理僵尸房间任务...
[github.com/flipped-aurora/gin-vue-admin/server]2026-05-13 21:40:00.093	[34minfo[0m	/mnt/d/game/hlddz/ddz/admin/server/task/cleanup_stale_rooms.go:95	清理僵尸房间任务完成	{"duration": 0.010176508}
[github.com/flipped-aurora/gin-vue-admin/server]2026-05-13 21:45:00.025	[34minfo[0m	/mnt/d/game/hlddz/ddz/admin/server/task/cleanup_stale_rooms.go:86	开始执行清理僵尸房间任务...
[github.com/flipped-aurora/gin-vue-admin/server]2026-05-13 21:45:00.033	[34minfo[0m	/mnt/d/game/hlddz/ddz/admin/server/task/cleanup_stale_rooms.go:95	清理僵尸房间任务完成	{"duration": 0.004268659}
[github.com/flipped-aurora/gin-vue-admin/server]2026-05-13 21:50:00.009	[34minfo[0m	/mnt/d/game/hlddz/ddz/admin/server/task/cleanup_stale_rooms.go:86	开始执行清理僵尸房间任务...
[github.com/flipped-aurora/gin-vue-admin/server]2026-05-13 21:50:00.018	[34minfo[0m	/mnt/d/game/hlddz/ddz/admin/server/task/cleanup_stale_rooms.go:95	清理僵尸房间任务完成	{"duration": 0.005518115}
[github.com/flipped-aurora/gin-vue-admin/server]2026-05-13 21:55:00.100	[34minfo[0m	/mnt/d/game/hlddz/ddz/admin/server/task/cleanup_stale_rooms.go:86	开始执行清理僵尸房间任务...
[github.com/flipped-aurora/gin-vue-admin/server]2026-05-13 21:55:00.108	[34minfo[0m	/mnt/d/game/hlddz/ddz/admin/server/task/cleanup_stale_rooms.go:95	清理僵尸房间任务完成	{"duration": 0.004350193}
[github.com/flipped-aurora/gin-vue-admin/server]2026-05-13 22:00:00.026	[34minfo[0m	/mnt/d/game/hlddz/ddz/admin/server/task/cleanup_stale_rooms.go:86	开始执行清理僵尸房间任务...
[github.com/flipped-aurora/gin-vue-admin/server]2026-05-13 22:00:00.034	[34minfo[0m	/mnt/d/game/hlddz/ddz/admin/server/task/cleanup_stale_rooms.go:95	清理僵尸房间任务完成	{"duration": 0.004194124}
[github.com/flipped-aurora/gin-vue-admin/server]2026-05-13 22:05:00.042	[34minfo[0m	/mnt/d/game/hlddz/ddz/admin/server/task/cleanup_stale_rooms.go:86	开始执行清理僵尸房间任务...
[github.com/flipped-aurora/gin-vue-admin/server]2026-05-13 22:05:00.050	[34minfo[0m	/mnt/d/game/hlddz/ddz/admin/server/task/cleanup_stale_rooms.go:95	清理僵尸房间任务完成	{"duration": 0.004201599}
[github.com/flipped-aurora/gin-vue-admin/server]2026-05-13 22:10:00.071	[34minfo[0m	/mnt/d/game/hlddz/ddz/admin/server/task/cleanup_stale_rooms.go:86	开始执行清理僵尸房间任务...
[github.com/flipped-aurora/gin-vue-admin/server]2026-05-13 22:10:00.078	[34minfo[0m	/mnt/d/game/hlddz/ddz/admin/server/task/cleanup_stale_rooms.go:95	清理僵尸房间任务完成	{"duration": 0.003455951}
[github.com/flipped-aurora/gin-vue-admin/server]2026-05-13 22:15:00.000	[34minfo[0m	/mnt/d/game/hlddz/ddz/admin/server/task/cleanup_stale_rooms.go:86	开始执行清理僵尸房间任务...
[github.com/flipped-aurora/gin-vue-admin/server]2026-05-13 22:15:00.020	[34minfo[0m	/mnt/d/game/hlddz/ddz/admin/server/task/cleanup_stale_rooms.go:95	清理僵尸房间任务完成	{"duration": 0.014550721}
[github.com/flipped-aurora/gin-vue-admin/server]2026-05-13 22:20:00.081	[34minfo[0m	/mnt/d/game/hlddz/ddz/admin/server/task/cleanup_stale_rooms.go:86	开始执行清理僵尸房间任务...
[github.com/flipped-aurora/gin-vue-admin/server]2026-05-13 22:20:00.095	[34minfo[0m	/mnt/d/game/hlddz/ddz/admin/server/task/cleanup_stale_rooms.go:95	清理僵尸房间任务完成	{"duration": 0.010597459}
[github.com/flipped-aurora/gin-vue-admin/server]2026-05-13 22:25:00.163	[34minfo[0m	/mnt/d/game/hlddz/ddz/admin/server/task/cleanup_stale_rooms.go:86	开始执行清理僵尸房间任务...
[github.com/flipped-aurora/gin-vue-admin/server]2026-05-13 22:25:00.170	[34minfo[0m	/mnt/d/game/hlddz/ddz/admin/server/task/cleanup_stale_rooms.go:95	清理僵尸房间任务完成	{"duration": 0.004486797}
[github.com/flipped-aurora/gin-vue-admin/server]2026-05-13 22:30:00.138	[34minfo[0m	/mnt/d/game/hlddz/ddz/admin/server/task/cleanup_stale_rooms.go:86	开始执行清理僵尸房间任务...
[github.com/flipped-aurora/gin-vue-admin/server]2026-05-13 22:30:00.147	[34minfo[0m	/mnt/d/game/hlddz/ddz/admin/server/task/cleanup_stale_rooms.go:95	清理僵尸房间任务完成	{"duration": 0.005161523}
[github.com/flipped-aurora/gin-vue-admin/server]2026-05-13 22:35:00.078	[34minfo[0m	/mnt/d/game/hlddz/ddz/admin/server/task/cleanup_stale_rooms.go:86	开始执行清理僵尸房间任务...
[github.com/flipped-aurora/gin-vue-admin/server]2026-05-13 22:35:00.085	[34minfo[0m	/mnt/d/game/hlddz/ddz/admin/server/task/cleanup_stale_rooms.go:95	清理僵尸房间任务完成	{"duration": 0.004446602}
[github.com/flipped-aurora/gin-vue-admin/server]2026-05-13 22:40:00.064	[34minfo[0m	/mnt/d/game/hlddz/ddz/admin/server/task/cleanup_stale_rooms.go:86	开始执行清理僵尸房间任务...
[github.com/flipped-aurora/gin-vue-admin/server]2026-05-13 22:40:00.071	[34minfo[0m	/mnt/d/game/hlddz/ddz/admin/server/task/cleanup_stale_rooms.go:95	清理僵尸房间任务完成	{"duration": 0.003562201}
[github.com/flipped-aurora/gin-vue-admin/server]2026-05-13 22:45:00.137	[34minfo[0m	/mnt/d/game/hlddz/ddz/admin/server/task/cleanup_stale_rooms.go:86	开始执行清理僵尸房间任务...
[github.com/flipped-aurora/gin-vue-admin/server]2026-05-13 22:45:00.147	[34minfo[0m	/mnt/d/game/hlddz/ddz/admin/server/task/cleanup_stale_rooms.go:95	清理僵尸房间任务完成	{"duration": 0.00473382}
[github.com/flipped-aurora/gin-vue-admin/server]2026-05-13 22:50:00.163	[34minfo[0m	/mnt/d/game/hlddz/ddz/admin/server/task/cleanup_stale_rooms.go:86	开始执行清理僵尸房间任务...
[github.com/flipped-aurora/gin-vue-admin/server]2026-05-13 22:50:00.174	[34minfo[0m	/mnt/d/game/hlddz/ddz/admin/server/task/cleanup_stale_rooms.go:95	清理僵尸房间任务完成	{"duration": 0.005829386}
[github.com/flipped-aurora/gin-vue-admin/server]2026-05-13 22:55:00.166	[34minfo[0m	/mnt/d/game/hlddz/ddz/admin/server/task/cleanup_stale_rooms.go:86	开始执行清理僵尸房间任务...
[github.com/flipped-aurora/gin-vue-admin/server]2026-05-13 22:55:00.174	[34minfo[0m	/mnt/d/game/hlddz/ddz/admin/server/task/cleanup_stale_rooms.go:95	清理僵尸房间任务完成	{"duration": 0.005583508}
