[github.com/flipped-aurora/gin-vue-admin/server]2026-05-11 07:53:04.558	[31merror[0m	/mnt/d/game/hlddz/ddz/admin/server/initialize/gorm.go:76	register biz_table failed	{"error": "Error 1061 (42000): Duplicate key name 'idx_ddz_daily_stats_date'"}
github.com/flipped-aurora/gin-vue-admin/server/initialize.RegisterTables
	/mnt/d/game/hlddz/ddz/admin/server/initialize/gorm.go:76
main.initializeSystem
	/mnt/d/game/hlddz/ddz/admin/server/main.go:49
main.main
	/mnt/d/game/hlddz/ddz/admin/server/main.go:32
runtime.main
	/home/adminis/go/pkg/mod/golang.org/toolchain@v0.0.1-go1.24.2.linux-amd64/src/runtime/proc.go:283
[github.com/flipped-aurora/gin-vue-admin/server]2026-05-11 12:00:33.093	[31merror[0m	/mnt/d/game/hlddz/ddz/admin/server/api/v1/ddz/arena_registration.go:92	获取报名状态失败!	{"error": "玩家不存在"}
github.com/flipped-aurora/gin-vue-admin/server/api/v1/ddz.(*DDZArenaRegistrationApi).GetStatus
	/mnt/d/game/hlddz/ddz/admin/server/api/v1/ddz/arena_registration.go:92
github.com/gin-gonic/gin.(*Context).Next
	/home/adminis/go/pkg/mod/github.com/gin-gonic/gin@v1.10.0/context.go:185
github.com/flipped-aurora/gin-vue-admin/server/initialize.Routers.CasbinHandler.func4
	/mnt/d/game/hlddz/ddz/admin/server/middleware/casbin_rbac.go:93
github.com/gin-gonic/gin.(*Context).Next
	/home/adminis/go/pkg/mod/github.com/gin-gonic/gin@v1.10.0/context.go:185
github.com/flipped-aurora/gin-vue-admin/server/initialize.Routers.JWTAuth.func3
	/mnt/d/game/hlddz/ddz/admin/server/middleware/jwt.go:69
github.com/gin-gonic/gin.(*Context).Next
	/home/adminis/go/pkg/mod/github.com/gin-gonic/gin@v1.10.0/context.go:185
github.com/gin-gonic/gin.LoggerWithConfig.func1
	/home/adminis/go/pkg/mod/github.com/gin-gonic/gin@v1.10.0/logger.go:249
github.com/gin-gonic/gin.(*Context).Next
	/home/adminis/go/pkg/mod/github.com/gin-gonic/gin@v1.10.0/context.go:185
github.com/flipped-aurora/gin-vue-admin/server/initialize.Routers.GinRecovery.func2
	/mnt/d/game/hlddz/ddz/admin/server/middleware/error.go:78
github.com/gin-gonic/gin.(*Context).Next
	/home/adminis/go/pkg/mod/github.com/gin-gonic/gin@v1.10.0/context.go:185
github.com/gin-gonic/gin.(*Engine).handleHTTPRequest
	/home/adminis/go/pkg/mod/github.com/gin-gonic/gin@v1.10.0/gin.go:633
github.com/gin-gonic/gin.(*Engine).ServeHTTP
	/home/adminis/go/pkg/mod/github.com/gin-gonic/gin@v1.10.0/gin.go:589
net/http.serverHandler.ServeHTTP
	/home/adminis/go/pkg/mod/golang.org/toolchain@v0.0.1-go1.24.2.linux-amd64/src/net/http/server.go:3301
net/http.(*conn).serve
	/home/adminis/go/pkg/mod/golang.org/toolchain@v0.0.1-go1.24.2.linux-amd64/src/net/http/server.go:2102
[github.com/flipped-aurora/gin-vue-admin/server]2026-05-11 12:11:22.769	[31merror[0m	/mnt/d/game/hlddz/ddz/admin/server/api/v1/ddz/arena_registration.go:92	获取报名状态失败!	{"error": "玩家不存在"}
github.com/flipped-aurora/gin-vue-admin/server/api/v1/ddz.(*DDZArenaRegistrationApi).GetStatus
	/mnt/d/game/hlddz/ddz/admin/server/api/v1/ddz/arena_registration.go:92
github.com/gin-gonic/gin.(*Context).Next
	/home/adminis/go/pkg/mod/github.com/gin-gonic/gin@v1.10.0/context.go:185
github.com/flipped-aurora/gin-vue-admin/server/initialize.Routers.CasbinHandler.func4
	/mnt/d/game/hlddz/ddz/admin/server/middleware/casbin_rbac.go:93
github.com/gin-gonic/gin.(*Context).Next
	/home/adminis/go/pkg/mod/github.com/gin-gonic/gin@v1.10.0/context.go:185
github.com/flipped-aurora/gin-vue-admin/server/initialize.Routers.JWTAuth.func3
	/mnt/d/game/hlddz/ddz/admin/server/middleware/jwt.go:69
github.com/gin-gonic/gin.(*Context).Next
	/home/adminis/go/pkg/mod/github.com/gin-gonic/gin@v1.10.0/context.go:185
github.com/gin-gonic/gin.LoggerWithConfig.func1
	/home/adminis/go/pkg/mod/github.com/gin-gonic/gin@v1.10.0/logger.go:249
github.com/gin-gonic/gin.(*Context).Next
	/home/adminis/go/pkg/mod/github.com/gin-gonic/gin@v1.10.0/context.go:185
github.com/flipped-aurora/gin-vue-admin/server/initialize.Routers.GinRecovery.func2
	/mnt/d/game/hlddz/ddz/admin/server/middleware/error.go:78
github.com/gin-gonic/gin.(*Context).Next
	/home/adminis/go/pkg/mod/github.com/gin-gonic/gin@v1.10.0/context.go:185
github.com/gin-gonic/gin.(*Engine).handleHTTPRequest
	/home/adminis/go/pkg/mod/github.com/gin-gonic/gin@v1.10.0/gin.go:633
github.com/gin-gonic/gin.(*Engine).ServeHTTP
	/home/adminis/go/pkg/mod/github.com/gin-gonic/gin@v1.10.0/gin.go:589
net/http.serverHandler.ServeHTTP
	/home/adminis/go/pkg/mod/golang.org/toolchain@v0.0.1-go1.24.2.linux-amd64/src/net/http/server.go:3301
net/http.(*conn).serve
	/home/adminis/go/pkg/mod/golang.org/toolchain@v0.0.1-go1.24.2.linux-amd64/src/net/http/server.go:2102
