[github.com/flipped-aurora/gin-vue-admin/server]2026-05-11 07:25:08.725	[34minfo[0m	/mnt/d/game/hlddz/ddz/admin/server/core/server_run.go:48	关闭WEB服务...
[github.com/flipped-aurora/gin-vue-admin/server]2026-05-11 07:25:08.840	[34minfo[0m	/mnt/d/game/hlddz/ddz/admin/server/core/server_run.go:59	WEB服务已关闭
[github.com/flipped-aurora/gin-vue-admin/server]2026-05-11 07:56:25.068	[34minfo[0m	/mnt/d/game/hlddz/ddz/admin/server/initialize/gorm.go:79	register table success
[github.com/flipped-aurora/gin-vue-admin/server]2026-05-11 07:56:25.079	[34minfo[0m	/mnt/d/game/hlddz/ddz/admin/server/initialize/redis.go:35	redis connect ping response:	{"name": "", "pong": "PONG"}
[github.com/flipped-aurora/gin-vue-admin/server]2026-05-11 07:56:25.083	[34minfo[0m	/mnt/d/game/hlddz/ddz/admin/server/initialize/router.go:61	register swagger handler
[github.com/flipped-aurora/gin-vue-admin/server]2026-05-11 07:56:25.105	[34minfo[0m	/mnt/d/game/hlddz/ddz/admin/server/initialize/router.go:111	router register success
[github.com/flipped-aurora/gin-vue-admin/server]2026-05-11 08:00:00.009	[34minfo[0m	/mnt/d/game/hlddz/ddz/admin/server/task/cleanup_stale_rooms.go:86	开始执行清理僵尸房间任务...
[github.com/flipped-aurora/gin-vue-admin/server]2026-05-11 08:00:00.033	[34minfo[0m	/mnt/d/game/hlddz/ddz/admin/server/task/cleanup_stale_rooms.go:53	清理僵尸房间完成	{"affected_rows": 20, "table": "ddz_rooms_202605", "threshold": "[github.com/flipped-aurora/gin-vue-admin/server]2026-05-11 07:30:00.014"}
[github.com/flipped-aurora/gin-vue-admin/server]2026-05-11 08:00:00.049	[34minfo[0m	/mnt/d/game/hlddz/ddz/admin/server/task/cleanup_stale_rooms.go:95	清理僵尸房间任务完成	{"duration": 0.03425922}
[github.com/flipped-aurora/gin-vue-admin/server]2026-05-11 08:00:07.812	[34minfo[0m	/mnt/d/game/hlddz/ddz/admin/server/core/server_run.go:48	关闭WEB服务...
[github.com/flipped-aurora/gin-vue-admin/server]2026-05-11 08:00:07.815	[34minfo[0m	/mnt/d/game/hlddz/ddz/admin/server/core/server_run.go:59	WEB服务已关闭
[github.com/flipped-aurora/gin-vue-admin/server]2026-05-11 08:00:11.196	[34minfo[0m	/mnt/d/game/hlddz/ddz/admin/server/initialize/gorm.go:79	register table success
[github.com/flipped-aurora/gin-vue-admin/server]2026-05-11 08:00:11.204	[34minfo[0m	/mnt/d/game/hlddz/ddz/admin/server/initialize/redis.go:35	redis connect ping response:	{"name": "", "pong": "PONG"}
[github.com/flipped-aurora/gin-vue-admin/server]2026-05-11 08:00:11.209	[34minfo[0m	/mnt/d/game/hlddz/ddz/admin/server/initialize/router.go:61	register swagger handler
[github.com/flipped-aurora/gin-vue-admin/server]2026-05-11 08:00:11.257	[34minfo[0m	/mnt/d/game/hlddz/ddz/admin/server/initialize/router.go:111	router register success
[github.com/flipped-aurora/gin-vue-admin/server]2026-05-11 08:05:00.003	[34minfo[0m	/mnt/d/game/hlddz/ddz/admin/server/task/cleanup_stale_rooms.go:86	开始执行清理僵尸房间任务...
[github.com/flipped-aurora/gin-vue-admin/server]2026-05-11 08:05:00.013	[34minfo[0m	/mnt/d/game/hlddz/ddz/admin/server/task/cleanup_stale_rooms.go:95	清理僵尸房间任务完成	{"duration": 0.006507345}
[github.com/flipped-aurora/gin-vue-admin/server]2026-05-11 08:10:00.000	[34minfo[0m	/mnt/d/game/hlddz/ddz/admin/server/task/cleanup_stale_rooms.go:86	开始执行清理僵尸房间任务...
[github.com/flipped-aurora/gin-vue-admin/server]2026-05-11 08:10:00.013	[34minfo[0m	/mnt/d/game/hlddz/ddz/admin/server/task/cleanup_stale_rooms.go:95	清理僵尸房间任务完成	{"duration": 0.005435875}
[github.com/flipped-aurora/gin-vue-admin/server]2026-05-11 08:15:00.024	[34minfo[0m	/mnt/d/game/hlddz/ddz/admin/server/task/cleanup_stale_rooms.go:86	开始执行清理僵尸房间任务...
[github.com/flipped-aurora/gin-vue-admin/server]2026-05-11 08:15:00.032	[34minfo[0m	/mnt/d/game/hlddz/ddz/admin/server/task/cleanup_stale_rooms.go:95	清理僵尸房间任务完成	{"duration": 0.004714015}
[github.com/flipped-aurora/gin-vue-admin/server]2026-05-11 08:16:44.793	[34minfo[0m	/mnt/d/game/hlddz/ddz/admin/server/core/server_run.go:48	关闭WEB服务...
[github.com/flipped-aurora/gin-vue-admin/server]2026-05-11 08:16:44.796	[34minfo[0m	/mnt/d/game/hlddz/ddz/admin/server/core/server_run.go:59	WEB服务已关闭
[github.com/flipped-aurora/gin-vue-admin/server]2026-05-11 08:19:14.070	[34minfo[0m	/mnt/d/game/hlddz/ddz/admin/server/initialize/gorm.go:79	register table success
[github.com/flipped-aurora/gin-vue-admin/server]2026-05-11 08:19:14.074	[34minfo[0m	/mnt/d/game/hlddz/ddz/admin/server/initialize/redis.go:35	redis connect ping response:	{"name": "", "pong": "PONG"}
[github.com/flipped-aurora/gin-vue-admin/server]2026-05-11 08:19:14.079	[34minfo[0m	/mnt/d/game/hlddz/ddz/admin/server/initialize/router.go:61	register swagger handler
[github.com/flipped-aurora/gin-vue-admin/server]2026-05-11 08:19:14.098	[34minfo[0m	/mnt/d/game/hlddz/ddz/admin/server/initialize/router.go:111	router register success
[github.com/flipped-aurora/gin-vue-admin/server]2026-05-11 08:20:00.030	[34minfo[0m	/mnt/d/game/hlddz/ddz/admin/server/task/cleanup_stale_rooms.go:86	开始执行清理僵尸房间任务...
[github.com/flipped-aurora/gin-vue-admin/server]2026-05-11 08:20:00.043	[34minfo[0m	/mnt/d/game/hlddz/ddz/admin/server/task/cleanup_stale_rooms.go:95	清理僵尸房间任务完成	{"duration": 0.008166277}
[github.com/flipped-aurora/gin-vue-admin/server]2026-05-11 08:25:00.037	[34minfo[0m	/mnt/d/game/hlddz/ddz/admin/server/task/cleanup_stale_rooms.go:86	开始执行清理僵尸房间任务...
[github.com/flipped-aurora/gin-vue-admin/server]2026-05-11 08:25:00.046	[34minfo[0m	/mnt/d/game/hlddz/ddz/admin/server/task/cleanup_stale_rooms.go:95	清理僵尸房间任务完成	{"duration": 0.004502466}
[github.com/flipped-aurora/gin-vue-admin/server]2026-05-11 08:30:00.060	[34minfo[0m	/mnt/d/game/hlddz/ddz/admin/server/task/cleanup_stale_rooms.go:86	开始执行清理僵尸房间任务...
[github.com/flipped-aurora/gin-vue-admin/server]2026-05-11 08:30:00.077	[34minfo[0m	/mnt/d/game/hlddz/ddz/admin/server/task/cleanup_stale_rooms.go:95	清理僵尸房间任务完成	{"duration": 0.007888186}
[github.com/flipped-aurora/gin-vue-admin/server]2026-05-11 08:34:14.990	[34minfo[0m	/mnt/d/game/hlddz/ddz/admin/server/core/server_run.go:48	关闭WEB服务...
[github.com/flipped-aurora/gin-vue-admin/server]2026-05-11 08:34:15.006	[34minfo[0m	/mnt/d/game/hlddz/ddz/admin/server/core/server_run.go:59	WEB服务已关闭
[github.com/flipped-aurora/gin-vue-admin/server]2026-05-11 08:34:18.657	[34minfo[0m	/mnt/d/game/hlddz/ddz/admin/server/initialize/gorm.go:79	register table success
[github.com/flipped-aurora/gin-vue-admin/server]2026-05-11 08:34:18.661	[34minfo[0m	/mnt/d/game/hlddz/ddz/admin/server/initialize/redis.go:35	redis connect ping response:	{"name": "", "pong": "PONG"}
[github.com/flipped-aurora/gin-vue-admin/server]2026-05-11 08:34:18.665	[34minfo[0m	/mnt/d/game/hlddz/ddz/admin/server/initialize/router.go:61	register swagger handler
[github.com/flipped-aurora/gin-vue-admin/server]2026-05-11 08:34:18.689	[34minfo[0m	/mnt/d/game/hlddz/ddz/admin/server/initialize/router.go:111	router register success
[github.com/flipped-aurora/gin-vue-admin/server]2026-05-11 08:35:00.034	[34minfo[0m	/mnt/d/game/hlddz/ddz/admin/server/task/cleanup_stale_rooms.go:86	开始执行清理僵尸房间任务...
[github.com/flipped-aurora/gin-vue-admin/server]2026-05-11 08:35:00.051	[34minfo[0m	/mnt/d/game/hlddz/ddz/admin/server/task/cleanup_stale_rooms.go:95	清理僵尸房间任务完成	{"duration": 0.012169853}
[github.com/flipped-aurora/gin-vue-admin/server]2026-05-11 08:40:00.013	[34minfo[0m	/mnt/d/game/hlddz/ddz/admin/server/task/cleanup_stale_rooms.go:86	开始执行清理僵尸房间任务...
[github.com/flipped-aurora/gin-vue-admin/server]2026-05-11 08:40:00.026	[34minfo[0m	/mnt/d/game/hlddz/ddz/admin/server/task/cleanup_stale_rooms.go:95	清理僵尸房间任务完成	{"duration": 0.005879388}
[github.com/flipped-aurora/gin-vue-admin/server]2026-05-11 08:45:00.004	[34minfo[0m	/mnt/d/game/hlddz/ddz/admin/server/task/cleanup_stale_rooms.go:86	开始执行清理僵尸房间任务...
[github.com/flipped-aurora/gin-vue-admin/server]2026-05-11 08:45:00.017	[34minfo[0m	/mnt/d/game/hlddz/ddz/admin/server/task/cleanup_stale_rooms.go:95	清理僵尸房间任务完成	{"duration": 0.006406569}
[github.com/flipped-aurora/gin-vue-admin/server]2026-05-11 08:50:00.004	[34minfo[0m	/mnt/d/game/hlddz/ddz/admin/server/task/cleanup_stale_rooms.go:86	开始执行清理僵尸房间任务...
[github.com/flipped-aurora/gin-vue-admin/server]2026-05-11 08:50:00.014	[34minfo[0m	/mnt/d/game/hlddz/ddz/admin/server/task/cleanup_stale_rooms.go:95	清理僵尸房间任务完成	{"duration": 0.004450063}
[github.com/flipped-aurora/gin-vue-admin/server]2026-05-11 08:55:00.017	[34minfo[0m	/mnt/d/game/hlddz/ddz/admin/server/task/cleanup_stale_rooms.go:86	开始执行清理僵尸房间任务...
[github.com/flipped-aurora/gin-vue-admin/server]2026-05-11 08:55:00.027	[34minfo[0m	/mnt/d/game/hlddz/ddz/admin/server/task/cleanup_stale_rooms.go:95	清理僵尸房间任务完成	{"duration": 0.004145705}
[github.com/flipped-aurora/gin-vue-admin/server]2026-05-11 09:00:00.013	[34minfo[0m	/mnt/d/game/hlddz/ddz/admin/server/task/cleanup_stale_rooms.go:86	开始执行清理僵尸房间任务...
[github.com/flipped-aurora/gin-vue-admin/server]2026-05-11 09:00:00.024	[34minfo[0m	/mnt/d/game/hlddz/ddz/admin/server/task/cleanup_stale_rooms.go:95	清理僵尸房间任务完成	{"duration": 0.006035126}
[github.com/flipped-aurora/gin-vue-admin/server]2026-05-11 09:03:24.954	[34minfo[0m	/mnt/d/game/hlddz/ddz/admin/server/core/server_run.go:48	关闭WEB服务...
[github.com/flipped-aurora/gin-vue-admin/server]2026-05-11 09:03:24.957	[34minfo[0m	/mnt/d/game/hlddz/ddz/admin/server/core/server_run.go:59	WEB服务已关闭
[github.com/flipped-aurora/gin-vue-admin/server]2026-05-11 09:03:29.313	[34minfo[0m	/mnt/d/game/hlddz/ddz/admin/server/initialize/gorm.go:79	register table success
[github.com/flipped-aurora/gin-vue-admin/server]2026-05-11 09:03:29.316	[34minfo[0m	/mnt/d/game/hlddz/ddz/admin/server/initialize/redis.go:35	redis connect ping response:	{"name": "", "pong": "PONG"}
[github.com/flipped-aurora/gin-vue-admin/server]2026-05-11 09:03:29.319	[34minfo[0m	/mnt/d/game/hlddz/ddz/admin/server/initialize/router.go:61	register swagger handler
[github.com/flipped-aurora/gin-vue-admin/server]2026-05-11 09:03:29.340	[34minfo[0m	/mnt/d/game/hlddz/ddz/admin/server/initialize/router.go:111	router register success
[github.com/flipped-aurora/gin-vue-admin/server]2026-05-11 09:05:00.042	[34minfo[0m	/mnt/d/game/hlddz/ddz/admin/server/task/cleanup_stale_rooms.go:86	开始执行清理僵尸房间任务...
[github.com/flipped-aurora/gin-vue-admin/server]2026-05-11 09:05:00.061	[34minfo[0m	/mnt/d/game/hlddz/ddz/admin/server/task/cleanup_stale_rooms.go:95	清理僵尸房间任务完成	{"duration": 0.012379049}
[github.com/flipped-aurora/gin-vue-admin/server]2026-05-11 09:07:05.467	[34minfo[0m	/mnt/d/game/hlddz/ddz/admin/server/core/server_run.go:48	关闭WEB服务...
[github.com/flipped-aurora/gin-vue-admin/server]2026-05-11 09:07:05.470	[34minfo[0m	/mnt/d/game/hlddz/ddz/admin/server/core/server_run.go:59	WEB服务已关闭
[github.com/flipped-aurora/gin-vue-admin/server]2026-05-11 09:07:07.443	[34minfo[0m	/mnt/d/game/hlddz/ddz/admin/server/initialize/gorm.go:79	register table success
[github.com/flipped-aurora/gin-vue-admin/server]2026-05-11 09:07:07.447	[34minfo[0m	/mnt/d/game/hlddz/ddz/admin/server/initialize/redis.go:35	redis connect ping response:	{"name": "", "pong": "PONG"}
[github.com/flipped-aurora/gin-vue-admin/server]2026-05-11 09:07:07.450	[34minfo[0m	/mnt/d/game/hlddz/ddz/admin/server/initialize/router.go:61	register swagger handler
[github.com/flipped-aurora/gin-vue-admin/server]2026-05-11 09:07:07.470	[34minfo[0m	/mnt/d/game/hlddz/ddz/admin/server/initialize/router.go:111	router register success
[github.com/flipped-aurora/gin-vue-admin/server]2026-05-11 09:10:00.015	[34minfo[0m	/mnt/d/game/hlddz/ddz/admin/server/task/cleanup_stale_rooms.go:86	开始执行清理僵尸房间任务...
[github.com/flipped-aurora/gin-vue-admin/server]2026-05-11 09:10:00.026	[34minfo[0m	/mnt/d/game/hlddz/ddz/admin/server/task/cleanup_stale_rooms.go:95	清理僵尸房间任务完成	{"duration": 0.004268885}
[github.com/flipped-aurora/gin-vue-admin/server]2026-05-11 09:15:00.015	[34minfo[0m	/mnt/d/game/hlddz/ddz/admin/server/task/cleanup_stale_rooms.go:86	开始执行清理僵尸房间任务...
[github.com/flipped-aurora/gin-vue-admin/server]2026-05-11 09:15:00.028	[34minfo[0m	/mnt/d/game/hlddz/ddz/admin/server/task/cleanup_stale_rooms.go:95	清理僵尸房间任务完成	{"duration": 0.00604136}
[github.com/flipped-aurora/gin-vue-admin/server]2026-05-11 09:20:00.016	[34minfo[0m	/mnt/d/game/hlddz/ddz/admin/server/task/cleanup_stale_rooms.go:86	开始执行清理僵尸房间任务...
[github.com/flipped-aurora/gin-vue-admin/server]2026-05-11 09:20:00.028	[34minfo[0m	/mnt/d/game/hlddz/ddz/admin/server/task/cleanup_stale_rooms.go:95	清理僵尸房间任务完成	{"duration": 0.005338101}
[github.com/flipped-aurora/gin-vue-admin/server]2026-05-11 09:23:01.098	[34minfo[0m	/mnt/d/game/hlddz/ddz/admin/server/core/server_run.go:48	关闭WEB服务...
[github.com/flipped-aurora/gin-vue-admin/server]2026-05-11 09:23:01.102	[34minfo[0m	/mnt/d/game/hlddz/ddz/admin/server/core/server_run.go:59	WEB服务已关闭
[github.com/flipped-aurora/gin-vue-admin/server]2026-05-11 09:23:04.639	[34minfo[0m	/mnt/d/game/hlddz/ddz/admin/server/initialize/gorm.go:79	register table success
[github.com/flipped-aurora/gin-vue-admin/server]2026-05-11 09:23:04.643	[34minfo[0m	/mnt/d/game/hlddz/ddz/admin/server/initialize/redis.go:35	redis connect ping response:	{"name": "", "pong": "PONG"}
[github.com/flipped-aurora/gin-vue-admin/server]2026-05-11 09:23:03.303	[34minfo[0m	/mnt/d/game/hlddz/ddz/admin/server/initialize/router.go:61	register swagger handler
[github.com/flipped-aurora/gin-vue-admin/server]2026-05-11 09:23:03.320	[34minfo[0m	/mnt/d/game/hlddz/ddz/admin/server/initialize/router.go:111	router register success
[github.com/flipped-aurora/gin-vue-admin/server]2026-05-11 09:25:00.077	[34minfo[0m	/mnt/d/game/hlddz/ddz/admin/server/task/cleanup_stale_rooms.go:86	开始执行清理僵尸房间任务...
[github.com/flipped-aurora/gin-vue-admin/server]2026-05-11 09:25:00.091	[34minfo[0m	/mnt/d/game/hlddz/ddz/admin/server/task/cleanup_stale_rooms.go:95	清理僵尸房间任务完成	{"duration": 0.00587646}
[github.com/flipped-aurora/gin-vue-admin/server]2026-05-11 09:28:21.694	[34minfo[0m	/mnt/d/game/hlddz/ddz/admin/server/core/server_run.go:48	关闭WEB服务...
[github.com/flipped-aurora/gin-vue-admin/server]2026-05-11 09:28:21.699	[34minfo[0m	/mnt/d/game/hlddz/ddz/admin/server/core/server_run.go:59	WEB服务已关闭
[github.com/flipped-aurora/gin-vue-admin/server]2026-05-11 09:28:28.391	[34minfo[0m	/mnt/d/game/hlddz/ddz/admin/server/initialize/gorm.go:79	register table success
[github.com/flipped-aurora/gin-vue-admin/server]2026-05-11 09:28:28.394	[34minfo[0m	/mnt/d/game/hlddz/ddz/admin/server/initialize/redis.go:35	redis connect ping response:	{"name": "", "pong": "PONG"}
[github.com/flipped-aurora/gin-vue-admin/server]2026-05-11 09:28:28.397	[34minfo[0m	/mnt/d/game/hlddz/ddz/admin/server/initialize/router.go:61	register swagger handler
[github.com/flipped-aurora/gin-vue-admin/server]2026-05-11 09:28:28.414	[34minfo[0m	/mnt/d/game/hlddz/ddz/admin/server/initialize/router.go:111	router register success
[github.com/flipped-aurora/gin-vue-admin/server]2026-05-11 09:30:00.073	[34minfo[0m	/mnt/d/game/hlddz/ddz/admin/server/task/cleanup_stale_rooms.go:86	开始执行清理僵尸房间任务...
[github.com/flipped-aurora/gin-vue-admin/server]2026-05-11 09:30:00.083	[34minfo[0m	/mnt/d/game/hlddz/ddz/admin/server/task/cleanup_stale_rooms.go:95	清理僵尸房间任务完成	{"duration": 0.005487452}
[github.com/flipped-aurora/gin-vue-admin/server]2026-05-11 09:35:00.004	[34minfo[0m	/mnt/d/game/hlddz/ddz/admin/server/task/cleanup_stale_rooms.go:86	开始执行清理僵尸房间任务...
[github.com/flipped-aurora/gin-vue-admin/server]2026-05-11 09:35:00.014	[34minfo[0m	/mnt/d/game/hlddz/ddz/admin/server/task/cleanup_stale_rooms.go:95	清理僵尸房间任务完成	{"duration": 0.004277325}
[github.com/flipped-aurora/gin-vue-admin/server]2026-05-11 09:40:00.012	[34minfo[0m	/mnt/d/game/hlddz/ddz/admin/server/task/cleanup_stale_rooms.go:86	开始执行清理僵尸房间任务...
[github.com/flipped-aurora/gin-vue-admin/server]2026-05-11 09:40:00.030	[34minfo[0m	/mnt/d/game/hlddz/ddz/admin/server/task/cleanup_stale_rooms.go:95	清理僵尸房间任务完成	{"duration": 0.006202116}
[github.com/flipped-aurora/gin-vue-admin/server]2026-05-11 09:43:09.121	[34minfo[0m	/mnt/d/game/hlddz/ddz/admin/server/core/server_run.go:48	关闭WEB服务...
[github.com/flipped-aurora/gin-vue-admin/server]2026-05-11 09:43:09.126	[34minfo[0m	/mnt/d/game/hlddz/ddz/admin/server/core/server_run.go:59	WEB服务已关闭
[github.com/flipped-aurora/gin-vue-admin/server]2026-05-11 09:43:12.997	[34minfo[0m	/mnt/d/game/hlddz/ddz/admin/server/initialize/gorm.go:79	register table success
[github.com/flipped-aurora/gin-vue-admin/server]2026-05-11 09:43:13.004	[34minfo[0m	/mnt/d/game/hlddz/ddz/admin/server/initialize/redis.go:35	redis connect ping response:	{"name": "", "pong": "PONG"}
[github.com/flipped-aurora/gin-vue-admin/server]2026-05-11 09:43:13.010	[34minfo[0m	/mnt/d/game/hlddz/ddz/admin/server/initialize/router.go:61	register swagger handler
[github.com/flipped-aurora/gin-vue-admin/server]2026-05-11 09:43:13.032	[34minfo[0m	/mnt/d/game/hlddz/ddz/admin/server/initialize/router.go:111	router register success
[github.com/flipped-aurora/gin-vue-admin/server]2026-05-11 09:45:00.068	[34minfo[0m	/mnt/d/game/hlddz/ddz/admin/server/task/cleanup_stale_rooms.go:86	开始执行清理僵尸房间任务...
[github.com/flipped-aurora/gin-vue-admin/server]2026-05-11 09:45:00.083	[34minfo[0m	/mnt/d/game/hlddz/ddz/admin/server/task/cleanup_stale_rooms.go:95	清理僵尸房间任务完成	{"duration": 0.00983474}
[github.com/flipped-aurora/gin-vue-admin/server]2026-05-11 09:50:00.004	[34minfo[0m	/mnt/d/game/hlddz/ddz/admin/server/task/cleanup_stale_rooms.go:86	开始执行清理僵尸房间任务...
[github.com/flipped-aurora/gin-vue-admin/server]2026-05-11 09:50:00.024	[34minfo[0m	/mnt/d/game/hlddz/ddz/admin/server/task/cleanup_stale_rooms.go:95	清理僵尸房间任务完成	{"duration": 0.010637755}
[github.com/flipped-aurora/gin-vue-admin/server]2026-05-11 09:51:13.319	[34minfo[0m	/mnt/d/game/hlddz/ddz/admin/server/core/server_run.go:48	关闭WEB服务...
[github.com/flipped-aurora/gin-vue-admin/server]2026-05-11 09:51:13.327	[34minfo[0m	/mnt/d/game/hlddz/ddz/admin/server/core/server_run.go:59	WEB服务已关闭
[github.com/flipped-aurora/gin-vue-admin/server]2026-05-11 09:51:17.413	[34minfo[0m	/mnt/d/game/hlddz/ddz/admin/server/initialize/gorm.go:79	register table success
[github.com/flipped-aurora/gin-vue-admin/server]2026-05-11 09:51:17.419	[34minfo[0m	/mnt/d/game/hlddz/ddz/admin/server/initialize/redis.go:35	redis connect ping response:	{"name": "", "pong": "PONG"}
[github.com/flipped-aurora/gin-vue-admin/server]2026-05-11 09:51:17.423	[34minfo[0m	/mnt/d/game/hlddz/ddz/admin/server/initialize/router.go:61	register swagger handler
[github.com/flipped-aurora/gin-vue-admin/server]2026-05-11 09:51:17.443	[34minfo[0m	/mnt/d/game/hlddz/ddz/admin/server/initialize/router.go:111	router register success
[github.com/flipped-aurora/gin-vue-admin/server]2026-05-11 09:55:00.012	[34minfo[0m	/mnt/d/game/hlddz/ddz/admin/server/task/cleanup_stale_rooms.go:86	开始执行清理僵尸房间任务...
[github.com/flipped-aurora/gin-vue-admin/server]2026-05-11 09:55:00.035	[34minfo[0m	/mnt/d/game/hlddz/ddz/admin/server/task/cleanup_stale_rooms.go:95	清理僵尸房间任务完成	{"duration": 0.012106683}
[github.com/flipped-aurora/gin-vue-admin/server]2026-05-11 10:00:00.048	[34minfo[0m	/mnt/d/game/hlddz/ddz/admin/server/task/cleanup_stale_rooms.go:86	开始执行清理僵尸房间任务...
[github.com/flipped-aurora/gin-vue-admin/server]2026-05-11 10:00:00.058	[34minfo[0m	/mnt/d/game/hlddz/ddz/admin/server/task/cleanup_stale_rooms.go:95	清理僵尸房间任务完成	{"duration": 0.004316217}
[github.com/flipped-aurora/gin-vue-admin/server]2026-05-11 10:05:00.023	[34minfo[0m	/mnt/d/game/hlddz/ddz/admin/server/task/cleanup_stale_rooms.go:86	开始执行清理僵尸房间任务...
[github.com/flipped-aurora/gin-vue-admin/server]2026-05-11 10:05:00.036	[34minfo[0m	/mnt/d/game/hlddz/ddz/admin/server/task/cleanup_stale_rooms.go:95	清理僵尸房间任务完成	{"duration": 0.005953086}
[github.com/flipped-aurora/gin-vue-admin/server]2026-05-11 10:07:18.627	[34minfo[0m	/mnt/d/game/hlddz/ddz/admin/server/core/server_run.go:48	关闭WEB服务...
[github.com/flipped-aurora/gin-vue-admin/server]2026-05-11 10:07:18.633	[34minfo[0m	/mnt/d/game/hlddz/ddz/admin/server/core/server_run.go:59	WEB服务已关闭
[github.com/flipped-aurora/gin-vue-admin/server]2026-05-11 10:07:22.401	[34minfo[0m	/mnt/d/game/hlddz/ddz/admin/server/initialize/gorm.go:79	register table success
[github.com/flipped-aurora/gin-vue-admin/server]2026-05-11 10:07:22.404	[34minfo[0m	/mnt/d/game/hlddz/ddz/admin/server/initialize/redis.go:35	redis connect ping response:	{"name": "", "pong": "PONG"}
[github.com/flipped-aurora/gin-vue-admin/server]2026-05-11 10:07:22.408	[34minfo[0m	/mnt/d/game/hlddz/ddz/admin/server/initialize/router.go:61	register swagger handler
[github.com/flipped-aurora/gin-vue-admin/server]2026-05-11 10:07:22.427	[34minfo[0m	/mnt/d/game/hlddz/ddz/admin/server/initialize/router.go:111	router register success
[github.com/flipped-aurora/gin-vue-admin/server]2026-05-11 10:10:00.009	[34minfo[0m	/mnt/d/game/hlddz/ddz/admin/server/task/cleanup_stale_rooms.go:86	开始执行清理僵尸房间任务...
[github.com/flipped-aurora/gin-vue-admin/server]2026-05-11 10:10:00.021	[34minfo[0m	/mnt/d/game/hlddz/ddz/admin/server/task/cleanup_stale_rooms.go:95	清理僵尸房间任务完成	{"duration": 0.006861843}
[github.com/flipped-aurora/gin-vue-admin/server]2026-05-11 10:13:29.989	[34minfo[0m	/mnt/d/game/hlddz/ddz/admin/server/core/server_run.go:48	关闭WEB服务...
[github.com/flipped-aurora/gin-vue-admin/server]2026-05-11 10:13:29.996	[34minfo[0m	/mnt/d/game/hlddz/ddz/admin/server/core/server_run.go:59	WEB服务已关闭
[github.com/flipped-aurora/gin-vue-admin/server]2026-05-11 10:13:33.248	[34minfo[0m	/mnt/d/game/hlddz/ddz/admin/server/initialize/gorm.go:79	register table success
[github.com/flipped-aurora/gin-vue-admin/server]2026-05-11 10:13:33.253	[34minfo[0m	/mnt/d/game/hlddz/ddz/admin/server/initialize/redis.go:35	redis connect ping response:	{"name": "", "pong": "PONG"}
[github.com/flipped-aurora/gin-vue-admin/server]2026-05-11 10:13:33.257	[34minfo[0m	/mnt/d/game/hlddz/ddz/admin/server/initialize/router.go:61	register swagger handler
[github.com/flipped-aurora/gin-vue-admin/server]2026-05-11 10:13:33.278	[34minfo[0m	/mnt/d/game/hlddz/ddz/admin/server/initialize/router.go:111	router register success
[github.com/flipped-aurora/gin-vue-admin/server]2026-05-11 10:15:00.006	[34minfo[0m	/mnt/d/game/hlddz/ddz/admin/server/task/cleanup_stale_rooms.go:86	开始执行清理僵尸房间任务...
[github.com/flipped-aurora/gin-vue-admin/server]2026-05-11 10:15:00.021	[34minfo[0m	/mnt/d/game/hlddz/ddz/admin/server/task/cleanup_stale_rooms.go:95	清理僵尸房间任务完成	{"duration": 0.010763123}
[github.com/flipped-aurora/gin-vue-admin/server]2026-05-11 10:20:00.046	[34minfo[0m	/mnt/d/game/hlddz/ddz/admin/server/task/cleanup_stale_rooms.go:86	开始执行清理僵尸房间任务...
[github.com/flipped-aurora/gin-vue-admin/server]2026-05-11 10:20:00.059	[34minfo[0m	/mnt/d/game/hlddz/ddz/admin/server/task/cleanup_stale_rooms.go:95	清理僵尸房间任务完成	{"duration": 0.005571939}
[github.com/flipped-aurora/gin-vue-admin/server]2026-05-11 10:25:00.026	[34minfo[0m	/mnt/d/game/hlddz/ddz/admin/server/task/cleanup_stale_rooms.go:86	开始执行清理僵尸房间任务...
[github.com/flipped-aurora/gin-vue-admin/server]2026-05-11 10:25:00.037	[34minfo[0m	/mnt/d/game/hlddz/ddz/admin/server/task/cleanup_stale_rooms.go:95	清理僵尸房间任务完成	{"duration": 0.006086415}
[github.com/flipped-aurora/gin-vue-admin/server]2026-05-11 10:30:00.016	[34minfo[0m	/mnt/d/game/hlddz/ddz/admin/server/task/cleanup_stale_rooms.go:86	开始执行清理僵尸房间任务...
[github.com/flipped-aurora/gin-vue-admin/server]2026-05-11 10:30:00.024	[34minfo[0m	/mnt/d/game/hlddz/ddz/admin/server/task/cleanup_stale_rooms.go:95	清理僵尸房间任务完成	{"duration": 0.003468814}
[github.com/flipped-aurora/gin-vue-admin/server]2026-05-11 10:35:00.008	[34minfo[0m	/mnt/d/game/hlddz/ddz/admin/server/task/cleanup_stale_rooms.go:86	开始执行清理僵尸房间任务...
[github.com/flipped-aurora/gin-vue-admin/server]2026-05-11 10:35:00.016	[34minfo[0m	/mnt/d/game/hlddz/ddz/admin/server/task/cleanup_stale_rooms.go:95	清理僵尸房间任务完成	{"duration": 0.004002419}
[github.com/flipped-aurora/gin-vue-admin/server]2026-05-11 10:40:00.031	[34minfo[0m	/mnt/d/game/hlddz/ddz/admin/server/task/cleanup_stale_rooms.go:86	开始执行清理僵尸房间任务...
[github.com/flipped-aurora/gin-vue-admin/server]2026-05-11 10:40:00.040	[34minfo[0m	/mnt/d/game/hlddz/ddz/admin/server/task/cleanup_stale_rooms.go:95	清理僵尸房间任务完成	{"duration": 0.00458103}
[github.com/flipped-aurora/gin-vue-admin/server]2026-05-11 10:42:03.720	[34minfo[0m	/mnt/d/game/hlddz/ddz/admin/server/core/server_run.go:48	关闭WEB服务...
[github.com/flipped-aurora/gin-vue-admin/server]2026-05-11 10:42:03.731	[34minfo[0m	/mnt/d/game/hlddz/ddz/admin/server/core/server_run.go:59	WEB服务已关闭
[github.com/flipped-aurora/gin-vue-admin/server]2026-05-11 10:42:07.238	[34minfo[0m	/mnt/d/game/hlddz/ddz/admin/server/initialize/gorm.go:79	register table success
[github.com/flipped-aurora/gin-vue-admin/server]2026-05-11 10:42:07.242	[34minfo[0m	/mnt/d/game/hlddz/ddz/admin/server/initialize/redis.go:35	redis connect ping response:	{"name": "", "pong": "PONG"}
[github.com/flipped-aurora/gin-vue-admin/server]2026-05-11 10:42:07.244	[34minfo[0m	/mnt/d/game/hlddz/ddz/admin/server/initialize/router.go:61	register swagger handler
[github.com/flipped-aurora/gin-vue-admin/server]2026-05-11 10:42:07.261	[34minfo[0m	/mnt/d/game/hlddz/ddz/admin/server/initialize/router.go:111	router register success
[github.com/flipped-aurora/gin-vue-admin/server]2026-05-11 10:45:00.007	[34minfo[0m	/mnt/d/game/hlddz/ddz/admin/server/task/cleanup_stale_rooms.go:86	开始执行清理僵尸房间任务...
[github.com/flipped-aurora/gin-vue-admin/server]2026-05-11 10:45:00.030	[34minfo[0m	/mnt/d/game/hlddz/ddz/admin/server/task/cleanup_stale_rooms.go:95	清理僵尸房间任务完成	{"duration": 0.015672384}
[github.com/flipped-aurora/gin-vue-admin/server]2026-05-11 10:50:00.012	[34minfo[0m	/mnt/d/game/hlddz/ddz/admin/server/task/cleanup_stale_rooms.go:86	开始执行清理僵尸房间任务...
[github.com/flipped-aurora/gin-vue-admin/server]2026-05-11 10:50:00.024	[34minfo[0m	/mnt/d/game/hlddz/ddz/admin/server/task/cleanup_stale_rooms.go:95	清理僵尸房间任务完成	{"duration": 0.004571889}
[github.com/flipped-aurora/gin-vue-admin/server]2026-05-11 10:55:00.006	[34minfo[0m	/mnt/d/game/hlddz/ddz/admin/server/task/cleanup_stale_rooms.go:86	开始执行清理僵尸房间任务...
[github.com/flipped-aurora/gin-vue-admin/server]2026-05-11 10:55:00.017	[34minfo[0m	/mnt/d/game/hlddz/ddz/admin/server/task/cleanup_stale_rooms.go:95	清理僵尸房间任务完成	{"duration": 0.005010225}
[github.com/flipped-aurora/gin-vue-admin/server]2026-05-11 10:56:28.324	[34minfo[0m	/mnt/d/game/hlddz/ddz/admin/server/core/server_run.go:48	关闭WEB服务...
[github.com/flipped-aurora/gin-vue-admin/server]2026-05-11 10:56:28.328	[34minfo[0m	/mnt/d/game/hlddz/ddz/admin/server/core/server_run.go:59	WEB服务已关闭
[github.com/flipped-aurora/gin-vue-admin/server]2026-05-11 10:58:33.496	[34minfo[0m	/mnt/d/game/hlddz/ddz/admin/server/initialize/gorm.go:79	register table success
[github.com/flipped-aurora/gin-vue-admin/server]2026-05-11 10:58:33.503	[34minfo[0m	/mnt/d/game/hlddz/ddz/admin/server/initialize/redis.go:35	redis connect ping response:	{"name": "", "pong": "PONG"}
[github.com/flipped-aurora/gin-vue-admin/server]2026-05-11 10:58:33.509	[34minfo[0m	/mnt/d/game/hlddz/ddz/admin/server/initialize/router.go:61	register swagger handler
[github.com/flipped-aurora/gin-vue-admin/server]2026-05-11 10:58:33.537	[34minfo[0m	/mnt/d/game/hlddz/ddz/admin/server/initialize/router.go:111	router register success
[github.com/flipped-aurora/gin-vue-admin/server]2026-05-11 11:00:00.012	[34minfo[0m	/mnt/d/game/hlddz/ddz/admin/server/task/cleanup_stale_rooms.go:86	开始执行清理僵尸房间任务...
[github.com/flipped-aurora/gin-vue-admin/server]2026-05-11 11:00:00.024	[34minfo[0m	/mnt/d/game/hlddz/ddz/admin/server/task/cleanup_stale_rooms.go:95	清理僵尸房间任务完成	{"duration": 0.006329754}
[github.com/flipped-aurora/gin-vue-admin/server]2026-05-11 11:04:27.937	[34minfo[0m	/mnt/d/game/hlddz/ddz/admin/server/core/server_run.go:48	关闭WEB服务...
[github.com/flipped-aurora/gin-vue-admin/server]2026-05-11 11:04:27.942	[34minfo[0m	/mnt/d/game/hlddz/ddz/admin/server/core/server_run.go:59	WEB服务已关闭
[github.com/flipped-aurora/gin-vue-admin/server]2026-05-11 11:15:37.644	[34minfo[0m	/mnt/d/game/hlddz/ddz/admin/server/initialize/gorm.go:79	register table success
[github.com/flipped-aurora/gin-vue-admin/server]2026-05-11 11:15:37.647	[34minfo[0m	/mnt/d/game/hlddz/ddz/admin/server/initialize/redis.go:35	redis connect ping response:	{"name": "", "pong": "PONG"}
[github.com/flipped-aurora/gin-vue-admin/server]2026-05-11 11:15:37.652	[34minfo[0m	/mnt/d/game/hlddz/ddz/admin/server/initialize/router.go:61	register swagger handler
[github.com/flipped-aurora/gin-vue-admin/server]2026-05-11 11:15:37.671	[34minfo[0m	/mnt/d/game/hlddz/ddz/admin/server/initialize/router.go:111	router register success
[github.com/flipped-aurora/gin-vue-admin/server]2026-05-11 11:20:00.006	[34minfo[0m	/mnt/d/game/hlddz/ddz/admin/server/task/cleanup_stale_rooms.go:86	开始执行清理僵尸房间任务...
[github.com/flipped-aurora/gin-vue-admin/server]2026-05-11 11:20:00.016	[34minfo[0m	/mnt/d/game/hlddz/ddz/admin/server/task/cleanup_stale_rooms.go:95	清理僵尸房间任务完成	{"duration": 0.005655044}
[github.com/flipped-aurora/gin-vue-admin/server]2026-05-11 11:25:00.001	[34minfo[0m	/mnt/d/game/hlddz/ddz/admin/server/task/cleanup_stale_rooms.go:86	开始执行清理僵尸房间任务...
[github.com/flipped-aurora/gin-vue-admin/server]2026-05-11 11:25:00.009	[34minfo[0m	/mnt/d/game/hlddz/ddz/admin/server/task/cleanup_stale_rooms.go:95	清理僵尸房间任务完成	{"duration": 0.005137305}
[github.com/flipped-aurora/gin-vue-admin/server]2026-05-11 11:30:00.005	[34minfo[0m	/mnt/d/game/hlddz/ddz/admin/server/task/cleanup_stale_rooms.go:86	开始执行清理僵尸房间任务...
[github.com/flipped-aurora/gin-vue-admin/server]2026-05-11 11:30:00.015	[34minfo[0m	/mnt/d/game/hlddz/ddz/admin/server/task/cleanup_stale_rooms.go:95	清理僵尸房间任务完成	{"duration": 0.004767054}
[github.com/flipped-aurora/gin-vue-admin/server]2026-05-11 11:31:08.705	[34minfo[0m	/mnt/d/game/hlddz/ddz/admin/server/core/server_run.go:48	关闭WEB服务...
[github.com/flipped-aurora/gin-vue-admin/server]2026-05-11 11:31:08.709	[34minfo[0m	/mnt/d/game/hlddz/ddz/admin/server/core/server_run.go:59	WEB服务已关闭
[github.com/flipped-aurora/gin-vue-admin/server]2026-05-11 11:31:10.612	[34minfo[0m	/mnt/d/game/hlddz/ddz/admin/server/initialize/gorm.go:79	register table success
[github.com/flipped-aurora/gin-vue-admin/server]2026-05-11 11:31:10.619	[34minfo[0m	/mnt/d/game/hlddz/ddz/admin/server/initialize/redis.go:35	redis connect ping response:	{"name": "", "pong": "PONG"}
[github.com/flipped-aurora/gin-vue-admin/server]2026-05-11 11:31:10.626	[34minfo[0m	/mnt/d/game/hlddz/ddz/admin/server/initialize/router.go:61	register swagger handler
[github.com/flipped-aurora/gin-vue-admin/server]2026-05-11 11:31:10.650	[34minfo[0m	/mnt/d/game/hlddz/ddz/admin/server/initialize/router.go:111	router register success
[github.com/flipped-aurora/gin-vue-admin/server]2026-05-11 11:33:47.623	[34minfo[0m	/mnt/d/game/hlddz/ddz/admin/server/core/server_run.go:48	关闭WEB服务...
[github.com/flipped-aurora/gin-vue-admin/server]2026-05-11 11:33:47.627	[34minfo[0m	/mnt/d/game/hlddz/ddz/admin/server/core/server_run.go:59	WEB服务已关闭
[github.com/flipped-aurora/gin-vue-admin/server]2026-05-11 11:39:18.235	[34minfo[0m	/mnt/d/game/hlddz/ddz/admin/server/initialize/gorm.go:79	register table success
[github.com/flipped-aurora/gin-vue-admin/server]2026-05-11 11:39:18.239	[34minfo[0m	/mnt/d/game/hlddz/ddz/admin/server/initialize/redis.go:35	redis connect ping response:	{"name": "", "pong": "PONG"}
[github.com/flipped-aurora/gin-vue-admin/server]2026-05-11 11:39:18.243	[34minfo[0m	/mnt/d/game/hlddz/ddz/admin/server/initialize/router.go:61	register swagger handler
[github.com/flipped-aurora/gin-vue-admin/server]2026-05-11 11:39:18.264	[34minfo[0m	/mnt/d/game/hlddz/ddz/admin/server/initialize/router.go:111	router register success
[github.com/flipped-aurora/gin-vue-admin/server]2026-05-11 11:40:00.002	[34minfo[0m	/mnt/d/game/hlddz/ddz/admin/server/task/cleanup_stale_rooms.go:86	开始执行清理僵尸房间任务...
[github.com/flipped-aurora/gin-vue-admin/server]2026-05-11 11:40:00.046	[34minfo[0m	/mnt/d/game/hlddz/ddz/admin/server/task/cleanup_stale_rooms.go:95	清理僵尸房间任务完成	{"duration": 0.039482434}
[github.com/flipped-aurora/gin-vue-admin/server]2026-05-11 11:45:00.017	[34minfo[0m	/mnt/d/game/hlddz/ddz/admin/server/task/cleanup_stale_rooms.go:86	开始执行清理僵尸房间任务...
[github.com/flipped-aurora/gin-vue-admin/server]2026-05-11 11:45:00.029	[34minfo[0m	/mnt/d/game/hlddz/ddz/admin/server/task/cleanup_stale_rooms.go:95	清理僵尸房间任务完成	{"duration": 0.00611869}
[github.com/flipped-aurora/gin-vue-admin/server]2026-05-11 11:45:12.212	[34minfo[0m	/mnt/d/game/hlddz/ddz/admin/server/core/server_run.go:48	关闭WEB服务...
[github.com/flipped-aurora/gin-vue-admin/server]2026-05-11 11:45:12.216	[34minfo[0m	/mnt/d/game/hlddz/ddz/admin/server/core/server_run.go:59	WEB服务已关闭
[github.com/flipped-aurora/gin-vue-admin/server]2026-05-11 11:45:20.193	[34minfo[0m	/mnt/d/game/hlddz/ddz/admin/server/initialize/gorm.go:79	register table success
[github.com/flipped-aurora/gin-vue-admin/server]2026-05-11 11:45:20.196	[34minfo[0m	/mnt/d/game/hlddz/ddz/admin/server/initialize/redis.go:35	redis connect ping response:	{"name": "", "pong": "PONG"}
[github.com/flipped-aurora/gin-vue-admin/server]2026-05-11 11:45:20.199	[34minfo[0m	/mnt/d/game/hlddz/ddz/admin/server/initialize/router.go:61	register swagger handler
[github.com/flipped-aurora/gin-vue-admin/server]2026-05-11 11:45:20.216	[34minfo[0m	/mnt/d/game/hlddz/ddz/admin/server/initialize/router.go:111	router register success
[github.com/flipped-aurora/gin-vue-admin/server]2026-05-11 11:50:00.005	[34minfo[0m	/mnt/d/game/hlddz/ddz/admin/server/task/cleanup_stale_rooms.go:86	开始执行清理僵尸房间任务...
[github.com/flipped-aurora/gin-vue-admin/server]2026-05-11 11:50:00.023	[34minfo[0m	/mnt/d/game/hlddz/ddz/admin/server/task/cleanup_stale_rooms.go:95	清理僵尸房间任务完成	{"duration": 0.014347849}
[github.com/flipped-aurora/gin-vue-admin/server]2026-05-11 11:55:00.014	[34minfo[0m	/mnt/d/game/hlddz/ddz/admin/server/task/cleanup_stale_rooms.go:86	开始执行清理僵尸房间任务...
[github.com/flipped-aurora/gin-vue-admin/server]2026-05-11 11:55:00.023	[34minfo[0m	/mnt/d/game/hlddz/ddz/admin/server/task/cleanup_stale_rooms.go:95	清理僵尸房间任务完成	{"duration": 0.00422171}
[github.com/flipped-aurora/gin-vue-admin/server]2026-05-11 11:57:23.581	[34minfo[0m	/mnt/d/game/hlddz/ddz/admin/server/core/server_run.go:48	关闭WEB服务...
[github.com/flipped-aurora/gin-vue-admin/server]2026-05-11 11:57:23.587	[34minfo[0m	/mnt/d/game/hlddz/ddz/admin/server/core/server_run.go:59	WEB服务已关闭
[github.com/flipped-aurora/gin-vue-admin/server]2026-05-11 11:57:26.791	[34minfo[0m	/mnt/d/game/hlddz/ddz/admin/server/initialize/gorm.go:79	register table success
[github.com/flipped-aurora/gin-vue-admin/server]2026-05-11 11:57:26.798	[34minfo[0m	/mnt/d/game/hlddz/ddz/admin/server/initialize/redis.go:35	redis connect ping response:	{"name": "", "pong": "PONG"}
[github.com/flipped-aurora/gin-vue-admin/server]2026-05-11 11:57:26.804	[34minfo[0m	/mnt/d/game/hlddz/ddz/admin/server/initialize/router.go:61	register swagger handler
[github.com/flipped-aurora/gin-vue-admin/server]2026-05-11 11:57:26.823	[34minfo[0m	/mnt/d/game/hlddz/ddz/admin/server/initialize/router.go:111	router register success
[github.com/flipped-aurora/gin-vue-admin/server]2026-05-11 12:00:00.087	[34minfo[0m	/mnt/d/game/hlddz/ddz/admin/server/task/cleanup_stale_rooms.go:86	开始执行清理僵尸房间任务...
[github.com/flipped-aurora/gin-vue-admin/server]2026-05-11 12:00:00.101	[34minfo[0m	/mnt/d/game/hlddz/ddz/admin/server/task/cleanup_stale_rooms.go:95	清理僵尸房间任务完成	{"duration": 0.007951783}
[github.com/flipped-aurora/gin-vue-admin/server]2026-05-11 12:05:00.001	[34minfo[0m	/mnt/d/game/hlddz/ddz/admin/server/task/cleanup_stale_rooms.go:86	开始执行清理僵尸房间任务...
[github.com/flipped-aurora/gin-vue-admin/server]2026-05-11 12:05:00.008	[34minfo[0m	/mnt/d/game/hlddz/ddz/admin/server/task/cleanup_stale_rooms.go:95	清理僵尸房间任务完成	{"duration": 0.004035317}
[github.com/flipped-aurora/gin-vue-admin/server]2026-05-11 12:10:00.009	[34minfo[0m	/mnt/d/game/hlddz/ddz/admin/server/task/cleanup_stale_rooms.go:86	开始执行清理僵尸房间任务...
[github.com/flipped-aurora/gin-vue-admin/server]2026-05-11 12:10:00.016	[34minfo[0m	/mnt/d/game/hlddz/ddz/admin/server/task/cleanup_stale_rooms.go:95	清理僵尸房间任务完成	{"duration": 0.00352675}
[github.com/flipped-aurora/gin-vue-admin/server]2026-05-11 12:15:00.048	[34minfo[0m	/mnt/d/game/hlddz/ddz/admin/server/task/cleanup_stale_rooms.go:86	开始执行清理僵尸房间任务...
[github.com/flipped-aurora/gin-vue-admin/server]2026-05-11 12:15:00.057	[34minfo[0m	/mnt/d/game/hlddz/ddz/admin/server/task/cleanup_stale_rooms.go:95	清理僵尸房间任务完成	{"duration": 0.004781062}
[github.com/flipped-aurora/gin-vue-admin/server]2026-05-11 12:20:00.105	[34minfo[0m	/mnt/d/game/hlddz/ddz/admin/server/task/cleanup_stale_rooms.go:86	开始执行清理僵尸房间任务...
[github.com/flipped-aurora/gin-vue-admin/server]2026-05-11 12:20:00.116	[34minfo[0m	/mnt/d/game/hlddz/ddz/admin/server/task/cleanup_stale_rooms.go:95	清理僵尸房间任务完成	{"duration": 0.005886199}
[github.com/flipped-aurora/gin-vue-admin/server]2026-05-11 12:21:44.869	[34minfo[0m	/mnt/d/game/hlddz/ddz/admin/server/core/server_run.go:48	关闭WEB服务...
[github.com/flipped-aurora/gin-vue-admin/server]2026-05-11 12:21:44.871	[34minfo[0m	/mnt/d/game/hlddz/ddz/admin/server/core/server_run.go:59	WEB服务已关闭
[github.com/flipped-aurora/gin-vue-admin/server]2026-05-11 12:21:53.373	[34minfo[0m	/mnt/d/game/hlddz/ddz/admin/server/initialize/gorm.go:79	register table success
[github.com/flipped-aurora/gin-vue-admin/server]2026-05-11 12:21:53.378	[34minfo[0m	/mnt/d/game/hlddz/ddz/admin/server/initialize/redis.go:35	redis connect ping response:	{"name": "", "pong": "PONG"}
[github.com/flipped-aurora/gin-vue-admin/server]2026-05-11 12:21:53.381	[34minfo[0m	/mnt/d/game/hlddz/ddz/admin/server/initialize/router.go:61	register swagger handler
[github.com/flipped-aurora/gin-vue-admin/server]2026-05-11 12:21:53.399	[34minfo[0m	/mnt/d/game/hlddz/ddz/admin/server/initialize/router.go:111	router register success
[github.com/flipped-aurora/gin-vue-admin/server]2026-05-11 12:25:00.022	[34minfo[0m	/mnt/d/game/hlddz/ddz/admin/server/task/cleanup_stale_rooms.go:86	开始执行清理僵尸房间任务...
[github.com/flipped-aurora/gin-vue-admin/server]2026-05-11 12:25:00.031	[34minfo[0m	/mnt/d/game/hlddz/ddz/admin/server/task/cleanup_stale_rooms.go:95	清理僵尸房间任务完成	{"duration": 0.005053194}
[github.com/flipped-aurora/gin-vue-admin/server]2026-05-11 12:30:00.007	[34minfo[0m	/mnt/d/game/hlddz/ddz/admin/server/task/cleanup_stale_rooms.go:86	开始执行清理僵尸房间任务...
[github.com/flipped-aurora/gin-vue-admin/server]2026-05-11 12:30:00.035	[34minfo[0m	/mnt/d/game/hlddz/ddz/admin/server/task/cleanup_stale_rooms.go:95	清理僵尸房间任务完成	{"duration": 0.02068501}
[github.com/flipped-aurora/gin-vue-admin/server]2026-05-11 12:35:00.027	[34minfo[0m	/mnt/d/game/hlddz/ddz/admin/server/task/cleanup_stale_rooms.go:86	开始执行清理僵尸房间任务...
[github.com/flipped-aurora/gin-vue-admin/server]2026-05-11 12:35:00.037	[34minfo[0m	/mnt/d/game/hlddz/ddz/admin/server/task/cleanup_stale_rooms.go:95	清理僵尸房间任务完成	{"duration": 0.005028601}
[github.com/flipped-aurora/gin-vue-admin/server]2026-05-11 12:40:00.004	[34minfo[0m	/mnt/d/game/hlddz/ddz/admin/server/task/cleanup_stale_rooms.go:86	开始执行清理僵尸房间任务...
[github.com/flipped-aurora/gin-vue-admin/server]2026-05-11 12:40:00.013	[34minfo[0m	/mnt/d/game/hlddz/ddz/admin/server/task/cleanup_stale_rooms.go:95	清理僵尸房间任务完成	{"duration": 0.005396212}
[github.com/flipped-aurora/gin-vue-admin/server]2026-05-11 12:45:00.019	[34minfo[0m	/mnt/d/game/hlddz/ddz/admin/server/task/cleanup_stale_rooms.go:86	开始执行清理僵尸房间任务...
[github.com/flipped-aurora/gin-vue-admin/server]2026-05-11 12:45:00.031	[34minfo[0m	/mnt/d/game/hlddz/ddz/admin/server/task/cleanup_stale_rooms.go:95	清理僵尸房间任务完成	{"duration": 0.004451215}
[github.com/flipped-aurora/gin-vue-admin/server]2026-05-11 12:50:00.003	[34minfo[0m	/mnt/d/game/hlddz/ddz/admin/server/task/cleanup_stale_rooms.go:86	开始执行清理僵尸房间任务...
[github.com/flipped-aurora/gin-vue-admin/server]2026-05-11 12:50:00.014	[34minfo[0m	/mnt/d/game/hlddz/ddz/admin/server/task/cleanup_stale_rooms.go:95	清理僵尸房间任务完成	{"duration": 0.005134027}
[github.com/flipped-aurora/gin-vue-admin/server]2026-05-11 12:55:00.014	[34minfo[0m	/mnt/d/game/hlddz/ddz/admin/server/task/cleanup_stale_rooms.go:86	开始执行清理僵尸房间任务...
[github.com/flipped-aurora/gin-vue-admin/server]2026-05-11 12:55:00.029	[34minfo[0m	/mnt/d/game/hlddz/ddz/admin/server/task/cleanup_stale_rooms.go:95	清理僵尸房间任务完成	{"duration": 0.007908168}
[github.com/flipped-aurora/gin-vue-admin/server]2026-05-11 13:00:00.010	[34minfo[0m	/mnt/d/game/hlddz/ddz/admin/server/task/cleanup_stale_rooms.go:86	开始执行清理僵尸房间任务...
[github.com/flipped-aurora/gin-vue-admin/server]2026-05-11 13:00:00.030	[34minfo[0m	/mnt/d/game/hlddz/ddz/admin/server/task/cleanup_stale_rooms.go:95	清理僵尸房间任务完成	{"duration": 0.007200878}
[github.com/flipped-aurora/gin-vue-admin/server]2026-05-11 13:05:00.014	[34minfo[0m	/mnt/d/game/hlddz/ddz/admin/server/task/cleanup_stale_rooms.go:86	开始执行清理僵尸房间任务...
[github.com/flipped-aurora/gin-vue-admin/server]2026-05-11 13:05:00.034	[34minfo[0m	/mnt/d/game/hlddz/ddz/admin/server/task/cleanup_stale_rooms.go:95	清理僵尸房间任务完成	{"duration": 0.004027195}
[github.com/flipped-aurora/gin-vue-admin/server]2026-05-11 13:10:00.033	[34minfo[0m	/mnt/d/game/hlddz/ddz/admin/server/task/cleanup_stale_rooms.go:86	开始执行清理僵尸房间任务...
[github.com/flipped-aurora/gin-vue-admin/server]2026-05-11 13:10:00.055	[34minfo[0m	/mnt/d/game/hlddz/ddz/admin/server/task/cleanup_stale_rooms.go:95	清理僵尸房间任务完成	{"duration": 0.009824829}
[github.com/flipped-aurora/gin-vue-admin/server]2026-05-11 13:15:00.001	[34minfo[0m	/mnt/d/game/hlddz/ddz/admin/server/task/cleanup_stale_rooms.go:86	开始执行清理僵尸房间任务...
[github.com/flipped-aurora/gin-vue-admin/server]2026-05-11 13:15:00.017	[34minfo[0m	/mnt/d/game/hlddz/ddz/admin/server/task/cleanup_stale_rooms.go:95	清理僵尸房间任务完成	{"duration": 0.007709622}
[github.com/flipped-aurora/gin-vue-admin/server]2026-05-11 13:20:00.019	[34minfo[0m	/mnt/d/game/hlddz/ddz/admin/server/task/cleanup_stale_rooms.go:86	开始执行清理僵尸房间任务...
[github.com/flipped-aurora/gin-vue-admin/server]2026-05-11 13:20:00.036	[34minfo[0m	/mnt/d/game/hlddz/ddz/admin/server/task/cleanup_stale_rooms.go:95	清理僵尸房间任务完成	{"duration": 0.007385486}
[github.com/flipped-aurora/gin-vue-admin/server]2026-05-11 13:25:00.001	[34minfo[0m	/mnt/d/game/hlddz/ddz/admin/server/task/cleanup_stale_rooms.go:86	开始执行清理僵尸房间任务...
[github.com/flipped-aurora/gin-vue-admin/server]2026-05-11 13:25:00.014	[34minfo[0m	/mnt/d/game/hlddz/ddz/admin/server/task/cleanup_stale_rooms.go:95	清理僵尸房间任务完成	{"duration": 0.008555793}
[github.com/flipped-aurora/gin-vue-admin/server]2026-05-11 13:30:00.018	[34minfo[0m	/mnt/d/game/hlddz/ddz/admin/server/task/cleanup_stale_rooms.go:86	开始执行清理僵尸房间任务...
[github.com/flipped-aurora/gin-vue-admin/server]2026-05-11 13:30:00.034	[34minfo[0m	/mnt/d/game/hlddz/ddz/admin/server/task/cleanup_stale_rooms.go:95	清理僵尸房间任务完成	{"duration": 0.010364319}
[github.com/flipped-aurora/gin-vue-admin/server]2026-05-11 13:35:00.014	[34minfo[0m	/mnt/d/game/hlddz/ddz/admin/server/task/cleanup_stale_rooms.go:86	开始执行清理僵尸房间任务...
[github.com/flipped-aurora/gin-vue-admin/server]2026-05-11 13:35:00.031	[34minfo[0m	/mnt/d/game/hlddz/ddz/admin/server/task/cleanup_stale_rooms.go:95	清理僵尸房间任务完成	{"duration": 0.005799069}
[github.com/flipped-aurora/gin-vue-admin/server]2026-05-11 13:40:00.099	[34minfo[0m	/mnt/d/game/hlddz/ddz/admin/server/task/cleanup_stale_rooms.go:86	开始执行清理僵尸房间任务...
[github.com/flipped-aurora/gin-vue-admin/server]2026-05-11 13:40:00.109	[34minfo[0m	/mnt/d/game/hlddz/ddz/admin/server/task/cleanup_stale_rooms.go:95	清理僵尸房间任务完成	{"duration": 0.005952884}
[github.com/flipped-aurora/gin-vue-admin/server]2026-05-11 13:45:00.012	[34minfo[0m	/mnt/d/game/hlddz/ddz/admin/server/task/cleanup_stale_rooms.go:86	开始执行清理僵尸房间任务...
[github.com/flipped-aurora/gin-vue-admin/server]2026-05-11 13:45:00.023	[34minfo[0m	/mnt/d/game/hlddz/ddz/admin/server/task/cleanup_stale_rooms.go:95	清理僵尸房间任务完成	{"duration": 0.005585106}
[github.com/flipped-aurora/gin-vue-admin/server]2026-05-11 13:50:00.006	[34minfo[0m	/mnt/d/game/hlddz/ddz/admin/server/task/cleanup_stale_rooms.go:86	开始执行清理僵尸房间任务...
[github.com/flipped-aurora/gin-vue-admin/server]2026-05-11 13:50:00.016	[34minfo[0m	/mnt/d/game/hlddz/ddz/admin/server/task/cleanup_stale_rooms.go:95	清理僵尸房间任务完成	{"duration": 0.00591211}
[github.com/flipped-aurora/gin-vue-admin/server]2026-05-11 13:55:00.002	[34minfo[0m	/mnt/d/game/hlddz/ddz/admin/server/task/cleanup_stale_rooms.go:86	开始执行清理僵尸房间任务...
[github.com/flipped-aurora/gin-vue-admin/server]2026-05-11 13:55:00.014	[34minfo[0m	/mnt/d/game/hlddz/ddz/admin/server/task/cleanup_stale_rooms.go:95	清理僵尸房间任务完成	{"duration": 0.007146504}
[github.com/flipped-aurora/gin-vue-admin/server]2026-05-11 14:00:00.005	[34minfo[0m	/mnt/d/game/hlddz/ddz/admin/server/task/cleanup_stale_rooms.go:86	开始执行清理僵尸房间任务...
[github.com/flipped-aurora/gin-vue-admin/server]2026-05-11 14:00:00.014	[34minfo[0m	/mnt/d/game/hlddz/ddz/admin/server/task/cleanup_stale_rooms.go:95	清理僵尸房间任务完成	{"duration": 0.004594927}
[github.com/flipped-aurora/gin-vue-admin/server]2026-05-11 14:05:00.018	[34minfo[0m	/mnt/d/game/hlddz/ddz/admin/server/task/cleanup_stale_rooms.go:86	开始执行清理僵尸房间任务...
[github.com/flipped-aurora/gin-vue-admin/server]2026-05-11 14:05:00.037	[34minfo[0m	/mnt/d/game/hlddz/ddz/admin/server/task/cleanup_stale_rooms.go:95	清理僵尸房间任务完成	{"duration": 0.007118054}
[github.com/flipped-aurora/gin-vue-admin/server]2026-05-11 14:10:00.008	[34minfo[0m	/mnt/d/game/hlddz/ddz/admin/server/task/cleanup_stale_rooms.go:86	开始执行清理僵尸房间任务...
[github.com/flipped-aurora/gin-vue-admin/server]2026-05-11 14:10:00.034	[34minfo[0m	/mnt/d/game/hlddz/ddz/admin/server/task/cleanup_stale_rooms.go:95	清理僵尸房间任务完成	{"duration": 0.011089962}
[github.com/flipped-aurora/gin-vue-admin/server]2026-05-11 14:15:00.022	[34minfo[0m	/mnt/d/game/hlddz/ddz/admin/server/task/cleanup_stale_rooms.go:86	开始执行清理僵尸房间任务...
[github.com/flipped-aurora/gin-vue-admin/server]2026-05-11 14:15:00.043	[34minfo[0m	/mnt/d/game/hlddz/ddz/admin/server/task/cleanup_stale_rooms.go:95	清理僵尸房间任务完成	{"duration": 0.004740253}
[github.com/flipped-aurora/gin-vue-admin/server]2026-05-11 14:20:00.003	[34minfo[0m	/mnt/d/game/hlddz/ddz/admin/server/task/cleanup_stale_rooms.go:86	开始执行清理僵尸房间任务...
[github.com/flipped-aurora/gin-vue-admin/server]2026-05-11 14:20:00.011	[34minfo[0m	/mnt/d/game/hlddz/ddz/admin/server/task/cleanup_stale_rooms.go:95	清理僵尸房间任务完成	{"duration": 0.004850658}
[github.com/flipped-aurora/gin-vue-admin/server]2026-05-11 14:25:00.077	[34minfo[0m	/mnt/d/game/hlddz/ddz/admin/server/task/cleanup_stale_rooms.go:86	开始执行清理僵尸房间任务...
[github.com/flipped-aurora/gin-vue-admin/server]2026-05-11 14:25:00.098	[34minfo[0m	/mnt/d/game/hlddz/ddz/admin/server/task/cleanup_stale_rooms.go:95	清理僵尸房间任务完成	{"duration": 0.015878007}
[github.com/flipped-aurora/gin-vue-admin/server]2026-05-11 14:30:00.054	[34minfo[0m	/mnt/d/game/hlddz/ddz/admin/server/task/cleanup_stale_rooms.go:86	开始执行清理僵尸房间任务...
[github.com/flipped-aurora/gin-vue-admin/server]2026-05-11 14:30:00.068	[34minfo[0m	/mnt/d/game/hlddz/ddz/admin/server/task/cleanup_stale_rooms.go:95	清理僵尸房间任务完成	{"duration": 0.004912263}
[github.com/flipped-aurora/gin-vue-admin/server]2026-05-11 14:35:00.001	[34minfo[0m	/mnt/d/game/hlddz/ddz/admin/server/task/cleanup_stale_rooms.go:86	开始执行清理僵尸房间任务...
[github.com/flipped-aurora/gin-vue-admin/server]2026-05-11 14:35:00.015	[34minfo[0m	/mnt/d/game/hlddz/ddz/admin/server/task/cleanup_stale_rooms.go:95	清理僵尸房间任务完成	{"duration": 0.006391582}
[github.com/flipped-aurora/gin-vue-admin/server]2026-05-11 14:40:00.023	[34minfo[0m	/mnt/d/game/hlddz/ddz/admin/server/task/cleanup_stale_rooms.go:86	开始执行清理僵尸房间任务...
[github.com/flipped-aurora/gin-vue-admin/server]2026-05-11 14:40:00.038	[34minfo[0m	/mnt/d/game/hlddz/ddz/admin/server/task/cleanup_stale_rooms.go:95	清理僵尸房间任务完成	{"duration": 0.009578463}
[github.com/flipped-aurora/gin-vue-admin/server]2026-05-11 14:45:00.013	[34minfo[0m	/mnt/d/game/hlddz/ddz/admin/server/task/cleanup_stale_rooms.go:86	开始执行清理僵尸房间任务...
[github.com/flipped-aurora/gin-vue-admin/server]2026-05-11 14:45:00.022	[34minfo[0m	/mnt/d/game/hlddz/ddz/admin/server/task/cleanup_stale_rooms.go:95	清理僵尸房间任务完成	{"duration": 0.003950367}
[github.com/flipped-aurora/gin-vue-admin/server]2026-05-11 14:50:00.002	[34minfo[0m	/mnt/d/game/hlddz/ddz/admin/server/task/cleanup_stale_rooms.go:86	开始执行清理僵尸房间任务...
[github.com/flipped-aurora/gin-vue-admin/server]2026-05-11 14:50:00.011	[34minfo[0m	/mnt/d/game/hlddz/ddz/admin/server/task/cleanup_stale_rooms.go:95	清理僵尸房间任务完成	{"duration": 0.005422882}
[github.com/flipped-aurora/gin-vue-admin/server]2026-05-11 14:55:00.013	[34minfo[0m	/mnt/d/game/hlddz/ddz/admin/server/task/cleanup_stale_rooms.go:86	开始执行清理僵尸房间任务...
[github.com/flipped-aurora/gin-vue-admin/server]2026-05-11 14:55:00.031	[34minfo[0m	/mnt/d/game/hlddz/ddz/admin/server/task/cleanup_stale_rooms.go:95	清理僵尸房间任务完成	{"duration": 0.012126417}
[github.com/flipped-aurora/gin-vue-admin/server]2026-05-11 15:00:00.002	[34minfo[0m	/mnt/d/game/hlddz/ddz/admin/server/task/cleanup_stale_rooms.go:86	开始执行清理僵尸房间任务...
[github.com/flipped-aurora/gin-vue-admin/server]2026-05-11 15:00:00.020	[34minfo[0m	/mnt/d/game/hlddz/ddz/admin/server/task/cleanup_stale_rooms.go:95	清理僵尸房间任务完成	{"duration": 0.012773771}
