[github.com/flipped-aurora/gin-vue-admin/server]2026-05-04 07:15:16.820	[31merror[0m	/mnt/d/game/hlddz/ddz/admin/server/api/v1/system/sys_user.go:68	登陆失败! 用户名不存在或者密码错误!	{"error": "密码错误"}
github.com/flipped-aurora/gin-vue-admin/server/api/v1/system.(*BaseApi).Login
	/mnt/d/game/hlddz/ddz/admin/server/api/v1/system/sys_user.go:68
github.com/gin-gonic/gin.(*Context).Next
	/home/adminis/go/pkg/mod/github.com/gin-gonic/gin@v1.10.0/context.go:185
github.com/gin-gonic/gin.LoggerWithConfig.func1
	/home/adminis/go/pkg/mod/github.com/gin-gonic/gin@v1.10.0/logger.go:249
github.com/gin-gonic/gin.(*Context).Next
	/home/adminis/go/pkg/mod/github.com/gin-gonic/gin@v1.10.0/context.go:185
github.com/flipped-aurora/gin-vue-admin/server/initialize.Routers.GinRecovery.func2
	/mnt/d/game/hlddz/ddz/admin/server/middleware/error.go:78
github.com/gin-gonic/gin.(*Context).Next
	/home/adminis/go/pkg/mod/github.com/gin-gonic/gin@v1.10.0/context.go:185
github.com/gin-gonic/gin.(*Engine).handleHTTPRequest
	/home/adminis/go/pkg/mod/github.com/gin-gonic/gin@v1.10.0/gin.go:633
github.com/gin-gonic/gin.(*Engine).ServeHTTP
	/home/adminis/go/pkg/mod/github.com/gin-gonic/gin@v1.10.0/gin.go:589
net/http.serverHandler.ServeHTTP
	/home/adminis/go/pkg/mod/golang.org/toolchain@v0.0.1-go1.24.2.linux-amd64/src/net/http/server.go:3301
net/http.(*conn).serve
	/home/adminis/go/pkg/mod/golang.org/toolchain@v0.0.1-go1.24.2.linux-amd64/src/net/http/server.go:2102
[github.com/flipped-aurora/gin-vue-admin/server]2026-05-04 07:15:38.899	[31merror[0m	/mnt/d/game/hlddz/ddz/admin/server/api/v1/system/sys_user.go:68	登陆失败! 用户名不存在或者密码错误!	{"error": "密码错误"}
github.com/flipped-aurora/gin-vue-admin/server/api/v1/system.(*BaseApi).Login
	/mnt/d/game/hlddz/ddz/admin/server/api/v1/system/sys_user.go:68
github.com/gin-gonic/gin.(*Context).Next
	/home/adminis/go/pkg/mod/github.com/gin-gonic/gin@v1.10.0/context.go:185
github.com/gin-gonic/gin.LoggerWithConfig.func1
	/home/adminis/go/pkg/mod/github.com/gin-gonic/gin@v1.10.0/logger.go:249
github.com/gin-gonic/gin.(*Context).Next
	/home/adminis/go/pkg/mod/github.com/gin-gonic/gin@v1.10.0/context.go:185
github.com/flipped-aurora/gin-vue-admin/server/initialize.Routers.GinRecovery.func2
	/mnt/d/game/hlddz/ddz/admin/server/middleware/error.go:78
github.com/gin-gonic/gin.(*Context).Next
	/home/adminis/go/pkg/mod/github.com/gin-gonic/gin@v1.10.0/context.go:185
github.com/gin-gonic/gin.(*Engine).handleHTTPRequest
	/home/adminis/go/pkg/mod/github.com/gin-gonic/gin@v1.10.0/gin.go:633
github.com/gin-gonic/gin.(*Engine).ServeHTTP
	/home/adminis/go/pkg/mod/github.com/gin-gonic/gin@v1.10.0/gin.go:589
net/http.serverHandler.ServeHTTP
	/home/adminis/go/pkg/mod/golang.org/toolchain@v0.0.1-go1.24.2.linux-amd64/src/net/http/server.go:3301
net/http.(*conn).serve
	/home/adminis/go/pkg/mod/golang.org/toolchain@v0.0.1-go1.24.2.linux-amd64/src/net/http/server.go:2102
[github.com/flipped-aurora/gin-vue-admin/server]2026-05-04 12:57:19.335	[31merror[0m	/mnt/d/game/hlddz/ddz/admin/server/api/v1/ddz/order.go:41	获取奖励订单列表失败!	{"error": "Error 1054 (42S22): Unknown column 'ddz_reward_orders.deleted_at' in 'where clause'"}
github.com/flipped-aurora/gin-vue-admin/server/api/v1/ddz.(*DDZOrderApi).GetRewardOrderList
	/mnt/d/game/hlddz/ddz/admin/server/api/v1/ddz/order.go:41
github.com/gin-gonic/gin.(*Context).Next
	/home/adminis/go/pkg/mod/github.com/gin-gonic/gin@v1.10.0/context.go:185
github.com/flipped-aurora/gin-vue-admin/server/initialize.Routers.CasbinHandler.func4
	/mnt/d/game/hlddz/ddz/admin/server/middleware/casbin_rbac.go:30
github.com/gin-gonic/gin.(*Context).Next
	/home/adminis/go/pkg/mod/github.com/gin-gonic/gin@v1.10.0/context.go:185
github.com/flipped-aurora/gin-vue-admin/server/initialize.Routers.JWTAuth.func3
	/mnt/d/game/hlddz/ddz/admin/server/middleware/jwt.go:69
github.com/gin-gonic/gin.(*Context).Next
	/home/adminis/go/pkg/mod/github.com/gin-gonic/gin@v1.10.0/context.go:185
github.com/gin-gonic/gin.LoggerWithConfig.func1
	/home/adminis/go/pkg/mod/github.com/gin-gonic/gin@v1.10.0/logger.go:249
github.com/gin-gonic/gin.(*Context).Next
	/home/adminis/go/pkg/mod/github.com/gin-gonic/gin@v1.10.0/context.go:185
github.com/flipped-aurora/gin-vue-admin/server/initialize.Routers.GinRecovery.func2
	/mnt/d/game/hlddz/ddz/admin/server/middleware/error.go:78
github.com/gin-gonic/gin.(*Context).Next
	/home/adminis/go/pkg/mod/github.com/gin-gonic/gin@v1.10.0/context.go:185
github.com/gin-gonic/gin.(*Engine).handleHTTPRequest
	/home/adminis/go/pkg/mod/github.com/gin-gonic/gin@v1.10.0/gin.go:633
github.com/gin-gonic/gin.(*Engine).ServeHTTP
	/home/adminis/go/pkg/mod/github.com/gin-gonic/gin@v1.10.0/gin.go:589
net/http.serverHandler.ServeHTTP
	/home/adminis/go/pkg/mod/golang.org/toolchain@v0.0.1-go1.24.2.linux-amd64/src/net/http/server.go:3301
net/http.(*conn).serve
	/home/adminis/go/pkg/mod/golang.org/toolchain@v0.0.1-go1.24.2.linux-amd64/src/net/http/server.go:2102
[github.com/flipped-aurora/gin-vue-admin/server]2026-05-04 12:57:24.650	[31merror[0m	/mnt/d/game/hlddz/ddz/admin/server/api/v1/ddz/order.go:41	获取奖励订单列表失败!	{"error": "Error 1054 (42S22): Unknown column 'ddz_reward_orders.deleted_at' in 'where clause'"}
github.com/flipped-aurora/gin-vue-admin/server/api/v1/ddz.(*DDZOrderApi).GetRewardOrderList
	/mnt/d/game/hlddz/ddz/admin/server/api/v1/ddz/order.go:41
github.com/gin-gonic/gin.(*Context).Next
	/home/adminis/go/pkg/mod/github.com/gin-gonic/gin@v1.10.0/context.go:185
github.com/flipped-aurora/gin-vue-admin/server/initialize.Routers.CasbinHandler.func4
	/mnt/d/game/hlddz/ddz/admin/server/middleware/casbin_rbac.go:30
github.com/gin-gonic/gin.(*Context).Next
	/home/adminis/go/pkg/mod/github.com/gin-gonic/gin@v1.10.0/context.go:185
github.com/flipped-aurora/gin-vue-admin/server/initialize.Routers.JWTAuth.func3
	/mnt/d/game/hlddz/ddz/admin/server/middleware/jwt.go:69
github.com/gin-gonic/gin.(*Context).Next
	/home/adminis/go/pkg/mod/github.com/gin-gonic/gin@v1.10.0/context.go:185
github.com/gin-gonic/gin.LoggerWithConfig.func1
	/home/adminis/go/pkg/mod/github.com/gin-gonic/gin@v1.10.0/logger.go:249
github.com/gin-gonic/gin.(*Context).Next
	/home/adminis/go/pkg/mod/github.com/gin-gonic/gin@v1.10.0/context.go:185
github.com/flipped-aurora/gin-vue-admin/server/initialize.Routers.GinRecovery.func2
	/mnt/d/game/hlddz/ddz/admin/server/middleware/error.go:78
github.com/gin-gonic/gin.(*Context).Next
	/home/adminis/go/pkg/mod/github.com/gin-gonic/gin@v1.10.0/context.go:185
github.com/gin-gonic/gin.(*Engine).handleHTTPRequest
	/home/adminis/go/pkg/mod/github.com/gin-gonic/gin@v1.10.0/gin.go:633
github.com/gin-gonic/gin.(*Engine).ServeHTTP
	/home/adminis/go/pkg/mod/github.com/gin-gonic/gin@v1.10.0/gin.go:589
net/http.serverHandler.ServeHTTP
	/home/adminis/go/pkg/mod/golang.org/toolchain@v0.0.1-go1.24.2.linux-amd64/src/net/http/server.go:3301
net/http.(*conn).serve
	/home/adminis/go/pkg/mod/golang.org/toolchain@v0.0.1-go1.24.2.linux-amd64/src/net/http/server.go:2102
[github.com/flipped-aurora/gin-vue-admin/server]2026-05-04 13:12:50.200	[31merror[0m	/mnt/d/game/hlddz/ddz/admin/server/api/v1/ddz/config.go:176	获取房间选项失败!	{"error": "Error 1146 (42S02): Table 'ddz_game.ddz_room_configs' doesn't exist"}
github.com/flipped-aurora/gin-vue-admin/server/api/v1/ddz.(*DDZConfigApi).GetRoomOptions
	/mnt/d/game/hlddz/ddz/admin/server/api/v1/ddz/config.go:176
github.com/gin-gonic/gin.(*Context).Next
	/home/adminis/go/pkg/mod/github.com/gin-gonic/gin@v1.10.0/context.go:185
github.com/flipped-aurora/gin-vue-admin/server/initialize.Routers.CasbinHandler.func4
	/mnt/d/game/hlddz/ddz/admin/server/middleware/casbin_rbac.go:30
github.com/gin-gonic/gin.(*Context).Next
	/home/adminis/go/pkg/mod/github.com/gin-gonic/gin@v1.10.0/context.go:185
github.com/flipped-aurora/gin-vue-admin/server/initialize.Routers.JWTAuth.func3
	/mnt/d/game/hlddz/ddz/admin/server/middleware/jwt.go:69
github.com/gin-gonic/gin.(*Context).Next
	/home/adminis/go/pkg/mod/github.com/gin-gonic/gin@v1.10.0/context.go:185
github.com/gin-gonic/gin.LoggerWithConfig.func1
	/home/adminis/go/pkg/mod/github.com/gin-gonic/gin@v1.10.0/logger.go:249
github.com/gin-gonic/gin.(*Context).Next
	/home/adminis/go/pkg/mod/github.com/gin-gonic/gin@v1.10.0/context.go:185
github.com/flipped-aurora/gin-vue-admin/server/initialize.Routers.GinRecovery.func2
	/mnt/d/game/hlddz/ddz/admin/server/middleware/error.go:78
github.com/gin-gonic/gin.(*Context).Next
	/home/adminis/go/pkg/mod/github.com/gin-gonic/gin@v1.10.0/context.go:185
github.com/gin-gonic/gin.(*Engine).handleHTTPRequest
	/home/adminis/go/pkg/mod/github.com/gin-gonic/gin@v1.10.0/gin.go:633
github.com/gin-gonic/gin.(*Engine).ServeHTTP
	/home/adminis/go/pkg/mod/github.com/gin-gonic/gin@v1.10.0/gin.go:589
net/http.serverHandler.ServeHTTP
	/home/adminis/go/pkg/mod/golang.org/toolchain@v0.0.1-go1.24.2.linux-amd64/src/net/http/server.go:3301
net/http.(*conn).serve
	/home/adminis/go/pkg/mod/golang.org/toolchain@v0.0.1-go1.24.2.linux-amd64/src/net/http/server.go:2102
[github.com/flipped-aurora/gin-vue-admin/server]2026-05-04 13:14:39.663	[31merror[0m	/mnt/d/game/hlddz/ddz/admin/server/api/v1/ddz/config.go:176	获取房间选项失败!	{"error": "Error 1146 (42S02): Table 'ddz_game.ddz_room_configs' doesn't exist"}
github.com/flipped-aurora/gin-vue-admin/server/api/v1/ddz.(*DDZConfigApi).GetRoomOptions
	/mnt/d/game/hlddz/ddz/admin/server/api/v1/ddz/config.go:176
github.com/gin-gonic/gin.(*Context).Next
	/home/adminis/go/pkg/mod/github.com/gin-gonic/gin@v1.10.0/context.go:185
github.com/flipped-aurora/gin-vue-admin/server/initialize.Routers.CasbinHandler.func4
	/mnt/d/game/hlddz/ddz/admin/server/middleware/casbin_rbac.go:30
github.com/gin-gonic/gin.(*Context).Next
	/home/adminis/go/pkg/mod/github.com/gin-gonic/gin@v1.10.0/context.go:185
github.com/flipped-aurora/gin-vue-admin/server/initialize.Routers.JWTAuth.func3
	/mnt/d/game/hlddz/ddz/admin/server/middleware/jwt.go:69
github.com/gin-gonic/gin.(*Context).Next
	/home/adminis/go/pkg/mod/github.com/gin-gonic/gin@v1.10.0/context.go:185
github.com/gin-gonic/gin.LoggerWithConfig.func1
	/home/adminis/go/pkg/mod/github.com/gin-gonic/gin@v1.10.0/logger.go:249
github.com/gin-gonic/gin.(*Context).Next
	/home/adminis/go/pkg/mod/github.com/gin-gonic/gin@v1.10.0/context.go:185
github.com/flipped-aurora/gin-vue-admin/server/initialize.Routers.GinRecovery.func2
	/mnt/d/game/hlddz/ddz/admin/server/middleware/error.go:78
github.com/gin-gonic/gin.(*Context).Next
	/home/adminis/go/pkg/mod/github.com/gin-gonic/gin@v1.10.0/context.go:185
github.com/gin-gonic/gin.(*Engine).handleHTTPRequest
	/home/adminis/go/pkg/mod/github.com/gin-gonic/gin@v1.10.0/gin.go:633
github.com/gin-gonic/gin.(*Engine).ServeHTTP
	/home/adminis/go/pkg/mod/github.com/gin-gonic/gin@v1.10.0/gin.go:589
net/http.serverHandler.ServeHTTP
	/home/adminis/go/pkg/mod/golang.org/toolchain@v0.0.1-go1.24.2.linux-amd64/src/net/http/server.go:3301
net/http.(*conn).serve
	/home/adminis/go/pkg/mod/golang.org/toolchain@v0.0.1-go1.24.2.linux-amd64/src/net/http/server.go:2102
[github.com/flipped-aurora/gin-vue-admin/server]2026-05-04 13:14:43.685	[31merror[0m	/mnt/d/game/hlddz/ddz/admin/server/api/v1/ddz/config.go:176	获取房间选项失败!	{"error": "Error 1146 (42S02): Table 'ddz_game.ddz_room_configs' doesn't exist"}
github.com/flipped-aurora/gin-vue-admin/server/api/v1/ddz.(*DDZConfigApi).GetRoomOptions
	/mnt/d/game/hlddz/ddz/admin/server/api/v1/ddz/config.go:176
github.com/gin-gonic/gin.(*Context).Next
	/home/adminis/go/pkg/mod/github.com/gin-gonic/gin@v1.10.0/context.go:185
github.com/flipped-aurora/gin-vue-admin/server/initialize.Routers.CasbinHandler.func4
	/mnt/d/game/hlddz/ddz/admin/server/middleware/casbin_rbac.go:30
github.com/gin-gonic/gin.(*Context).Next
	/home/adminis/go/pkg/mod/github.com/gin-gonic/gin@v1.10.0/context.go:185
github.com/flipped-aurora/gin-vue-admin/server/initialize.Routers.JWTAuth.func3
	/mnt/d/game/hlddz/ddz/admin/server/middleware/jwt.go:69
github.com/gin-gonic/gin.(*Context).Next
	/home/adminis/go/pkg/mod/github.com/gin-gonic/gin@v1.10.0/context.go:185
github.com/gin-gonic/gin.LoggerWithConfig.func1
	/home/adminis/go/pkg/mod/github.com/gin-gonic/gin@v1.10.0/logger.go:249
github.com/gin-gonic/gin.(*Context).Next
	/home/adminis/go/pkg/mod/github.com/gin-gonic/gin@v1.10.0/context.go:185
github.com/flipped-aurora/gin-vue-admin/server/initialize.Routers.GinRecovery.func2
	/mnt/d/game/hlddz/ddz/admin/server/middleware/error.go:78
github.com/gin-gonic/gin.(*Context).Next
	/home/adminis/go/pkg/mod/github.com/gin-gonic/gin@v1.10.0/context.go:185
github.com/gin-gonic/gin.(*Engine).handleHTTPRequest
	/home/adminis/go/pkg/mod/github.com/gin-gonic/gin@v1.10.0/gin.go:633
github.com/gin-gonic/gin.(*Engine).ServeHTTP
	/home/adminis/go/pkg/mod/github.com/gin-gonic/gin@v1.10.0/gin.go:589
net/http.serverHandler.ServeHTTP
	/home/adminis/go/pkg/mod/golang.org/toolchain@v0.0.1-go1.24.2.linux-amd64/src/net/http/server.go:3301
net/http.(*conn).serve
	/home/adminis/go/pkg/mod/golang.org/toolchain@v0.0.1-go1.24.2.linux-amd64/src/net/http/server.go:2102
[github.com/flipped-aurora/gin-vue-admin/server]2026-05-04 13:15:08.773	[31merror[0m	/mnt/d/game/hlddz/ddz/admin/server/api/v1/ddz/config.go:176	获取房间选项失败!	{"error": "Error 1146 (42S02): Table 'ddz_game.ddz_room_configs' doesn't exist"}
github.com/flipped-aurora/gin-vue-admin/server/api/v1/ddz.(*DDZConfigApi).GetRoomOptions
	/mnt/d/game/hlddz/ddz/admin/server/api/v1/ddz/config.go:176
github.com/gin-gonic/gin.(*Context).Next
	/home/adminis/go/pkg/mod/github.com/gin-gonic/gin@v1.10.0/context.go:185
github.com/flipped-aurora/gin-vue-admin/server/initialize.Routers.CasbinHandler.func4
	/mnt/d/game/hlddz/ddz/admin/server/middleware/casbin_rbac.go:30
github.com/gin-gonic/gin.(*Context).Next
	/home/adminis/go/pkg/mod/github.com/gin-gonic/gin@v1.10.0/context.go:185
github.com/flipped-aurora/gin-vue-admin/server/initialize.Routers.JWTAuth.func3
	/mnt/d/game/hlddz/ddz/admin/server/middleware/jwt.go:69
github.com/gin-gonic/gin.(*Context).Next
	/home/adminis/go/pkg/mod/github.com/gin-gonic/gin@v1.10.0/context.go:185
github.com/gin-gonic/gin.LoggerWithConfig.func1
	/home/adminis/go/pkg/mod/github.com/gin-gonic/gin@v1.10.0/logger.go:249
github.com/gin-gonic/gin.(*Context).Next
	/home/adminis/go/pkg/mod/github.com/gin-gonic/gin@v1.10.0/context.go:185
github.com/flipped-aurora/gin-vue-admin/server/initialize.Routers.GinRecovery.func2
	/mnt/d/game/hlddz/ddz/admin/server/middleware/error.go:78
github.com/gin-gonic/gin.(*Context).Next
	/home/adminis/go/pkg/mod/github.com/gin-gonic/gin@v1.10.0/context.go:185
github.com/gin-gonic/gin.(*Engine).handleHTTPRequest
	/home/adminis/go/pkg/mod/github.com/gin-gonic/gin@v1.10.0/gin.go:633
github.com/gin-gonic/gin.(*Engine).ServeHTTP
	/home/adminis/go/pkg/mod/github.com/gin-gonic/gin@v1.10.0/gin.go:589
net/http.serverHandler.ServeHTTP
	/home/adminis/go/pkg/mod/golang.org/toolchain@v0.0.1-go1.24.2.linux-amd64/src/net/http/server.go:3301
net/http.(*conn).serve
	/home/adminis/go/pkg/mod/golang.org/toolchain@v0.0.1-go1.24.2.linux-amd64/src/net/http/server.go:2102
[github.com/flipped-aurora/gin-vue-admin/server]2026-05-04 13:15:19.482	[31merror[0m	/mnt/d/game/hlddz/ddz/admin/server/api/v1/ddz/config.go:176	获取房间选项失败!	{"error": "Error 1146 (42S02): Table 'ddz_game.ddz_room_configs' doesn't exist"}
github.com/flipped-aurora/gin-vue-admin/server/api/v1/ddz.(*DDZConfigApi).GetRoomOptions
	/mnt/d/game/hlddz/ddz/admin/server/api/v1/ddz/config.go:176
github.com/gin-gonic/gin.(*Context).Next
	/home/adminis/go/pkg/mod/github.com/gin-gonic/gin@v1.10.0/context.go:185
github.com/flipped-aurora/gin-vue-admin/server/initialize.Routers.CasbinHandler.func4
	/mnt/d/game/hlddz/ddz/admin/server/middleware/casbin_rbac.go:30
github.com/gin-gonic/gin.(*Context).Next
	/home/adminis/go/pkg/mod/github.com/gin-gonic/gin@v1.10.0/context.go:185
github.com/flipped-aurora/gin-vue-admin/server/initialize.Routers.JWTAuth.func3
	/mnt/d/game/hlddz/ddz/admin/server/middleware/jwt.go:69
github.com/gin-gonic/gin.(*Context).Next
	/home/adminis/go/pkg/mod/github.com/gin-gonic/gin@v1.10.0/context.go:185
github.com/gin-gonic/gin.LoggerWithConfig.func1
	/home/adminis/go/pkg/mod/github.com/gin-gonic/gin@v1.10.0/logger.go:249
github.com/gin-gonic/gin.(*Context).Next
	/home/adminis/go/pkg/mod/github.com/gin-gonic/gin@v1.10.0/context.go:185
github.com/flipped-aurora/gin-vue-admin/server/initialize.Routers.GinRecovery.func2
	/mnt/d/game/hlddz/ddz/admin/server/middleware/error.go:78
github.com/gin-gonic/gin.(*Context).Next
	/home/adminis/go/pkg/mod/github.com/gin-gonic/gin@v1.10.0/context.go:185
github.com/gin-gonic/gin.(*Engine).handleHTTPRequest
	/home/adminis/go/pkg/mod/github.com/gin-gonic/gin@v1.10.0/gin.go:633
github.com/gin-gonic/gin.(*Engine).ServeHTTP
	/home/adminis/go/pkg/mod/github.com/gin-gonic/gin@v1.10.0/gin.go:589
net/http.serverHandler.ServeHTTP
	/home/adminis/go/pkg/mod/golang.org/toolchain@v0.0.1-go1.24.2.linux-amd64/src/net/http/server.go:3301
net/http.(*conn).serve
	/home/adminis/go/pkg/mod/golang.org/toolchain@v0.0.1-go1.24.2.linux-amd64/src/net/http/server.go:2102
[github.com/flipped-aurora/gin-vue-admin/server]2026-05-04 13:48:17.494	[31merror[0m	/mnt/d/game/hlddz/ddz/admin/server/api/v1/ddz/reward.go:128	更新奖励商品失败!	{"error": "Error 1054 (42S22): Unknown column 'room_config_id' in 'field list'"}
github.com/flipped-aurora/gin-vue-admin/server/api/v1/ddz.(*DDZRewardApi).UpdateRewardGoods
	/mnt/d/game/hlddz/ddz/admin/server/api/v1/ddz/reward.go:128
github.com/gin-gonic/gin.(*Context).Next
	/home/adminis/go/pkg/mod/github.com/gin-gonic/gin@v1.10.0/context.go:185
github.com/flipped-aurora/gin-vue-admin/server/router/ddz.(*DDZRewardRouter).InitDDZRewardRouter.OperationRecord.func1
	/mnt/d/game/hlddz/ddz/admin/server/middleware/operation.go:93
github.com/gin-gonic/gin.(*Context).Next
	/home/adminis/go/pkg/mod/github.com/gin-gonic/gin@v1.10.0/context.go:185
github.com/flipped-aurora/gin-vue-admin/server/initialize.Routers.CasbinHandler.func4
	/mnt/d/game/hlddz/ddz/admin/server/middleware/casbin_rbac.go:30
github.com/gin-gonic/gin.(*Context).Next
	/home/adminis/go/pkg/mod/github.com/gin-gonic/gin@v1.10.0/context.go:185
github.com/flipped-aurora/gin-vue-admin/server/initialize.Routers.JWTAuth.func3
	/mnt/d/game/hlddz/ddz/admin/server/middleware/jwt.go:69
github.com/gin-gonic/gin.(*Context).Next
	/home/adminis/go/pkg/mod/github.com/gin-gonic/gin@v1.10.0/context.go:185
github.com/gin-gonic/gin.LoggerWithConfig.func1
	/home/adminis/go/pkg/mod/github.com/gin-gonic/gin@v1.10.0/logger.go:249
github.com/gin-gonic/gin.(*Context).Next
	/home/adminis/go/pkg/mod/github.com/gin-gonic/gin@v1.10.0/context.go:185
github.com/flipped-aurora/gin-vue-admin/server/initialize.Routers.GinRecovery.func2
	/mnt/d/game/hlddz/ddz/admin/server/middleware/error.go:78
github.com/gin-gonic/gin.(*Context).Next
	/home/adminis/go/pkg/mod/github.com/gin-gonic/gin@v1.10.0/context.go:185
github.com/gin-gonic/gin.(*Engine).handleHTTPRequest
	/home/adminis/go/pkg/mod/github.com/gin-gonic/gin@v1.10.0/gin.go:633
github.com/gin-gonic/gin.(*Engine).ServeHTTP
	/home/adminis/go/pkg/mod/github.com/gin-gonic/gin@v1.10.0/gin.go:589
net/http.serverHandler.ServeHTTP
	/home/adminis/go/pkg/mod/golang.org/toolchain@v0.0.1-go1.24.2.linux-amd64/src/net/http/server.go:3301
net/http.(*conn).serve
	/home/adminis/go/pkg/mod/golang.org/toolchain@v0.0.1-go1.24.2.linux-amd64/src/net/http/server.go:2102
